18:44:41.119  INFO  manager.ApplicationManager - Tests start with ChromeDriver
18:44:41.772  INFO  manager.ApplicationManager - The link is --> https://telranedu.web.app/home
18:44:41.793  INFO  manager.MyListener - 'Start find ' element -->By.xpath: //button[text()='Sign Out']
18:44:46.818  INFO  manager.MyListener - 'The element with locator -->By.xpath: //button[text()='Sign Out'] <-- was found
18:44:46.819  INFO  manager.MyListener - 'Start find ' element -->By.cssSelector: a[href='/login']
18:44:46.832  INFO  manager.MyListener - 'The element with locator -->By.cssSelector: a[href='/login'] <-- was found
18:44:46.886  INFO  manager.MyListener - 'Start find ' element -->By.xpath: (//input[@placeholder='Email'])[1]
18:44:46.899  INFO  manager.MyListener - 'The element with locator -->By.xpath: (//input[@placeholder='Email'])[1] <-- was found
18:44:47.088  INFO  manager.MyListener - 'Start find ' element -->By.xpath: (//input[@placeholder='Password'])[1]
18:44:47.100  INFO  manager.MyListener - 'The element with locator -->By.xpath: (//input[@placeholder='Password'])[1] <-- was found
18:44:47.183  INFO  manager.MyListener - 'Start find ' element -->By.cssSelector: button[name='login']
18:44:47.195  INFO  manager.MyListener - 'The element with locator -->By.cssSelector: button[name='login'] <-- was found
18:44:47.229  INFO  manager.MyListener - 'Start find ' element -->By.cssSelector: .contact-item_card__2SOIM
18:44:47.734  INFO  manager.MyListener - 'The element with locator -->By.cssSelector: .contact-item_card__2SOIM <-- was found
18:44:47.735  INFO  manager.MyListener - 'Start find ' element -->By.cssSelector: .contact-item_card__2SOIM
18:44:47.746  INFO  manager.MyListener - 'The element with locator -->By.cssSelector: .contact-item_card__2SOIM <-- was found
18:44:47.778  INFO  manager.MyListener - 'Start find ' element -->By.xpath: //button[text()='Remove']
18:44:47.790  INFO  manager.MyListener - 'The element with locator -->By.xpath: //button[text()='Remove'] <-- was found
18:44:48.826  INFO  manager.MyListener - 'Start find ' element -->By.cssSelector: .contact-item_card__2SOIM
18:44:48.837  INFO  manager.MyListener - 'The element with locator -->By.cssSelector: .contact-item_card__2SOIM <-- was found
18:44:48.838  INFO  manager.MyListener - 'Start find ' element -->By.cssSelector: .contact-item_card__2SOIM
18:44:48.845  INFO  manager.MyListener - 'The element with locator -->By.cssSelector: .contact-item_card__2SOIM <-- was found
18:44:48.867  INFO  manager.MyListener - 'Start find ' element -->By.xpath: //button[text()='Remove']
18:44:48.875  INFO  manager.MyListener - 'The element with locator -->By.xpath: //button[text()='Remove'] <-- was found
18:44:49.902  INFO  manager.MyListener - 'Start find ' element -->By.cssSelector: .contact-item_card__2SOIM
18:44:49.912  INFO  manager.MyListener - 'The element with locator -->By.cssSelector: .contact-item_card__2SOIM <-- was found
18:44:49.912  INFO  manager.MyListener - 'Start find ' element -->By.cssSelector: .contact-item_card__2SOIM
18:44:49.920  INFO  manager.MyListener - 'The element with locator -->By.cssSelector: .contact-item_card__2SOIM <-- was found
18:44:49.946  INFO  manager.MyListener - 'Start find ' element -->By.xpath: //button[text()='Remove']
18:44:49.954  INFO  manager.MyListener - 'The element with locator -->By.xpath: //button[text()='Remove'] <-- was found
18:44:50.983  INFO  manager.MyListener - 'Start find ' element -->By.cssSelector: .contact-item_card__2SOIM
18:44:50.994  INFO  manager.MyListener - 'The element with locator -->By.cssSelector: .contact-item_card__2SOIM <-- was found
18:44:50.995  INFO  manager.MyListener - 'Start find ' element -->By.cssSelector: .contact-item_card__2SOIM
18:44:51.003  INFO  manager.MyListener - 'The element with locator -->By.cssSelector: .contact-item_card__2SOIM <-- was found
18:44:51.047  INFO  manager.MyListener - 'Start find ' element -->By.xpath: //button[text()='Remove']
18:44:51.056  INFO  manager.MyListener - 'The element with locator -->By.xpath: //button[text()='Remove'] <-- was found
18:44:52.086  INFO  manager.MyListener - 'Start find ' element -->By.cssSelector: .contact-item_card__2SOIM
18:44:52.094  INFO  manager.MyListener - 'The element with locator -->By.cssSelector: .contact-item_card__2SOIM <-- was found
18:44:52.095  INFO  manager.MyListener - 'Start find ' element -->By.cssSelector: .contact-item_card__2SOIM
18:44:52.102  INFO  manager.MyListener - 'The element with locator -->By.cssSelector: .contact-item_card__2SOIM <-- was found
18:44:52.124  INFO  manager.MyListener - 'Start find ' element -->By.xpath: //button[text()='Remove']
18:44:52.132  INFO  manager.MyListener - 'The element with locator -->By.xpath: //button[text()='Remove'] <-- was found
18:44:53.164  INFO  manager.MyListener - 'Start find ' element -->By.cssSelector: .contact-item_card__2SOIM
18:44:53.173  INFO  manager.MyListener - 'The element with locator -->By.cssSelector: .contact-item_card__2SOIM <-- was found
18:44:53.174  INFO  manager.MyListener - 'Start find ' element -->By.cssSelector: .contact-item_card__2SOIM
18:44:53.181  INFO  manager.MyListener - 'The element with locator -->By.cssSelector: .contact-item_card__2SOIM <-- was found
18:44:53.202  INFO  manager.MyListener - 'Start find ' element -->By.xpath: //button[text()='Remove']
18:44:53.211  INFO  manager.MyListener - 'The element with locator -->By.xpath: //button[text()='Remove'] <-- was found
18:44:54.243  INFO  manager.MyListener - 'Start find ' element -->By.cssSelector: .contact-item_card__2SOIM
18:44:59.284  INFO  manager.MyListener - 'The element with locator -->By.cssSelector: .contact-item_card__2SOIM <-- was found
