15:48:03.707  INFO  manager.ApplicationManager - Tests start with ChromeDriver
15:48:04.431  INFO  manager.ApplicationManager - The link is --> https://telranedu.web.app/home
15:48:04.461  INFO  manager.MyListener - 'Start find ' element -->By.xpath: //button[text()='Sign Out']
15:48:09.497  INFO  manager.MyListener - 'The element with locator -->By.xpath: //button[text()='Sign Out'] <-- was found
15:48:09.504  INFO  tests.TestBase - Test start with email: miomi@gmail.com and password: Mmiomi12345$
15:48:09.504  INFO  manager.MyListener - 'Start find ' element -->By.cssSelector: a[href='/login']
15:48:09.518  INFO  manager.MyListener - 'The element with locator -->By.cssSelector: a[href='/login'] <-- was found
15:48:09.585  INFO  manager.MyListener - 'Start find ' element -->By.xpath: (//input[@placeholder='Email'])[1]
15:48:09.598  INFO  manager.MyListener - 'The element with locator -->By.xpath: (//input[@placeholder='Email'])[1] <-- was found
15:48:09.801  INFO  manager.MyListener - 'Start find ' element -->By.xpath: (//input[@placeholder='Password'])[1]
15:48:09.813  INFO  manager.MyListener - 'The element with locator -->By.xpath: (//input[@placeholder='Password'])[1] <-- was found
15:48:09.898  INFO  manager.MyListener - 'Start find ' element -->By.cssSelector: button[name='login']
15:48:09.910  INFO  manager.MyListener - 'The element with locator -->By.cssSelector: button[name='login'] <-- was found
15:48:09.972  INFO  manager.MyListener - 'Start find ' element -->By.xpath: //button[text()='Sign Out']
15:48:10.464  INFO  manager.MyListener - 'The element with locator -->By.xpath: //button[text()='Sign Out'] <-- was found
15:48:10.464  INFO  tests.TestBase - Test start with email: noa@gmail.com and password: Nnoa12345$
15:48:10.465  INFO  manager.MyListener - 'Start find ' element -->By.cssSelector: a[href='/login']
15:48:10.501  INFO  manager.MyListener - We have a 'throwable' -->unexpected alert open: {Alert text : Wrong email or password}
  (Session info: chrome=109.0.5414.119): Wrong email or password
Build info: version: '3.141.59', revision: 'e82be7d358', time: '2018-11-14T08:17:03'
System info: host: 'MBP-Irina', ip: '2600:4040:5f1e:f100:6468:b93b:ea88:60b2%en0', os.name: 'Mac OS X', os.arch: 'x86_64', os.version: '12.6.2', java.version: '11.0.17'
Driver info: org.openqa.selenium.chrome.ChromeDriver
Capabilities {acceptInsecureCerts: false, browserName: chrome, browserVersion: 109.0.5414.119, chrome: {chromedriverVersion: 109.0.5414.74 (e7c5703604da..., userDataDir: /var/folders/gy/c09sdzsx70q...}, goog:chromeOptions: {debuggerAddress: localhost:56344}, javascriptEnabled: true, networkConnectionEnabled: false, pageLoadStrategy: normal, platform: MAC, platformName: MAC, proxy: Proxy(), setWindowRect: true, strictFileInteractability: false, timeouts: {implicit: 0, pageLoad: 300000, script: 30000}, unhandledPromptBehavior: dismiss and notify, webauthn:extension:credBlob: true, webauthn:extension:largeBlob: true, webauthn:virtualAuthenticators: true}
Session ID: 2046b5a30999d61cf346a0cf1be05676
*** Element info: {Using=css selector, value=a[href='/login']}
15:48:10.502  INFO  manager.MyListener - We have a 'throwable' -->org.openqa.selenium.UnhandledAlertException: unexpected alert open: {Alert text : Wrong email or password}
  (Session info: chrome=109.0.5414.119): Wrong email or password
Build info: version: '3.141.59', revision: 'e82be7d358', time: '2018-11-14T08:17:03'
System info: host: 'MBP-Irina', ip: '2600:4040:5f1e:f100:6468:b93b:ea88:60b2%en0', os.name: 'Mac OS X', os.arch: 'x86_64', os.version: '12.6.2', java.version: '11.0.17'
Driver info: org.openqa.selenium.chrome.ChromeDriver
Capabilities {acceptInsecureCerts: false, browserName: chrome, browserVersion: 109.0.5414.119, chrome: {chromedriverVersion: 109.0.5414.74 (e7c5703604da..., userDataDir: /var/folders/gy/c09sdzsx70q...}, goog:chromeOptions: {debuggerAddress: localhost:56344}, javascriptEnabled: true, networkConnectionEnabled: false, pageLoadStrategy: normal, platform: MAC, platformName: MAC, proxy: Proxy(), setWindowRect: true, strictFileInteractability: false, timeouts: {implicit: 0, pageLoad: 300000, script: 30000}, unhandledPromptBehavior: dismiss and notify, webauthn:extension:credBlob: true, webauthn:extension:largeBlob: true, webauthn:virtualAuthenticators: true}
Session ID: 2046b5a30999d61cf346a0cf1be05676
*** Element info: {Using=css selector, value=a[href='/login']}
15:48:11.717  INFO  manager.MyListener - This link to screen with problem --> src/test/resources/screenshots/screen-2890.png
15:48:11.718  INFO  manager.MyListener - 'Start find ' element -->By.xpath: //button[text()='Sign Out']
15:48:16.755  INFO  manager.MyListener - 'The element with locator -->By.xpath: //button[text()='Sign Out'] <-- was found
15:48:16.764  INFO  tests.TestBase - Test start with email: zoa@gmail.com and password: Zoa12345$
15:48:16.766  INFO  manager.MyListener - 'Start find ' element -->By.cssSelector: a[href='/login']
15:48:16.796  INFO  manager.MyListener - 'The element with locator -->By.cssSelector: a[href='/login'] <-- was found
15:48:16.834  INFO  manager.MyListener - 'Start find ' element -->By.xpath: (//input[@placeholder='Email'])[1]
15:48:16.860  INFO  manager.MyListener - 'The element with locator -->By.xpath: (//input[@placeholder='Email'])[1] <-- was found
15:48:17.052  INFO  manager.MyListener - 'Start find ' element -->By.xpath: (//input[@placeholder='Password'])[1]
15:48:17.073  INFO  manager.MyListener - 'The element with locator -->By.xpath: (//input[@placeholder='Password'])[1] <-- was found
15:48:17.235  INFO  manager.MyListener - 'Start find ' element -->By.cssSelector: button[name='login']
15:48:17.256  INFO  manager.MyListener - 'The element with locator -->By.cssSelector: button[name='login'] <-- was found
15:48:17.332  INFO  manager.MyListener - 'Start find ' element -->By.xpath: //button[text()='Sign Out']
15:48:17.612  INFO  manager.MyListener - 'The element with locator -->By.xpath: //button[text()='Sign Out'] <-- was found
15:48:17.617  INFO  tests.TestBase - Test start with email: wick34@gmail.com and password: Wick12345$
15:48:17.636  INFO  manager.MyListener - 'Start find ' element -->By.cssSelector: a[href='/login']
15:48:17.647  INFO  manager.MyListener - We have a 'throwable' -->unexpected alert open: {Alert text : Wrong email or password}
  (Session info: chrome=109.0.5414.119): Wrong email or password
Build info: version: '3.141.59', revision: 'e82be7d358', time: '2018-11-14T08:17:03'
System info: host: 'MBP-Irina', ip: '2600:4040:5f1e:f100:6468:b93b:ea88:60b2%en0', os.name: 'Mac OS X', os.arch: 'x86_64', os.version: '12.6.2', java.version: '11.0.17'
Driver info: org.openqa.selenium.chrome.ChromeDriver
Capabilities {acceptInsecureCerts: false, browserName: chrome, browserVersion: 109.0.5414.119, chrome: {chromedriverVersion: 109.0.5414.74 (e7c5703604da..., userDataDir: /var/folders/gy/c09sdzsx70q...}, goog:chromeOptions: {debuggerAddress: localhost:56344}, javascriptEnabled: true, networkConnectionEnabled: false, pageLoadStrategy: normal, platform: MAC, platformName: MAC, proxy: Proxy(), setWindowRect: true, strictFileInteractability: false, timeouts: {implicit: 0, pageLoad: 300000, script: 30000}, unhandledPromptBehavior: dismiss and notify, webauthn:extension:credBlob: true, webauthn:extension:largeBlob: true, webauthn:virtualAuthenticators: true}
Session ID: 2046b5a30999d61cf346a0cf1be05676
*** Element info: {Using=css selector, value=a[href='/login']}
15:48:17.657  INFO  manager.MyListener - We have a 'throwable' -->org.openqa.selenium.UnhandledAlertException: unexpected alert open: {Alert text : Wrong email or password}
  (Session info: chrome=109.0.5414.119): Wrong email or password
Build info: version: '3.141.59', revision: 'e82be7d358', time: '2018-11-14T08:17:03'
System info: host: 'MBP-Irina', ip: '2600:4040:5f1e:f100:6468:b93b:ea88:60b2%en0', os.name: 'Mac OS X', os.arch: 'x86_64', os.version: '12.6.2', java.version: '11.0.17'
Driver info: org.openqa.selenium.chrome.ChromeDriver
Capabilities {acceptInsecureCerts: false, browserName: chrome, browserVersion: 109.0.5414.119, chrome: {chromedriverVersion: 109.0.5414.74 (e7c5703604da..., userDataDir: /var/folders/gy/c09sdzsx70q...}, goog:chromeOptions: {debuggerAddress: localhost:56344}, javascriptEnabled: true, networkConnectionEnabled: false, pageLoadStrategy: normal, platform: MAC, platformName: MAC, proxy: Proxy(), setWindowRect: true, strictFileInteractability: false, timeouts: {implicit: 0, pageLoad: 300000, script: 30000}, unhandledPromptBehavior: dismiss and notify, webauthn:extension:credBlob: true, webauthn:extension:largeBlob: true, webauthn:virtualAuthenticators: true}
Session ID: 2046b5a30999d61cf346a0cf1be05676
*** Element info: {Using=css selector, value=a[href='/login']}
15:48:18.809  INFO  manager.MyListener - This link to screen with problem --> src/test/resources/screenshots/screen-2897.png
