16:29:36.984  INFO  manager.ApplicationManager - Tests start with ChromeDriver
16:29:37.623  INFO  manager.ApplicationManager - The link is --> https://telranedu.web.app/home
16:29:37.651  INFO  manager.MyListener - 'Start find ' element -->By.xpath: //button[text()='Sign Out']
16:29:42.707  INFO  manager.MyListener - 'The element with locator -->By.xpath: //button[text()='Sign Out'] <-- was found
16:29:42.715  INFO  tests.TestBase - Test start with email: miomi@gmail.com and password: Mmiomi123$
16:29:42.715  INFO  manager.MyListener - 'Start find ' element -->By.cssSelector: a[href='/login']
16:29:42.728  INFO  manager.MyListener - 'The element with locator -->By.cssSelector: a[href='/login'] <-- was found
16:29:42.786  INFO  manager.MyListener - 'Start find ' element -->By.xpath: (//input[@placeholder='Email'])[1]
16:29:42.798  INFO  manager.MyListener - 'The element with locator -->By.xpath: (//input[@placeholder='Email'])[1] <-- was found
16:29:42.993  INFO  manager.MyListener - 'Start find ' element -->By.xpath: (//input[@placeholder='Password'])[1]
16:29:43.005  INFO  manager.MyListener - 'The element with locator -->By.xpath: (//input[@placeholder='Password'])[1] <-- was found
16:29:43.092  INFO  manager.MyListener - 'Start find ' element -->By.cssSelector: button[name='login']
16:29:43.105  INFO  manager.MyListener - 'The element with locator -->By.cssSelector: button[name='login'] <-- was found
16:29:43.167  INFO  manager.MyListener - 'Start find ' element -->By.xpath: //button[normalize-space()='Sign Out']
16:29:43.525  INFO  manager.MyListener - 'The element with locator -->By.xpath: //button[normalize-space()='Sign Out'] <-- was found
16:29:43.529  INFO  manager.MyListener - 'Start find ' element -->By.xpath: //button[text()='Sign Out']
16:29:43.538  INFO  manager.MyListener - 'The element with locator -->By.xpath: //button[text()='Sign Out'] <-- was found
16:29:43.538  INFO  manager.MyListener - 'Start find ' element -->By.xpath: //button[text()='Sign Out']
16:29:43.549  INFO  manager.MyListener - 'The element with locator -->By.xpath: //button[text()='Sign Out'] <-- was found
16:29:43.582  INFO  tests.TestBase - Test start with email: miomi2@gmail.com and password: Mmiomi123$
16:29:43.582  INFO  manager.MyListener - 'Start find ' element -->By.cssSelector: a[href='/login']
16:29:43.595  INFO  manager.MyListener - 'The element with locator -->By.cssSelector: a[href='/login'] <-- was found
16:29:43.629  INFO  manager.MyListener - 'Start find ' element -->By.xpath: (//input[@placeholder='Email'])[1]
16:29:43.636  INFO  manager.MyListener - 'The element with locator -->By.xpath: (//input[@placeholder='Email'])[1] <-- was found
16:29:43.776  INFO  manager.MyListener - 'Start find ' element -->By.xpath: (//input[@placeholder='Password'])[1]
16:29:43.848  INFO  manager.MyListener - 'The element with locator -->By.xpath: (//input[@placeholder='Password'])[1] <-- was found
16:29:43.934  INFO  manager.MyListener - 'Start find ' element -->By.cssSelector: button[name='login']
16:29:43.943  INFO  manager.MyListener - 'The element with locator -->By.cssSelector: button[name='login'] <-- was found
16:29:44.000  INFO  manager.MyListener - 'Start find ' element -->By.xpath: //button[normalize-space()='Sign Out']
16:29:44.293  INFO  manager.MyListener - 'The element with locator -->By.xpath: //button[normalize-space()='Sign Out'] <-- was found
16:29:44.295  INFO  manager.MyListener - 'Start find ' element -->By.xpath: //button[text()='Sign Out']
16:29:44.329  INFO  manager.MyListener - We have a 'throwable' -->unexpected alert open: {Alert text : Wrong email or password}
  (Session info: chrome=109.0.5414.119): Wrong email or password
Build info: version: '3.141.59', revision: 'e82be7d358', time: '2018-11-14T08:17:03'
System info: host: 'MBP-Irina', ip: '2600:4040:5f1e:f100:683b:ddc3:64fc:7d70%en0', os.name: 'Mac OS X', os.arch: 'x86_64', os.version: '12.6.2', java.version: '11.0.17'
Driver info: org.openqa.selenium.chrome.ChromeDriver
Capabilities {acceptInsecureCerts: false, browserName: chrome, browserVersion: 109.0.5414.119, chrome: {chromedriverVersion: 109.0.5414.74 (e7c5703604da..., userDataDir: /var/folders/gy/c09sdzsx70q...}, goog:chromeOptions: {debuggerAddress: localhost:49342}, javascriptEnabled: true, networkConnectionEnabled: false, pageLoadStrategy: normal, platform: MAC, platformName: MAC, proxy: Proxy(), setWindowRect: true, strictFileInteractability: false, timeouts: {implicit: 0, pageLoad: 300000, script: 30000}, unhandledPromptBehavior: dismiss and notify, webauthn:extension:credBlob: true, webauthn:extension:largeBlob: true, webauthn:virtualAuthenticators: true}
Session ID: e52518fc320268985a05aa65a6b6b472
*** Element info: {Using=xpath, value=//button[text()='Sign Out']}
16:29:44.330  INFO  manager.MyListener - We have a 'throwable' -->org.openqa.selenium.UnhandledAlertException: unexpected alert open: {Alert text : Wrong email or password}
  (Session info: chrome=109.0.5414.119): Wrong email or password
Build info: version: '3.141.59', revision: 'e82be7d358', time: '2018-11-14T08:17:03'
System info: host: 'MBP-Irina', ip: '2600:4040:5f1e:f100:683b:ddc3:64fc:7d70%en0', os.name: 'Mac OS X', os.arch: 'x86_64', os.version: '12.6.2', java.version: '11.0.17'
Driver info: org.openqa.selenium.chrome.ChromeDriver
Capabilities {acceptInsecureCerts: false, browserName: chrome, browserVersion: 109.0.5414.119, chrome: {chromedriverVersion: 109.0.5414.74 (e7c5703604da..., userDataDir: /var/folders/gy/c09sdzsx70q...}, goog:chromeOptions: {debuggerAddress: localhost:49342}, javascriptEnabled: true, networkConnectionEnabled: false, pageLoadStrategy: normal, platform: MAC, platformName: MAC, proxy: Proxy(), setWindowRect: true, strictFileInteractability: false, timeouts: {implicit: 0, pageLoad: 300000, script: 30000}, unhandledPromptBehavior: dismiss and notify, webauthn:extension:credBlob: true, webauthn:extension:largeBlob: true, webauthn:virtualAuthenticators: true}
Session ID: e52518fc320268985a05aa65a6b6b472
*** Element info: {Using=xpath, value=//button[text()='Sign Out']}
16:29:45.651  INFO  manager.MyListener - This link to screen with problem --> src/test/resources/screenshots/screen-1784.png
