16:55:55.504  INFO  manager.ApplicationManager - Tests start with ChromeDriver
16:55:56.164  INFO  manager.ApplicationManager - The link is --> https://telranedu.web.app/home
16:55:56.195  INFO  manager.MyListener - 'Start find ' element -->By.xpath: //button[text()='Sign Out']
16:56:01.260  INFO  manager.MyListener - 'The element with locator -->By.xpath: //button[text()='Sign Out'] <-- was found
16:56:01.267  INFO  tests.TestBase - Test start with email: miomi@gmail.com and password: Mmiomi12345$
16:56:01.268  INFO  manager.MyListener - 'Start find ' element -->By.cssSelector: a[href='/login']
16:56:01.280  INFO  manager.MyListener - 'The element with locator -->By.cssSelector: a[href='/login'] <-- was found
16:56:01.338  INFO  manager.MyListener - 'Start find ' element -->By.xpath: (//input[@placeholder='Email'])[1]
16:56:01.351  INFO  manager.MyListener - 'The element with locator -->By.xpath: (//input[@placeholder='Email'])[1] <-- was found
16:56:01.535  INFO  manager.MyListener - 'Start find ' element -->By.xpath: (//input[@placeholder='Password'])[1]
16:56:01.547  INFO  manager.MyListener - 'The element with locator -->By.xpath: (//input[@placeholder='Password'])[1] <-- was found
16:56:01.631  INFO  manager.MyListener - 'Start find ' element -->By.cssSelector: button[name='login']
16:56:01.643  INFO  manager.MyListener - 'The element with locator -->By.cssSelector: button[name='login'] <-- was found
16:56:01.704  INFO  manager.MyListener - 'Start find ' element -->By.xpath: //button[text()='Sign Out']
16:56:02.114  INFO  manager.MyListener - 'The element with locator -->By.xpath: //button[text()='Sign Out'] <-- was found
16:56:02.115  INFO  tests.TestBase - Test start with email: miomi2@gmail.com and password: Mmiomi12345$
16:56:02.115  INFO  manager.MyListener - 'Start find ' element -->By.cssSelector: a[href='/login']
16:56:02.144  INFO  manager.MyListener - We have a 'throwable' -->unexpected alert open: {Alert text : Wrong email or password}
  (Session info: chrome=109.0.5414.119): Wrong email or password
Build info: version: '3.141.59', revision: 'e82be7d358', time: '2018-11-14T08:17:03'
System info: host: 'MBP-Irina', ip: '2600:4040:5f1e:f100:683b:ddc3:64fc:7d70%en0', os.name: 'Mac OS X', os.arch: 'x86_64', os.version: '12.6.2', java.version: '11.0.17'
Driver info: org.openqa.selenium.chrome.ChromeDriver
Capabilities {acceptInsecureCerts: false, browserName: chrome, browserVersion: 109.0.5414.119, chrome: {chromedriverVersion: 109.0.5414.74 (e7c5703604da..., userDataDir: /var/folders/gy/c09sdzsx70q...}, goog:chromeOptions: {debuggerAddress: localhost:52912}, javascriptEnabled: true, networkConnectionEnabled: false, pageLoadStrategy: normal, platform: MAC, platformName: MAC, proxy: Proxy(), setWindowRect: true, strictFileInteractability: false, timeouts: {implicit: 0, pageLoad: 300000, script: 30000}, unhandledPromptBehavior: dismiss and notify, webauthn:extension:credBlob: true, webauthn:extension:largeBlob: true, webauthn:virtualAuthenticators: true}
Session ID: 28cd027ffe51f2f91cff067afe8975d7
*** Element info: {Using=css selector, value=a[href='/login']}
16:56:02.145  INFO  manager.MyListener - We have a 'throwable' -->org.openqa.selenium.UnhandledAlertException: unexpected alert open: {Alert text : Wrong email or password}
  (Session info: chrome=109.0.5414.119): Wrong email or password
Build info: version: '3.141.59', revision: 'e82be7d358', time: '2018-11-14T08:17:03'
System info: host: 'MBP-Irina', ip: '2600:4040:5f1e:f100:683b:ddc3:64fc:7d70%en0', os.name: 'Mac OS X', os.arch: 'x86_64', os.version: '12.6.2', java.version: '11.0.17'
Driver info: org.openqa.selenium.chrome.ChromeDriver
Capabilities {acceptInsecureCerts: false, browserName: chrome, browserVersion: 109.0.5414.119, chrome: {chromedriverVersion: 109.0.5414.74 (e7c5703604da..., userDataDir: /var/folders/gy/c09sdzsx70q...}, goog:chromeOptions: {debuggerAddress: localhost:52912}, javascriptEnabled: true, networkConnectionEnabled: false, pageLoadStrategy: normal, platform: MAC, platformName: MAC, proxy: Proxy(), setWindowRect: true, strictFileInteractability: false, timeouts: {implicit: 0, pageLoad: 300000, script: 30000}, unhandledPromptBehavior: dismiss and notify, webauthn:extension:credBlob: true, webauthn:extension:largeBlob: true, webauthn:virtualAuthenticators: true}
Session ID: 28cd027ffe51f2f91cff067afe8975d7
*** Element info: {Using=css selector, value=a[href='/login']}
16:56:03.314  INFO  manager.MyListener - This link to screen with problem --> src/test/resources/screenshots/screen-3362.png
16:56:03.316  INFO  manager.MyListener - 'Start find ' element -->By.xpath: //button[text()='Sign Out']
16:56:08.359  INFO  manager.MyListener - 'The element with locator -->By.xpath: //button[text()='Sign Out'] <-- was found
16:56:08.380  INFO  tests.TestBase - Test start with email: miomi3@gmail.com and password: Mmiomi12345$
16:56:08.401  INFO  manager.MyListener - 'Start find ' element -->By.cssSelector: a[href='/login']
16:56:08.411  INFO  manager.MyListener - 'The element with locator -->By.cssSelector: a[href='/login'] <-- was found
16:56:08.493  INFO  manager.MyListener - 'Start find ' element -->By.xpath: (//input[@placeholder='Email'])[1]
16:56:08.527  INFO  manager.MyListener - 'The element with locator -->By.xpath: (//input[@placeholder='Email'])[1] <-- was found
16:56:08.719  INFO  manager.MyListener - 'Start find ' element -->By.xpath: (//input[@placeholder='Password'])[1]
16:56:08.733  INFO  manager.MyListener - 'The element with locator -->By.xpath: (//input[@placeholder='Password'])[1] <-- was found
16:56:08.883  INFO  manager.MyListener - 'Start find ' element -->By.cssSelector: button[name='login']
16:56:08.891  INFO  manager.MyListener - 'The element with locator -->By.cssSelector: button[name='login'] <-- was found
16:56:08.920  INFO  manager.MyListener - 'Start find ' element -->By.xpath: //button[text()='Sign Out']
16:56:09.228  INFO  manager.MyListener - 'The element with locator -->By.xpath: //button[text()='Sign Out'] <-- was found
16:56:09.229  INFO  tests.TestBase - Test start with email: miomi1@gmail.com and password: Mmiomi12345$
16:56:09.229  INFO  manager.MyListener - 'Start find ' element -->By.cssSelector: a[href='/login']
16:56:09.246  INFO  manager.MyListener - We have a 'throwable' -->unexpected alert open: {Alert text : Wrong email or password}
  (Session info: chrome=109.0.5414.119): Wrong email or password
Build info: version: '3.141.59', revision: 'e82be7d358', time: '2018-11-14T08:17:03'
System info: host: 'MBP-Irina', ip: '2600:4040:5f1e:f100:683b:ddc3:64fc:7d70%en0', os.name: 'Mac OS X', os.arch: 'x86_64', os.version: '12.6.2', java.version: '11.0.17'
Driver info: org.openqa.selenium.chrome.ChromeDriver
Capabilities {acceptInsecureCerts: false, browserName: chrome, browserVersion: 109.0.5414.119, chrome: {chromedriverVersion: 109.0.5414.74 (e7c5703604da..., userDataDir: /var/folders/gy/c09sdzsx70q...}, goog:chromeOptions: {debuggerAddress: localhost:52912}, javascriptEnabled: true, networkConnectionEnabled: false, pageLoadStrategy: normal, platform: MAC, platformName: MAC, proxy: Proxy(), setWindowRect: true, strictFileInteractability: false, timeouts: {implicit: 0, pageLoad: 300000, script: 30000}, unhandledPromptBehavior: dismiss and notify, webauthn:extension:credBlob: true, webauthn:extension:largeBlob: true, webauthn:virtualAuthenticators: true}
Session ID: 28cd027ffe51f2f91cff067afe8975d7
*** Element info: {Using=css selector, value=a[href='/login']}
16:56:09.247  INFO  manager.MyListener - We have a 'throwable' -->org.openqa.selenium.UnhandledAlertException: unexpected alert open: {Alert text : Wrong email or password}
  (Session info: chrome=109.0.5414.119): Wrong email or password
Build info: version: '3.141.59', revision: 'e82be7d358', time: '2018-11-14T08:17:03'
System info: host: 'MBP-Irina', ip: '2600:4040:5f1e:f100:683b:ddc3:64fc:7d70%en0', os.name: 'Mac OS X', os.arch: 'x86_64', os.version: '12.6.2', java.version: '11.0.17'
Driver info: org.openqa.selenium.chrome.ChromeDriver
Capabilities {acceptInsecureCerts: false, browserName: chrome, browserVersion: 109.0.5414.119, chrome: {chromedriverVersion: 109.0.5414.74 (e7c5703604da..., userDataDir: /var/folders/gy/c09sdzsx70q...}, goog:chromeOptions: {debuggerAddress: localhost:52912}, javascriptEnabled: true, networkConnectionEnabled: false, pageLoadStrategy: normal, platform: MAC, platformName: MAC, proxy: Proxy(), setWindowRect: true, strictFileInteractability: false, timeouts: {implicit: 0, pageLoad: 300000, script: 30000}, unhandledPromptBehavior: dismiss and notify, webauthn:extension:credBlob: true, webauthn:extension:largeBlob: true, webauthn:virtualAuthenticators: true}
Session ID: 28cd027ffe51f2f91cff067afe8975d7
*** Element info: {Using=css selector, value=a[href='/login']}
16:56:10.466  INFO  manager.MyListener - This link to screen with problem --> src/test/resources/screenshots/screen-3369.png
