17:08:07.016  INFO  manager.ApplicationManager - Tests start with ChromeDriver
17:08:07.656  INFO  manager.ApplicationManager - The link is --> https://telranedu.web.app/home
17:08:07.686  INFO  manager.MyListener - 'Start find ' element -->By.xpath: //button[text()='Sign Out']
17:08:12.732  INFO  manager.MyListener - 'The element with locator -->By.xpath: //button[text()='Sign Out'] <-- was found
17:08:12.739  INFO  manager.MyListener - 'Start find ' element -->By.cssSelector: a[href='/login']
17:08:12.752  INFO  manager.MyListener - 'The element with locator -->By.cssSelector: a[href='/login'] <-- was found
17:08:12.830  INFO  manager.MyListener - 'Start find ' element -->By.xpath: (//input[@placeholder='Email'])[1]
17:08:12.852  INFO  manager.MyListener - 'The element with locator -->By.xpath: (//input[@placeholder='Email'])[1] <-- was found
17:08:13.035  INFO  manager.MyListener - 'Start find ' element -->By.xpath: (//input[@placeholder='Password'])[1]
17:08:13.047  INFO  manager.MyListener - 'The element with locator -->By.xpath: (//input[@placeholder='Password'])[1] <-- was found
17:08:13.130  INFO  manager.MyListener - 'Start find ' element -->By.cssSelector: button[name='login']
17:08:13.142  INFO  manager.MyListener - 'The element with locator -->By.cssSelector: button[name='login'] <-- was found
17:08:14.201  INFO  manager.MyListener - 'Start find ' element -->By.xpath: //button[text()='Sign Out']
17:08:14.211  INFO  manager.MyListener - 'The element with locator -->By.xpath: //button[text()='Sign Out'] <-- was found
17:08:14.214  INFO  manager.MyListener - 'Start find ' element -->By.xpath: //button[text()='Sign Out']
17:08:14.223  INFO  manager.MyListener - 'The element with locator -->By.xpath: //button[text()='Sign Out'] <-- was found
17:08:14.224  INFO  manager.MyListener - 'Start find ' element -->By.xpath: //button[text()='Sign Out']
17:08:14.235  INFO  manager.MyListener - 'The element with locator -->By.xpath: //button[text()='Sign Out'] <-- was found
17:08:14.300  INFO  manager.MyListener - 'Start find ' element -->By.cssSelector: a[href='/login']
17:08:14.308  INFO  manager.MyListener - 'The element with locator -->By.cssSelector: a[href='/login'] <-- was found
17:08:14.337  INFO  manager.MyListener - 'Start find ' element -->By.xpath: (//input[@placeholder='Email'])[1]
17:08:14.346  INFO  manager.MyListener - 'The element with locator -->By.xpath: (//input[@placeholder='Email'])[1] <-- was found
17:08:14.471  INFO  manager.MyListener - 'Start find ' element -->By.xpath: (//input[@placeholder='Password'])[1]
17:08:14.542  INFO  manager.MyListener - 'The element with locator -->By.xpath: (//input[@placeholder='Password'])[1] <-- was found
17:08:14.643  INFO  manager.MyListener - 'Start find ' element -->By.cssSelector: button[name='login']
17:08:14.652  INFO  manager.MyListener - 'The element with locator -->By.cssSelector: button[name='login'] <-- was found
17:08:15.717  INFO  manager.MyListener - 'Start find ' element -->By.xpath: //button[text()='Sign Out']
17:08:15.736  INFO  manager.MyListener - 'The element with locator -->By.xpath: //button[text()='Sign Out'] <-- was found
17:08:15.750  INFO  manager.MyListener - 'Start find ' element -->By.xpath: //button[text()='Sign Out']
17:08:15.758  INFO  manager.MyListener - 'The element with locator -->By.xpath: //button[text()='Sign Out'] <-- was found
17:08:15.759  INFO  manager.MyListener - 'Start find ' element -->By.xpath: //button[text()='Sign Out']
17:08:15.766  INFO  manager.MyListener - 'The element with locator -->By.xpath: //button[text()='Sign Out'] <-- was found
17:08:15.801  INFO  manager.MyListener - 'Start find ' element -->By.cssSelector: a[href='/login']
17:08:15.809  INFO  manager.MyListener - 'The element with locator -->By.cssSelector: a[href='/login'] <-- was found
17:08:15.849  INFO  manager.MyListener - 'Start find ' element -->By.xpath: (//input[@placeholder='Email'])[1]
17:08:15.858  INFO  manager.MyListener - 'The element with locator -->By.xpath: (//input[@placeholder='Email'])[1] <-- was found
17:08:15.998  INFO  manager.MyListener - 'Start find ' element -->By.xpath: (//input[@placeholder='Password'])[1]
17:08:16.015  INFO  manager.MyListener - 'The element with locator -->By.xpath: (//input[@placeholder='Password'])[1] <-- was found
17:08:16.106  INFO  manager.MyListener - 'Start find ' element -->By.cssSelector: button[name='login']
17:08:16.114  INFO  manager.MyListener - 'The element with locator -->By.cssSelector: button[name='login'] <-- was found
17:08:17.172  INFO  manager.MyListener - 'Start find ' element -->By.xpath: //button[text()='Sign Out']
17:08:17.182  INFO  manager.MyListener - 'The element with locator -->By.xpath: //button[text()='Sign Out'] <-- was found
17:08:17.183  INFO  manager.MyListener - 'Start find ' element -->By.xpath: //button[text()='Sign Out']
17:08:17.191  INFO  manager.MyListener - 'The element with locator -->By.xpath: //button[text()='Sign Out'] <-- was found
17:08:17.191  INFO  manager.MyListener - 'Start find ' element -->By.xpath: //button[text()='Sign Out']
17:08:17.198  INFO  manager.MyListener - 'The element with locator -->By.xpath: //button[text()='Sign Out'] <-- was found
17:08:17.229  INFO  manager.MyListener - 'Start find ' element -->By.cssSelector: a[href='/login']
17:08:17.242  INFO  manager.MyListener - 'The element with locator -->By.cssSelector: a[href='/login'] <-- was found
17:08:17.273  INFO  manager.MyListener - 'Start find ' element -->By.xpath: (//input[@placeholder='Email'])[1]
17:08:17.283  INFO  manager.MyListener - 'The element with locator -->By.xpath: (//input[@placeholder='Email'])[1] <-- was found
17:08:17.403  INFO  manager.MyListener - 'Start find ' element -->By.xpath: (//input[@placeholder='Password'])[1]
17:08:17.417  INFO  manager.MyListener - 'The element with locator -->By.xpath: (//input[@placeholder='Password'])[1] <-- was found
17:08:17.514  INFO  manager.MyListener - 'Start find ' element -->By.cssSelector: button[name='login']
17:08:17.533  INFO  manager.MyListener - 'The element with locator -->By.cssSelector: button[name='login'] <-- was found
17:08:18.565  INFO  manager.MyListener - 'Start find ' element -->By.xpath: //button[text()='Sign Out']
17:08:18.575  INFO  manager.MyListener - 'The element with locator -->By.xpath: //button[text()='Sign Out'] <-- was found
