17:09:34.803  INFO  manager.ApplicationManager - Tests start with ChromeDriver
17:09:35.484  INFO  manager.ApplicationManager - The link is --> https://telranedu.web.app/home
17:09:35.550  INFO  manager.MyListener - 'Start find ' element -->By.xpath: //button[text()='Sign Out']
17:09:40.584  INFO  manager.MyListener - 'The element with locator -->By.xpath: //button[text()='Sign Out'] <-- was found
17:09:40.591  INFO  tests.TestBase - Test start with email: miomi@gmail.com and password: Mmiomi12345$
17:09:40.591  INFO  manager.MyListener - 'Start find ' element -->By.cssSelector: a[href='/login']
17:09:40.604  INFO  manager.MyListener - 'The element with locator -->By.cssSelector: a[href='/login'] <-- was found
17:09:40.660  INFO  manager.MyListener - 'Start find ' element -->By.xpath: (//input[@placeholder='Email'])[1]
17:09:40.672  INFO  manager.MyListener - 'The element with locator -->By.xpath: (//input[@placeholder='Email'])[1] <-- was found
17:09:40.861  INFO  manager.MyListener - 'Start find ' element -->By.xpath: (//input[@placeholder='Password'])[1]
17:09:40.873  INFO  manager.MyListener - 'The element with locator -->By.xpath: (//input[@placeholder='Password'])[1] <-- was found
17:09:40.961  INFO  manager.MyListener - 'Start find ' element -->By.cssSelector: button[name='login']
17:09:40.973  INFO  manager.MyListener - 'The element with locator -->By.cssSelector: button[name='login'] <-- was found
17:09:41.009  INFO  manager.MyListener - 'Start find ' element -->By.xpath: //button[text()='Sign Out']
17:09:41.613  INFO  manager.MyListener - 'The element with locator -->By.xpath: //button[text()='Sign Out'] <-- was found
17:09:41.614  INFO  tests.TestBase - Test start with email: miomi2@gmail.com and password: Mmiomi12345$
17:09:41.614  INFO  manager.MyListener - 'Start find ' element -->By.cssSelector: a[href='/login']
17:09:41.647  INFO  manager.MyListener - We have a 'throwable' -->unexpected alert open: {Alert text : Wrong email or password}
  (Session info: chrome=109.0.5414.119): Wrong email or password
Build info: version: '3.141.59', revision: 'e82be7d358', time: '2018-11-14T08:17:03'
System info: host: 'MBP-Irina', ip: '2600:4040:5f1e:f100:683b:ddc3:64fc:7d70%en0', os.name: 'Mac OS X', os.arch: 'x86_64', os.version: '12.6.2', java.version: '11.0.17'
Driver info: org.openqa.selenium.chrome.ChromeDriver
Capabilities {acceptInsecureCerts: false, browserName: chrome, browserVersion: 109.0.5414.119, chrome: {chromedriverVersion: 109.0.5414.74 (e7c5703604da..., userDataDir: /var/folders/gy/c09sdzsx70q...}, goog:chromeOptions: {debuggerAddress: localhost:57141}, javascriptEnabled: true, networkConnectionEnabled: false, pageLoadStrategy: normal, platform: MAC, platformName: MAC, proxy: Proxy(), setWindowRect: true, strictFileInteractability: false, timeouts: {implicit: 0, pageLoad: 300000, script: 30000}, unhandledPromptBehavior: dismiss and notify, webauthn:extension:credBlob: true, webauthn:extension:largeBlob: true, webauthn:virtualAuthenticators: true}
Session ID: a14589f49e8a6b4ea5bdaad5f73b5c25
*** Element info: {Using=css selector, value=a[href='/login']}
17:09:41.648  INFO  manager.MyListener - We have a 'throwable' -->org.openqa.selenium.UnhandledAlertException: unexpected alert open: {Alert text : Wrong email or password}
  (Session info: chrome=109.0.5414.119): Wrong email or password
Build info: version: '3.141.59', revision: 'e82be7d358', time: '2018-11-14T08:17:03'
System info: host: 'MBP-Irina', ip: '2600:4040:5f1e:f100:683b:ddc3:64fc:7d70%en0', os.name: 'Mac OS X', os.arch: 'x86_64', os.version: '12.6.2', java.version: '11.0.17'
Driver info: org.openqa.selenium.chrome.ChromeDriver
Capabilities {acceptInsecureCerts: false, browserName: chrome, browserVersion: 109.0.5414.119, chrome: {chromedriverVersion: 109.0.5414.74 (e7c5703604da..., userDataDir: /var/folders/gy/c09sdzsx70q...}, goog:chromeOptions: {debuggerAddress: localhost:57141}, javascriptEnabled: true, networkConnectionEnabled: false, pageLoadStrategy: normal, platform: MAC, platformName: MAC, proxy: Proxy(), setWindowRect: true, strictFileInteractability: false, timeouts: {implicit: 0, pageLoad: 300000, script: 30000}, unhandledPromptBehavior: dismiss and notify, webauthn:extension:credBlob: true, webauthn:extension:largeBlob: true, webauthn:virtualAuthenticators: true}
Session ID: a14589f49e8a6b4ea5bdaad5f73b5c25
*** Element info: {Using=css selector, value=a[href='/login']}
17:09:42.900  INFO  manager.MyListener - This link to screen with problem --> src/test/resources/screenshots/screen-581.png
17:09:42.901  INFO  manager.MyListener - 'Start find ' element -->By.xpath: //button[text()='Sign Out']
17:09:47.947  INFO  manager.MyListener - 'The element with locator -->By.xpath: //button[text()='Sign Out'] <-- was found
17:09:47.958  INFO  tests.TestBase - Test start with email: miomi3@gmail.com and password: Mmiomi12345$
17:09:47.978  INFO  manager.MyListener - 'Start find ' element -->By.cssSelector: a[href='/login']
17:09:47.987  INFO  manager.MyListener - 'The element with locator -->By.cssSelector: a[href='/login'] <-- was found
17:09:48.046  INFO  manager.MyListener - 'Start find ' element -->By.xpath: (//input[@placeholder='Email'])[1]
17:09:48.068  INFO  manager.MyListener - 'The element with locator -->By.xpath: (//input[@placeholder='Email'])[1] <-- was found
17:09:48.259  INFO  manager.MyListener - 'Start find ' element -->By.xpath: (//input[@placeholder='Password'])[1]
17:09:48.268  INFO  manager.MyListener - 'The element with locator -->By.xpath: (//input[@placeholder='Password'])[1] <-- was found
17:09:48.417  INFO  manager.MyListener - 'Start find ' element -->By.cssSelector: button[name='login']
17:09:48.425  INFO  manager.MyListener - 'The element with locator -->By.cssSelector: button[name='login'] <-- was found
17:09:48.455  INFO  manager.MyListener - 'Start find ' element -->By.xpath: //button[text()='Sign Out']
17:09:48.784  INFO  manager.MyListener - 'The element with locator -->By.xpath: //button[text()='Sign Out'] <-- was found
17:09:48.784  INFO  tests.TestBase - Test start with email: miomi1@gmail.com and password: Mmiomi12345$
17:09:48.784  INFO  manager.MyListener - 'Start find ' element -->By.cssSelector: a[href='/login']
17:09:48.798  INFO  manager.MyListener - We have a 'throwable' -->unexpected alert open: {Alert text : Wrong email or password}
  (Session info: chrome=109.0.5414.119): Wrong email or password
Build info: version: '3.141.59', revision: 'e82be7d358', time: '2018-11-14T08:17:03'
System info: host: 'MBP-Irina', ip: '2600:4040:5f1e:f100:683b:ddc3:64fc:7d70%en0', os.name: 'Mac OS X', os.arch: 'x86_64', os.version: '12.6.2', java.version: '11.0.17'
Driver info: org.openqa.selenium.chrome.ChromeDriver
Capabilities {acceptInsecureCerts: false, browserName: chrome, browserVersion: 109.0.5414.119, chrome: {chromedriverVersion: 109.0.5414.74 (e7c5703604da..., userDataDir: /var/folders/gy/c09sdzsx70q...}, goog:chromeOptions: {debuggerAddress: localhost:57141}, javascriptEnabled: true, networkConnectionEnabled: false, pageLoadStrategy: normal, platform: MAC, platformName: MAC, proxy: Proxy(), setWindowRect: true, strictFileInteractability: false, timeouts: {implicit: 0, pageLoad: 300000, script: 30000}, unhandledPromptBehavior: dismiss and notify, webauthn:extension:credBlob: true, webauthn:extension:largeBlob: true, webauthn:virtualAuthenticators: true}
Session ID: a14589f49e8a6b4ea5bdaad5f73b5c25
*** Element info: {Using=css selector, value=a[href='/login']}
17:09:48.799  INFO  manager.MyListener - We have a 'throwable' -->org.openqa.selenium.UnhandledAlertException: unexpected alert open: {Alert text : Wrong email or password}
  (Session info: chrome=109.0.5414.119): Wrong email or password
Build info: version: '3.141.59', revision: 'e82be7d358', time: '2018-11-14T08:17:03'
System info: host: 'MBP-Irina', ip: '2600:4040:5f1e:f100:683b:ddc3:64fc:7d70%en0', os.name: 'Mac OS X', os.arch: 'x86_64', os.version: '12.6.2', java.version: '11.0.17'
Driver info: org.openqa.selenium.chrome.ChromeDriver
Capabilities {acceptInsecureCerts: false, browserName: chrome, browserVersion: 109.0.5414.119, chrome: {chromedriverVersion: 109.0.5414.74 (e7c5703604da..., userDataDir: /var/folders/gy/c09sdzsx70q...}, goog:chromeOptions: {debuggerAddress: localhost:57141}, javascriptEnabled: true, networkConnectionEnabled: false, pageLoadStrategy: normal, platform: MAC, platformName: MAC, proxy: Proxy(), setWindowRect: true, strictFileInteractability: false, timeouts: {implicit: 0, pageLoad: 300000, script: 30000}, unhandledPromptBehavior: dismiss and notify, webauthn:extension:credBlob: true, webauthn:extension:largeBlob: true, webauthn:virtualAuthenticators: true}
Session ID: a14589f49e8a6b4ea5bdaad5f73b5c25
*** Element info: {Using=css selector, value=a[href='/login']}
17:09:49.940  INFO  manager.MyListener - This link to screen with problem --> src/test/resources/screenshots/screen-588.png
