19:53:31.879  INFO  manager.ApplicationManager - Tests start with ChromeDriver
19:53:32.518  INFO  manager.ApplicationManager - The link is --> https://telranedu.web.app/home
19:53:32.545  INFO  manager.MyListener - 'Start find ' element -->By.xpath: //button[text()='Sign Out']
19:53:37.574  INFO  manager.MyListener - 'The element with locator -->By.xpath: //button[text()='Sign Out'] <-- was found
19:53:37.576  INFO  manager.MyListener - 'Start find ' element -->By.cssSelector: a[href='/login']
19:53:37.589  INFO  manager.MyListener - 'The element with locator -->By.cssSelector: a[href='/login'] <-- was found
19:53:37.649  INFO  manager.MyListener - 'Start find ' element -->By.xpath: (//nput[@placeholder='Email'])[1]
19:53:42.736  INFO  manager.MyListener - We have a 'throwable' -->no such element: Unable to locate element: {"method":"xpath","selector":"(//nput[@placeholder='Email'])[1]"}
  (Session info: chrome=109.0.5414.87)
For documentation on this error, please visit: https://www.seleniumhq.org/exceptions/no_such_element.html
Build info: version: '3.141.59', revision: 'e82be7d358', time: '2018-11-14T08:17:03'
System info: host: 'MBP-Irina', ip: '2600:4040:5f1e:f100:9ca4:442c:49fe:3dda%en0', os.name: 'Mac OS X', os.arch: 'x86_64', os.version: '12.6.2', java.version: '11.0.17'
Driver info: org.openqa.selenium.chrome.ChromeDriver
Capabilities {acceptInsecureCerts: false, browserName: chrome, browserVersion: 109.0.5414.87, chrome: {chromedriverVersion: 109.0.5414.74 (e7c5703604da..., userDataDir: /var/folders/gy/c09sdzsx70q...}, goog:chromeOptions: {debuggerAddress: localhost:53310}, javascriptEnabled: true, networkConnectionEnabled: false, pageLoadStrategy: normal, platform: MAC, platformName: MAC, proxy: Proxy(), setWindowRect: true, strictFileInteractability: false, timeouts: {implicit: 0, pageLoad: 300000, script: 30000}, unhandledPromptBehavior: dismiss and notify, webauthn:extension:credBlob: true, webauthn:extension:largeBlob: true, webauthn:virtualAuthenticators: true}
Session ID: cc1783bb9ea6cd5ed25ddefab4fa0e44
*** Element info: {Using=xpath, value=(//nput[@placeholder='Email'])[1]}
19:53:42.737  INFO  manager.MyListener - We have a 'throwable' -->org.openqa.selenium.NoSuchElementException: no such element: Unable to locate element: {"method":"xpath","selector":"(//nput[@placeholder='Email'])[1]"}
  (Session info: chrome=109.0.5414.87)
For documentation on this error, please visit: https://www.seleniumhq.org/exceptions/no_such_element.html
Build info: version: '3.141.59', revision: 'e82be7d358', time: '2018-11-14T08:17:03'
System info: host: 'MBP-Irina', ip: '2600:4040:5f1e:f100:9ca4:442c:49fe:3dda%en0', os.name: 'Mac OS X', os.arch: 'x86_64', os.version: '12.6.2', java.version: '11.0.17'
Driver info: org.openqa.selenium.chrome.ChromeDriver
Capabilities {acceptInsecureCerts: false, browserName: chrome, browserVersion: 109.0.5414.87, chrome: {chromedriverVersion: 109.0.5414.74 (e7c5703604da..., userDataDir: /var/folders/gy/c09sdzsx70q...}, goog:chromeOptions: {debuggerAddress: localhost:53310}, javascriptEnabled: true, networkConnectionEnabled: false, pageLoadStrategy: normal, platform: MAC, platformName: MAC, proxy: Proxy(), setWindowRect: true, strictFileInteractability: false, timeouts: {implicit: 0, pageLoad: 300000, script: 30000}, unhandledPromptBehavior: dismiss and notify, webauthn:extension:credBlob: true, webauthn:extension:largeBlob: true, webauthn:virtualAuthenticators: true}
Session ID: cc1783bb9ea6cd5ed25ddefab4fa0e44
*** Element info: {Using=xpath, value=(//nput[@placeholder='Email'])[1]}
