18:35:23.673  INFO  manager.ApplicationManager - Tests start with ChromeDriver
18:35:24.394  INFO  manager.ApplicationManager - The link is --> https://telranedu.web.app/home
18:35:24.425  INFO  tests.TestBase - Start test--->addNewContactSuccess
18:35:24.427  INFO  manager.MyListener - 'Start find ' element -->By.xpath: //button[text()='Sign Out']
18:35:29.461  INFO  manager.MyListener - 'The element with locator -->By.xpath: //button[text()='Sign Out'] <-- was found
18:35:29.462  INFO  manager.MyListener - 'Start find ' element -->By.cssSelector: a[href='/login']
18:35:29.475  INFO  manager.MyListener - 'The element with locator -->By.cssSelector: a[href='/login'] <-- was found
18:35:29.531  INFO  manager.MyListener - 'Start find ' element -->By.xpath: (//input[@placeholder='Email'])[1]
18:35:29.546  INFO  manager.MyListener - 'The element with locator -->By.xpath: (//input[@placeholder='Email'])[1] <-- was found
18:35:29.751  INFO  manager.MyListener - 'Start find ' element -->By.xpath: (//input[@placeholder='Password'])[1]
18:35:29.763  INFO  manager.MyListener - 'The element with locator -->By.xpath: (//input[@placeholder='Password'])[1] <-- was found
18:35:29.851  INFO  manager.MyListener - 'Start find ' element -->By.cssSelector: button[name='login']
18:35:29.863  INFO  manager.MyListener - 'The element with locator -->By.cssSelector: button[name='login'] <-- was found
18:35:29.937  INFO  manager.MyListener - 'Start find ' element -->By.cssSelector: a[href='/add']
18:35:30.290  INFO  manager.MyListener - 'The element with locator -->By.cssSelector: a[href='/add'] <-- was found
18:35:30.331  INFO  manager.MyListener - 'Start find ' element -->By.xpath: //input[@placeholder='Name']
18:35:30.344  INFO  manager.MyListener - 'The element with locator -->By.xpath: //input[@placeholder='Name'] <-- was found
18:35:30.465  INFO  manager.MyListener - 'Start find ' element -->By.xpath: //input[@placeholder='Last Name']
18:35:30.479  INFO  manager.MyListener - 'The element with locator -->By.xpath: //input[@placeholder='Last Name'] <-- was found
18:35:30.558  INFO  manager.MyListener - 'Start find ' element -->By.xpath: //input[@placeholder='Phone']
18:35:30.571  INFO  manager.MyListener - 'The element with locator -->By.xpath: //input[@placeholder='Phone'] <-- was found
18:35:30.657  INFO  manager.MyListener - 'Start find ' element -->By.xpath: //input[@placeholder='email']
18:35:30.670  INFO  manager.MyListener - 'The element with locator -->By.xpath: //input[@placeholder='email'] <-- was found
18:35:30.764  INFO  manager.MyListener - 'Start find ' element -->By.xpath: //input[@placeholder='Address']
18:35:30.775  INFO  manager.MyListener - 'The element with locator -->By.xpath: //input[@placeholder='Address'] <-- was found
18:35:30.862  INFO  manager.MyListener - 'Start find ' element -->By.xpath: //input[@placeholder='description']
18:35:30.875  INFO  manager.MyListener - 'The element with locator -->By.xpath: //input[@placeholder='description'] <-- was found
18:35:30.961  INFO  manager.MyListener - 'Start find ' element -->By.xpath: //b[text()='Save']
18:35:30.972  INFO  manager.MyListener - 'The element with locator -->By.xpath: //b[text()='Save'] <-- was found
18:35:31.001  INFO  manager.MyListener - 'Start find ' element -->By.cssSelector: h2
18:35:31.156  INFO  manager.MyListener - 'The element with locator -->By.cssSelector: h2 <-- was found
18:35:31.315  INFO  manager.MyListener - 'Start find ' element -->By.cssSelector: h3
18:35:31.327  INFO  manager.MyListener - 'The element with locator -->By.cssSelector: h3 <-- was found
18:35:31.491  INFO  tests.TestBase - Start test--->addNewContactSuccessCSV
18:35:31.492  INFO  manager.MyListener - 'Start find ' element -->By.xpath: //button[text()='Sign Out']
18:35:31.500  INFO  manager.MyListener - 'The element with locator -->By.xpath: //button[text()='Sign Out'] <-- was found
18:35:31.518  INFO  manager.MyListener - 'Start find ' element -->By.cssSelector: a[href='/add']
18:35:31.526  INFO  manager.MyListener - 'The element with locator -->By.cssSelector: a[href='/add'] <-- was found
18:35:31.548  INFO  manager.MyListener - 'Start find ' element -->By.xpath: //input[@placeholder='Name']
18:35:31.562  INFO  manager.MyListener - 'The element with locator -->By.xpath: //input[@placeholder='Name'] <-- was found
18:35:31.674  INFO  manager.MyListener - 'Start find ' element -->By.xpath: //input[@placeholder='Last Name']
18:35:31.687  INFO  manager.MyListener - 'The element with locator -->By.xpath: //input[@placeholder='Last Name'] <-- was found
18:35:31.765  INFO  manager.MyListener - 'Start find ' element -->By.xpath: //input[@placeholder='Phone']
18:35:31.774  INFO  manager.MyListener - 'The element with locator -->By.xpath: //input[@placeholder='Phone'] <-- was found
18:35:31.862  INFO  manager.MyListener - 'Start find ' element -->By.xpath: //input[@placeholder='email']
18:35:31.870  INFO  manager.MyListener - 'The element with locator -->By.xpath: //input[@placeholder='email'] <-- was found
18:35:31.953  INFO  manager.MyListener - 'Start find ' element -->By.xpath: //input[@placeholder='Address']
18:35:31.963  INFO  manager.MyListener - 'The element with locator -->By.xpath: //input[@placeholder='Address'] <-- was found
18:35:32.032  INFO  manager.MyListener - 'Start find ' element -->By.xpath: //input[@placeholder='description']
18:35:32.055  INFO  manager.MyListener - 'The element with locator -->By.xpath: //input[@placeholder='description'] <-- was found
18:35:32.131  INFO  manager.MyListener - 'Start find ' element -->By.xpath: //b[text()='Save']
18:35:32.144  INFO  manager.MyListener - 'The element with locator -->By.xpath: //b[text()='Save'] <-- was found
18:35:32.174  INFO  manager.MyListener - 'Start find ' element -->By.cssSelector: h2
18:35:32.317  INFO  manager.MyListener - 'The element with locator -->By.cssSelector: h2 <-- was found
18:35:32.374  INFO  manager.MyListener - 'Start find ' element -->By.cssSelector: h3
18:35:32.383  INFO  manager.MyListener - 'The element with locator -->By.cssSelector: h3 <-- was found
18:35:32.568  INFO  tests.TestBase - Start test--->addNewContactSuccessCSV
18:35:32.569  INFO  manager.MyListener - 'Start find ' element -->By.xpath: //button[text()='Sign Out']
18:35:32.576  INFO  manager.MyListener - 'The element with locator -->By.xpath: //button[text()='Sign Out'] <-- was found
18:35:32.577  INFO  manager.MyListener - 'Start find ' element -->By.cssSelector: a[href='/add']
18:35:32.584  INFO  manager.MyListener - 'The element with locator -->By.cssSelector: a[href='/add'] <-- was found
18:35:32.617  INFO  manager.MyListener - 'Start find ' element -->By.xpath: //input[@placeholder='Name']
18:35:32.625  INFO  manager.MyListener - 'The element with locator -->By.xpath: //input[@placeholder='Name'] <-- was found
18:35:32.732  INFO  manager.MyListener - 'Start find ' element -->By.xpath: //input[@placeholder='Last Name']
18:35:32.742  INFO  manager.MyListener - 'The element with locator -->By.xpath: //input[@placeholder='Last Name'] <-- was found
18:35:32.820  INFO  manager.MyListener - 'Start find ' element -->By.xpath: //input[@placeholder='Phone']
18:35:32.827  INFO  manager.MyListener - 'The element with locator -->By.xpath: //input[@placeholder='Phone'] <-- was found
18:35:32.912  INFO  manager.MyListener - 'Start find ' element -->By.xpath: //input[@placeholder='email']
18:35:32.920  INFO  manager.MyListener - 'The element with locator -->By.xpath: //input[@placeholder='email'] <-- was found
18:35:33.010  INFO  manager.MyListener - 'Start find ' element -->By.xpath: //input[@placeholder='Address']
18:35:33.018  INFO  manager.MyListener - 'The element with locator -->By.xpath: //input[@placeholder='Address'] <-- was found
18:35:33.104  INFO  manager.MyListener - 'Start find ' element -->By.xpath: //input[@placeholder='description']
18:35:33.112  INFO  manager.MyListener - 'The element with locator -->By.xpath: //input[@placeholder='description'] <-- was found
18:35:33.197  INFO  manager.MyListener - 'Start find ' element -->By.xpath: //b[text()='Save']
18:35:33.206  INFO  manager.MyListener - 'The element with locator -->By.xpath: //b[text()='Save'] <-- was found
18:35:33.268  INFO  manager.MyListener - 'Start find ' element -->By.cssSelector: h2
18:35:33.386  INFO  manager.MyListener - 'The element with locator -->By.cssSelector: h2 <-- was found
18:35:33.458  INFO  manager.MyListener - 'Start find ' element -->By.cssSelector: h3
18:35:33.467  INFO  manager.MyListener - 'The element with locator -->By.cssSelector: h3 <-- was found
18:35:33.657  INFO  tests.TestBase - Start test--->addNewContactSuccessCSV
18:35:33.657  INFO  manager.MyListener - 'Start find ' element -->By.xpath: //button[text()='Sign Out']
18:35:33.664  INFO  manager.MyListener - 'The element with locator -->By.xpath: //button[text()='Sign Out'] <-- was found
18:35:33.665  INFO  manager.MyListener - 'Start find ' element -->By.cssSelector: a[href='/add']
18:35:33.674  INFO  manager.MyListener - 'The element with locator -->By.cssSelector: a[href='/add'] <-- was found
18:35:33.697  INFO  manager.MyListener - 'Start find ' element -->By.xpath: //input[@placeholder='Name']
18:35:33.709  INFO  manager.MyListener - 'The element with locator -->By.xpath: //input[@placeholder='Name'] <-- was found
18:35:33.825  INFO  manager.MyListener - 'Start find ' element -->By.xpath: //input[@placeholder='Last Name']
18:35:33.849  INFO  manager.MyListener - 'The element with locator -->By.xpath: //input[@placeholder='Last Name'] <-- was found
18:35:33.927  INFO  manager.MyListener - 'Start find ' element -->By.xpath: //input[@placeholder='Phone']
18:35:33.935  INFO  manager.MyListener - 'The element with locator -->By.xpath: //input[@placeholder='Phone'] <-- was found
18:35:34.016  INFO  manager.MyListener - 'Start find ' element -->By.xpath: //input[@placeholder='email']
18:35:34.024  INFO  manager.MyListener - 'The element with locator -->By.xpath: //input[@placeholder='email'] <-- was found
18:35:34.119  INFO  manager.MyListener - 'Start find ' element -->By.xpath: //input[@placeholder='Address']
18:35:34.127  INFO  manager.MyListener - 'The element with locator -->By.xpath: //input[@placeholder='Address'] <-- was found
18:35:34.204  INFO  manager.MyListener - 'Start find ' element -->By.xpath: //input[@placeholder='description']
18:35:34.214  INFO  manager.MyListener - 'The element with locator -->By.xpath: //input[@placeholder='description'] <-- was found
18:35:34.297  INFO  manager.MyListener - 'Start find ' element -->By.xpath: //b[text()='Save']
18:35:34.305  INFO  manager.MyListener - 'The element with locator -->By.xpath: //b[text()='Save'] <-- was found
18:35:34.350  INFO  manager.MyListener - 'Start find ' element -->By.cssSelector: h2
18:35:34.493  INFO  manager.MyListener - 'The element with locator -->By.cssSelector: h2 <-- was found
18:35:34.551  INFO  manager.MyListener - 'Start find ' element -->By.cssSelector: h3
18:35:34.559  INFO  manager.MyListener - 'The element with locator -->By.cssSelector: h3 <-- was found
18:35:34.757  INFO  tests.TestBase - Start test--->addNewContactSuccessCSV
18:35:34.759  INFO  manager.MyListener - 'Start find ' element -->By.xpath: //button[text()='Sign Out']
18:35:34.766  INFO  manager.MyListener - 'The element with locator -->By.xpath: //button[text()='Sign Out'] <-- was found
18:35:34.766  INFO  manager.MyListener - 'Start find ' element -->By.cssSelector: a[href='/add']
18:35:34.773  INFO  manager.MyListener - 'The element with locator -->By.cssSelector: a[href='/add'] <-- was found
18:35:34.802  INFO  manager.MyListener - 'Start find ' element -->By.xpath: //input[@placeholder='Name']
18:35:34.810  INFO  manager.MyListener - 'The element with locator -->By.xpath: //input[@placeholder='Name'] <-- was found
18:35:34.915  INFO  manager.MyListener - 'Start find ' element -->By.xpath: //input[@placeholder='Last Name']
18:35:34.922  INFO  manager.MyListener - 'The element with locator -->By.xpath: //input[@placeholder='Last Name'] <-- was found
18:35:35.000  INFO  manager.MyListener - 'Start find ' element -->By.xpath: //input[@placeholder='Phone']
18:35:35.008  INFO  manager.MyListener - 'The element with locator -->By.xpath: //input[@placeholder='Phone'] <-- was found
18:35:35.088  INFO  manager.MyListener - 'Start find ' element -->By.xpath: //input[@placeholder='email']
18:35:35.095  INFO  manager.MyListener - 'The element with locator -->By.xpath: //input[@placeholder='email'] <-- was found
18:35:35.180  INFO  manager.MyListener - 'Start find ' element -->By.xpath: //input[@placeholder='Address']
18:35:35.188  INFO  manager.MyListener - 'The element with locator -->By.xpath: //input[@placeholder='Address'] <-- was found
18:35:35.274  INFO  manager.MyListener - 'Start find ' element -->By.xpath: //input[@placeholder='description']
18:35:35.282  INFO  manager.MyListener - 'The element with locator -->By.xpath: //input[@placeholder='description'] <-- was found
18:35:35.361  INFO  manager.MyListener - 'Start find ' element -->By.xpath: //b[text()='Save']
18:35:35.369  INFO  manager.MyListener - 'The element with locator -->By.xpath: //b[text()='Save'] <-- was found
18:35:35.397  INFO  manager.MyListener - 'Start find ' element -->By.cssSelector: h2
18:35:35.541  INFO  manager.MyListener - 'The element with locator -->By.cssSelector: h2 <-- was found
18:35:35.612  INFO  manager.MyListener - 'Start find ' element -->By.cssSelector: h3
18:35:35.620  INFO  manager.MyListener - 'The element with locator -->By.cssSelector: h3 <-- was found
18:35:35.839  INFO  tests.TestBase - Start test--->loginModelDataProvider
18:35:35.840  INFO  manager.MyListener - 'Start find ' element -->By.xpath: //button[text()='Sign Out']
18:35:35.847  INFO  manager.MyListener - 'The element with locator -->By.xpath: //button[text()='Sign Out'] <-- was found
18:35:35.847  INFO  manager.MyListener - 'Start find ' element -->By.xpath: //button[text()='Sign Out']
18:35:35.858  INFO  manager.MyListener - 'The element with locator -->By.xpath: //button[text()='Sign Out'] <-- was found
18:35:35.895  INFO  manager.MyListener - 'Start find ' element -->By.cssSelector: a[href='/login']
18:35:35.914  INFO  manager.MyListener - 'The element with locator -->By.cssSelector: a[href='/login'] <-- was found
18:35:35.947  INFO  manager.MyListener - 'Start find ' element -->By.xpath: (//input[@placeholder='Email'])[1]
18:35:35.956  INFO  manager.MyListener - 'The element with locator -->By.xpath: (//input[@placeholder='Email'])[1] <-- was found
18:35:36.076  INFO  manager.MyListener - 'Start find ' element -->By.xpath: (//input[@placeholder='Password'])[1]
18:35:36.149  INFO  manager.MyListener - 'The element with locator -->By.xpath: (//input[@placeholder='Password'])[1] <-- was found
18:35:36.249  INFO  manager.MyListener - 'Start find ' element -->By.cssSelector: button[name='login']
18:35:36.258  INFO  manager.MyListener - 'The element with locator -->By.cssSelector: button[name='login'] <-- was found
18:35:36.316  INFO  manager.MyListener - 'Start find ' element -->By.xpath: //button[text()='Sign Out']
18:35:36.432  INFO  manager.MyListener - 'The element with locator -->By.xpath: //button[text()='Sign Out'] <-- was found
18:35:36.433  INFO  tests.TestBase - Start test--->loginModelDataProvider
18:35:36.433  INFO  manager.MyListener - 'Start find ' element -->By.xpath: //button[text()='Sign Out']
18:35:36.440  INFO  manager.MyListener - 'The element with locator -->By.xpath: //button[text()='Sign Out'] <-- was found
18:35:36.441  INFO  manager.MyListener - 'Start find ' element -->By.xpath: //button[text()='Sign Out']
18:35:36.447  INFO  manager.MyListener - 'The element with locator -->By.xpath: //button[text()='Sign Out'] <-- was found
18:35:36.479  INFO  manager.MyListener - 'Start find ' element -->By.cssSelector: a[href='/login']
18:35:36.492  INFO  manager.MyListener - 'The element with locator -->By.cssSelector: a[href='/login'] <-- was found
18:35:36.527  INFO  manager.MyListener - 'Start find ' element -->By.xpath: (//input[@placeholder='Email'])[1]
18:35:36.535  INFO  manager.MyListener - 'The element with locator -->By.xpath: (//input[@placeholder='Email'])[1] <-- was found
18:35:36.665  INFO  manager.MyListener - 'Start find ' element -->By.xpath: (//input[@placeholder='Password'])[1]
18:35:36.684  INFO  manager.MyListener - 'The element with locator -->By.xpath: (//input[@placeholder='Password'])[1] <-- was found
18:35:36.798  INFO  manager.MyListener - 'Start find ' element -->By.cssSelector: button[name='login']
18:35:36.809  INFO  manager.MyListener - 'The element with locator -->By.cssSelector: button[name='login'] <-- was found
18:35:36.851  INFO  manager.MyListener - 'Start find ' element -->By.xpath: //button[text()='Sign Out']
18:35:37.015  INFO  manager.MyListener - 'The element with locator -->By.xpath: //button[text()='Sign Out'] <-- was found
18:35:37.023  INFO  tests.TestBase - Start test--->loginModelDataProvider
18:35:37.043  INFO  manager.MyListener - 'Start find ' element -->By.xpath: //button[text()='Sign Out']
18:35:37.087  INFO  manager.MyListener - 'The element with locator -->By.xpath: //button[text()='Sign Out'] <-- was found
18:35:37.101  INFO  manager.MyListener - 'Start find ' element -->By.xpath: //button[text()='Sign Out']
18:35:37.109  INFO  manager.MyListener - 'The element with locator -->By.xpath: //button[text()='Sign Out'] <-- was found
18:35:37.157  INFO  manager.MyListener - 'Start find ' element -->By.cssSelector: a[href='/login']
18:35:37.185  INFO  manager.MyListener - 'The element with locator -->By.cssSelector: a[href='/login'] <-- was found
18:35:37.221  INFO  manager.MyListener - 'Start find ' element -->By.xpath: (//input[@placeholder='Email'])[1]
18:35:37.246  INFO  manager.MyListener - 'The element with locator -->By.xpath: (//input[@placeholder='Email'])[1] <-- was found
18:35:37.375  INFO  manager.MyListener - 'Start find ' element -->By.xpath: (//input[@placeholder='Password'])[1]
18:35:37.385  INFO  manager.MyListener - 'The element with locator -->By.xpath: (//input[@placeholder='Password'])[1] <-- was found
18:35:37.481  INFO  manager.MyListener - 'Start find ' element -->By.cssSelector: button[name='login']
18:35:37.489  INFO  manager.MyListener - 'The element with locator -->By.cssSelector: button[name='login'] <-- was found
18:35:37.518  INFO  manager.MyListener - 'Start find ' element -->By.xpath: //button[text()='Sign Out']
18:35:37.729  INFO  manager.MyListener - 'The element with locator -->By.xpath: //button[text()='Sign Out'] <-- was found
18:35:37.747  INFO  tests.TestBase - Start test--->loginModelDataProvider
18:35:37.748  INFO  manager.MyListener - 'Start find ' element -->By.xpath: //button[text()='Sign Out']
18:35:37.755  INFO  manager.MyListener - 'The element with locator -->By.xpath: //button[text()='Sign Out'] <-- was found
18:35:37.772  INFO  manager.MyListener - 'Start find ' element -->By.xpath: //button[text()='Sign Out']
18:35:37.779  INFO  manager.MyListener - 'The element with locator -->By.xpath: //button[text()='Sign Out'] <-- was found
18:35:37.844  INFO  manager.MyListener - 'Start find ' element -->By.cssSelector: a[href='/login']
18:35:37.865  INFO  manager.MyListener - 'The element with locator -->By.cssSelector: a[href='/login'] <-- was found
18:35:37.918  INFO  manager.MyListener - 'Start find ' element -->By.xpath: (//input[@placeholder='Email'])[1]
18:35:37.935  INFO  manager.MyListener - 'The element with locator -->By.xpath: (//input[@placeholder='Email'])[1] <-- was found
18:35:38.084  INFO  manager.MyListener - 'Start find ' element -->By.xpath: (//input[@placeholder='Password'])[1]
18:35:38.106  INFO  manager.MyListener - 'The element with locator -->By.xpath: (//input[@placeholder='Password'])[1] <-- was found
18:35:38.215  INFO  manager.MyListener - 'Start find ' element -->By.cssSelector: button[name='login']
18:35:38.223  INFO  manager.MyListener - 'The element with locator -->By.cssSelector: button[name='login'] <-- was found
18:35:38.280  INFO  manager.MyListener - 'Start find ' element -->By.xpath: //button[text()='Sign Out']
18:35:38.420  INFO  manager.MyListener - 'The element with locator -->By.xpath: //button[text()='Sign Out'] <-- was found
18:35:38.422  INFO  tests.TestBase - Start test--->loginModelDataProviderCSV
18:35:38.422  INFO  manager.MyListener - 'Start find ' element -->By.xpath: //button[text()='Sign Out']
18:35:38.429  INFO  manager.MyListener - 'The element with locator -->By.xpath: //button[text()='Sign Out'] <-- was found
18:35:38.429  INFO  manager.MyListener - 'Start find ' element -->By.xpath: //button[text()='Sign Out']
18:35:38.437  INFO  manager.MyListener - 'The element with locator -->By.xpath: //button[text()='Sign Out'] <-- was found
18:35:38.475  INFO  manager.MyListener - 'Start find ' element -->By.cssSelector: a[href='/login']
18:35:38.491  INFO  manager.MyListener - 'The element with locator -->By.cssSelector: a[href='/login'] <-- was found
18:35:38.521  INFO  manager.MyListener - 'Start find ' element -->By.xpath: (//input[@placeholder='Email'])[1]
18:35:38.545  INFO  manager.MyListener - 'The element with locator -->By.xpath: (//input[@placeholder='Email'])[1] <-- was found
18:35:38.696  INFO  manager.MyListener - 'Start find ' element -->By.xpath: (//input[@placeholder='Password'])[1]
18:35:38.708  INFO  manager.MyListener - 'The element with locator -->By.xpath: (//input[@placeholder='Password'])[1] <-- was found
18:35:38.827  INFO  manager.MyListener - 'Start find ' element -->By.cssSelector: button[name='login']
18:35:38.843  INFO  manager.MyListener - 'The element with locator -->By.cssSelector: button[name='login'] <-- was found
18:35:38.915  INFO  manager.MyListener - 'Start find ' element -->By.xpath: //button[text()='Sign Out']
18:35:39.036  INFO  manager.MyListener - 'The element with locator -->By.xpath: //button[text()='Sign Out'] <-- was found
18:35:39.037  INFO  tests.TestBase - Start test--->loginModelDataProviderCSV
18:35:39.037  INFO  manager.MyListener - 'Start find ' element -->By.xpath: //button[text()='Sign Out']
18:35:39.044  INFO  manager.MyListener - 'The element with locator -->By.xpath: //button[text()='Sign Out'] <-- was found
18:35:39.044  INFO  manager.MyListener - 'Start find ' element -->By.xpath: //button[text()='Sign Out']
18:35:39.051  INFO  manager.MyListener - 'The element with locator -->By.xpath: //button[text()='Sign Out'] <-- was found
18:35:39.082  INFO  manager.MyListener - 'Start find ' element -->By.cssSelector: a[href='/login']
18:35:39.096  INFO  manager.MyListener - 'The element with locator -->By.cssSelector: a[href='/login'] <-- was found
18:35:39.126  INFO  manager.MyListener - 'Start find ' element -->By.xpath: (//input[@placeholder='Email'])[1]
18:35:39.134  INFO  manager.MyListener - 'The element with locator -->By.xpath: (//input[@placeholder='Email'])[1] <-- was found
18:35:39.262  INFO  manager.MyListener - 'Start find ' element -->By.xpath: (//input[@placeholder='Password'])[1]
18:35:39.273  INFO  manager.MyListener - 'The element with locator -->By.xpath: (//input[@placeholder='Password'])[1] <-- was found
18:35:39.367  INFO  manager.MyListener - 'Start find ' element -->By.cssSelector: button[name='login']
18:35:39.377  INFO  manager.MyListener - 'The element with locator -->By.cssSelector: button[name='login'] <-- was found
18:35:39.436  INFO  manager.MyListener - 'Start find ' element -->By.xpath: //button[text()='Sign Out']
18:35:39.555  INFO  manager.MyListener - 'The element with locator -->By.xpath: //button[text()='Sign Out'] <-- was found
18:35:39.556  INFO  tests.TestBase - Start test--->loginModelDataProviderCSV
18:35:39.556  INFO  manager.MyListener - 'Start find ' element -->By.xpath: //button[text()='Sign Out']
18:35:39.563  INFO  manager.MyListener - 'The element with locator -->By.xpath: //button[text()='Sign Out'] <-- was found
18:35:39.563  INFO  manager.MyListener - 'Start find ' element -->By.xpath: //button[text()='Sign Out']
18:35:39.570  INFO  manager.MyListener - 'The element with locator -->By.xpath: //button[text()='Sign Out'] <-- was found
18:35:39.608  INFO  manager.MyListener - 'Start find ' element -->By.cssSelector: a[href='/login']
18:35:39.614  INFO  manager.MyListener - 'The element with locator -->By.cssSelector: a[href='/login'] <-- was found
18:35:39.644  INFO  manager.MyListener - 'Start find ' element -->By.xpath: (//input[@placeholder='Email'])[1]
18:35:39.652  INFO  manager.MyListener - 'The element with locator -->By.xpath: (//input[@placeholder='Email'])[1] <-- was found
18:35:39.779  INFO  manager.MyListener - 'Start find ' element -->By.xpath: (//input[@placeholder='Password'])[1]
18:35:39.787  INFO  manager.MyListener - 'The element with locator -->By.xpath: (//input[@placeholder='Password'])[1] <-- was found
18:35:39.877  INFO  manager.MyListener - 'Start find ' element -->By.cssSelector: button[name='login']
18:35:39.884  INFO  manager.MyListener - 'The element with locator -->By.cssSelector: button[name='login'] <-- was found
18:35:39.944  INFO  manager.MyListener - 'Start find ' element -->By.xpath: //button[text()='Sign Out']
18:35:40.064  INFO  manager.MyListener - 'The element with locator -->By.xpath: //button[text()='Sign Out'] <-- was found
18:35:40.064  INFO  tests.TestBase - Start test--->loginModelDataProviderCSV
18:35:40.065  INFO  manager.MyListener - 'Start find ' element -->By.xpath: //button[text()='Sign Out']
18:35:40.072  INFO  manager.MyListener - 'The element with locator -->By.xpath: //button[text()='Sign Out'] <-- was found
18:35:40.072  INFO  manager.MyListener - 'Start find ' element -->By.xpath: //button[text()='Sign Out']
18:35:40.079  INFO  manager.MyListener - 'The element with locator -->By.xpath: //button[text()='Sign Out'] <-- was found
18:35:40.113  INFO  manager.MyListener - 'Start find ' element -->By.cssSelector: a[href='/login']
18:35:40.128  INFO  manager.MyListener - 'The element with locator -->By.cssSelector: a[href='/login'] <-- was found
18:35:40.158  INFO  manager.MyListener - 'Start find ' element -->By.xpath: (//input[@placeholder='Email'])[1]
18:35:40.166  INFO  manager.MyListener - 'The element with locator -->By.xpath: (//input[@placeholder='Email'])[1] <-- was found
18:35:40.306  INFO  manager.MyListener - 'Start find ' element -->By.xpath: (//input[@placeholder='Password'])[1]
18:35:40.318  INFO  manager.MyListener - 'The element with locator -->By.xpath: (//input[@placeholder='Password'])[1] <-- was found
18:35:40.413  INFO  manager.MyListener - 'Start find ' element -->By.cssSelector: button[name='login']
18:35:40.421  INFO  manager.MyListener - 'The element with locator -->By.cssSelector: button[name='login'] <-- was found
18:35:40.451  INFO  manager.MyListener - 'Start find ' element -->By.xpath: //button[text()='Sign Out']
18:35:40.595  INFO  manager.MyListener - 'The element with locator -->By.xpath: //button[text()='Sign Out'] <-- was found
18:35:40.596  INFO  tests.TestBase - Start test--->loginNegativeTestWrongPassword
18:35:40.596  INFO  manager.MyListener - 'Start find ' element -->By.xpath: //button[text()='Sign Out']
18:35:40.603  INFO  manager.MyListener - 'The element with locator -->By.xpath: //button[text()='Sign Out'] <-- was found
18:35:40.604  INFO  manager.MyListener - 'Start find ' element -->By.xpath: //button[text()='Sign Out']
18:35:40.610  INFO  manager.MyListener - 'The element with locator -->By.xpath: //button[text()='Sign Out'] <-- was found
18:35:40.644  INFO  manager.MyListener - 'Start find ' element -->By.cssSelector: a[href='/login']
18:35:40.652  INFO  manager.MyListener - 'The element with locator -->By.cssSelector: a[href='/login'] <-- was found
18:35:40.685  INFO  manager.MyListener - 'Start find ' element -->By.xpath: (//input[@placeholder='Email'])[1]
18:35:40.692  INFO  manager.MyListener - 'The element with locator -->By.xpath: (//input[@placeholder='Email'])[1] <-- was found
18:35:40.845  INFO  manager.MyListener - 'Start find ' element -->By.xpath: (//input[@placeholder='Password'])[1]
18:35:40.855  INFO  manager.MyListener - 'The element with locator -->By.xpath: (//input[@placeholder='Password'])[1] <-- was found
18:35:40.942  INFO  manager.MyListener - 'Start find ' element -->By.cssSelector: button[name='login']
18:35:40.949  INFO  manager.MyListener - 'The element with locator -->By.cssSelector: button[name='login'] <-- was found
18:35:41.010  INFO  manager.MyListener - 'Start find ' element -->By.xpath: //button[text()='Sign Out']
18:35:41.275  INFO  manager.MyListener - 'The element with locator -->By.xpath: //button[text()='Sign Out'] <-- was found
18:35:41.303  INFO  tests.TestBase - Start test--->loginSuccess
18:35:41.304  INFO  manager.MyListener - 'Start find ' element -->By.xpath: //button[text()='Sign Out']
18:35:46.388  INFO  manager.MyListener - 'The element with locator -->By.xpath: //button[text()='Sign Out'] <-- was found
18:35:46.393  INFO  tests.TestBase - Test start with email: miomi@gmail.com and password: Mmiomi12345$
18:35:46.393  INFO  manager.MyListener - 'Start find ' element -->By.cssSelector: a[href='/login']
18:35:46.399  INFO  manager.MyListener - 'The element with locator -->By.cssSelector: a[href='/login'] <-- was found
18:35:46.426  INFO  manager.MyListener - 'Start find ' element -->By.xpath: (//input[@placeholder='Email'])[1]
18:35:46.434  INFO  manager.MyListener - 'The element with locator -->By.xpath: (//input[@placeholder='Email'])[1] <-- was found
18:35:46.634  INFO  manager.MyListener - 'Start find ' element -->By.xpath: (//input[@placeholder='Password'])[1]
18:35:46.641  INFO  manager.MyListener - 'The element with locator -->By.xpath: (//input[@placeholder='Password'])[1] <-- was found
18:35:46.809  INFO  manager.MyListener - 'Start find ' element -->By.cssSelector: button[name='login']
18:35:46.815  INFO  manager.MyListener - 'The element with locator -->By.cssSelector: button[name='login'] <-- was found
18:35:46.846  INFO  tests.TestBase - Test passed
18:35:46.847  INFO  tests.TestBase - Start test--->loginSuccess
18:35:46.848  INFO  manager.MyListener - 'Start find ' element -->By.xpath: //button[text()='Sign Out']
18:35:47.136  INFO  manager.MyListener - 'The element with locator -->By.xpath: //button[text()='Sign Out'] <-- was found
18:35:47.137  INFO  tests.TestBase - Test start with email: noa@gmail.com and password: Nnoa12345$
18:35:47.137  INFO  manager.MyListener - 'Start find ' element -->By.cssSelector: a[href='/login']
18:35:47.177  INFO  manager.MyListener - We have a 'throwable' -->unexpected alert open: {Alert text : Wrong email or password}
  (Session info: chrome=109.0.5414.119): Wrong email or password
Build info: version: '3.141.59', revision: 'e82be7d358', time: '2018-11-14T08:17:03'
System info: host: 'MBP-Irina', ip: '2600:4040:5f1e:f100:6468:b93b:ea88:60b2%en0', os.name: 'Mac OS X', os.arch: 'x86_64', os.version: '12.6.2', java.version: '11.0.17'
Driver info: org.openqa.selenium.chrome.ChromeDriver
Capabilities {acceptInsecureCerts: false, browserName: chrome, browserVersion: 109.0.5414.119, chrome: {chromedriverVersion: 109.0.5414.74 (e7c5703604da..., userDataDir: /var/folders/gy/c09sdzsx70q...}, goog:chromeOptions: {debuggerAddress: localhost:62054}, javascriptEnabled: true, networkConnectionEnabled: false, pageLoadStrategy: normal, platform: MAC, platformName: MAC, proxy: Proxy(), setWindowRect: true, strictFileInteractability: false, timeouts: {implicit: 0, pageLoad: 300000, script: 30000}, unhandledPromptBehavior: dismiss and notify, webauthn:extension:credBlob: true, webauthn:extension:largeBlob: true, webauthn:virtualAuthenticators: true}
Session ID: 0dc4b2f107b8ec27b18963d7a48920ad
*** Element info: {Using=css selector, value=a[href='/login']}
18:35:47.177  INFO  manager.MyListener - We have a 'throwable' -->org.openqa.selenium.UnhandledAlertException: unexpected alert open: {Alert text : Wrong email or password}
  (Session info: chrome=109.0.5414.119): Wrong email or password
Build info: version: '3.141.59', revision: 'e82be7d358', time: '2018-11-14T08:17:03'
System info: host: 'MBP-Irina', ip: '2600:4040:5f1e:f100:6468:b93b:ea88:60b2%en0', os.name: 'Mac OS X', os.arch: 'x86_64', os.version: '12.6.2', java.version: '11.0.17'
Driver info: org.openqa.selenium.chrome.ChromeDriver
Capabilities {acceptInsecureCerts: false, browserName: chrome, browserVersion: 109.0.5414.119, chrome: {chromedriverVersion: 109.0.5414.74 (e7c5703604da..., userDataDir: /var/folders/gy/c09sdzsx70q...}, goog:chromeOptions: {debuggerAddress: localhost:62054}, javascriptEnabled: true, networkConnectionEnabled: false, pageLoadStrategy: normal, platform: MAC, platformName: MAC, proxy: Proxy(), setWindowRect: true, strictFileInteractability: false, timeouts: {implicit: 0, pageLoad: 300000, script: 30000}, unhandledPromptBehavior: dismiss and notify, webauthn:extension:credBlob: true, webauthn:extension:largeBlob: true, webauthn:virtualAuthenticators: true}
Session ID: 0dc4b2f107b8ec27b18963d7a48920ad
*** Element info: {Using=css selector, value=a[href='/login']}
18:35:48.411  INFO  manager.MyListener - This link to screen with problem --> src/test/resources/screenshots/screen-2147.png
18:35:48.412  INFO  tests.TestBase - Start test--->loginSuccess
18:35:48.412  INFO  manager.MyListener - 'Start find ' element -->By.xpath: //button[text()='Sign Out']
18:35:53.424  INFO  manager.MyListener - 'The element with locator -->By.xpath: //button[text()='Sign Out'] <-- was found
18:35:53.424  INFO  tests.TestBase - Test start with email: zoa@gmail.com and password: Zoa12345$
18:35:53.425  INFO  manager.MyListener - 'Start find ' element -->By.cssSelector: a[href='/login']
18:35:53.431  INFO  manager.MyListener - 'The element with locator -->By.cssSelector: a[href='/login'] <-- was found
18:35:53.450  INFO  manager.MyListener - 'Start find ' element -->By.xpath: (//input[@placeholder='Email'])[1]
18:35:53.459  INFO  manager.MyListener - 'The element with locator -->By.xpath: (//input[@placeholder='Email'])[1] <-- was found
18:35:53.638  INFO  manager.MyListener - 'Start find ' element -->By.xpath: (//input[@placeholder='Password'])[1]
18:35:53.645  INFO  manager.MyListener - 'The element with locator -->By.xpath: (//input[@placeholder='Password'])[1] <-- was found
18:35:53.802  INFO  manager.MyListener - 'Start find ' element -->By.cssSelector: button[name='login']
18:35:53.809  INFO  manager.MyListener - 'The element with locator -->By.cssSelector: button[name='login'] <-- was found
18:35:53.866  INFO  tests.TestBase - Test passed
18:35:53.867  INFO  tests.TestBase - Start test--->loginSuccess
18:35:53.867  INFO  manager.MyListener - 'Start find ' element -->By.xpath: //button[text()='Sign Out']
18:35:53.984  INFO  manager.MyListener - 'The element with locator -->By.xpath: //button[text()='Sign Out'] <-- was found
18:35:53.984  INFO  manager.MyListener - 'Start find ' element -->By.xpath: //button[text()='Sign Out']
18:35:53.991  INFO  manager.MyListener - 'The element with locator -->By.xpath: //button[text()='Sign Out'] <-- was found
18:35:54.025  INFO  tests.TestBase - Test start with email: wick34@gmail.com and password: Wick12345$
18:35:54.025  INFO  manager.MyListener - 'Start find ' element -->By.cssSelector: a[href='/login']
18:35:54.037  INFO  manager.MyListener - 'The element with locator -->By.cssSelector: a[href='/login'] <-- was found
18:35:54.073  INFO  manager.MyListener - 'Start find ' element -->By.xpath: (//input[@placeholder='Email'])[1]
18:35:54.082  INFO  manager.MyListener - 'The element with locator -->By.xpath: (//input[@placeholder='Email'])[1] <-- was found
18:35:54.212  INFO  manager.MyListener - 'Start find ' element -->By.xpath: (//input[@placeholder='Password'])[1]
18:35:54.223  INFO  manager.MyListener - 'The element with locator -->By.xpath: (//input[@placeholder='Password'])[1] <-- was found
18:35:54.314  INFO  manager.MyListener - 'Start find ' element -->By.cssSelector: button[name='login']
18:35:54.321  INFO  manager.MyListener - 'The element with locator -->By.cssSelector: button[name='login'] <-- was found
18:35:54.351  INFO  tests.TestBase - Test passed
18:35:54.352  INFO  tests.TestBase - Start test--->registrationSuccess
18:35:54.353  INFO  manager.MyListener - 'Start find ' element -->By.xpath: //button[text()='Sign Out']
18:35:54.636  INFO  manager.MyListener - 'The element with locator -->By.xpath: //button[text()='Sign Out'] <-- was found
18:35:54.637  INFO  manager.MyListener - 'Start find ' element -->By.cssSelector: a[href='/login']
18:35:54.654  INFO  manager.MyListener - We have a 'throwable' -->unexpected alert open: {Alert text : Wrong email or password}
  (Session info: chrome=109.0.5414.119): Wrong email or password
Build info: version: '3.141.59', revision: 'e82be7d358', time: '2018-11-14T08:17:03'
System info: host: 'MBP-Irina', ip: '2600:4040:5f1e:f100:6468:b93b:ea88:60b2%en0', os.name: 'Mac OS X', os.arch: 'x86_64', os.version: '12.6.2', java.version: '11.0.17'
Driver info: org.openqa.selenium.chrome.ChromeDriver
Capabilities {acceptInsecureCerts: false, browserName: chrome, browserVersion: 109.0.5414.119, chrome: {chromedriverVersion: 109.0.5414.74 (e7c5703604da..., userDataDir: /var/folders/gy/c09sdzsx70q...}, goog:chromeOptions: {debuggerAddress: localhost:62054}, javascriptEnabled: true, networkConnectionEnabled: false, pageLoadStrategy: normal, platform: MAC, platformName: MAC, proxy: Proxy(), setWindowRect: true, strictFileInteractability: false, timeouts: {implicit: 0, pageLoad: 300000, script: 30000}, unhandledPromptBehavior: dismiss and notify, webauthn:extension:credBlob: true, webauthn:extension:largeBlob: true, webauthn:virtualAuthenticators: true}
Session ID: 0dc4b2f107b8ec27b18963d7a48920ad
*** Element info: {Using=css selector, value=a[href='/login']}
18:35:54.654  INFO  manager.MyListener - We have a 'throwable' -->org.openqa.selenium.UnhandledAlertException: unexpected alert open: {Alert text : Wrong email or password}
  (Session info: chrome=109.0.5414.119): Wrong email or password
Build info: version: '3.141.59', revision: 'e82be7d358', time: '2018-11-14T08:17:03'
System info: host: 'MBP-Irina', ip: '2600:4040:5f1e:f100:6468:b93b:ea88:60b2%en0', os.name: 'Mac OS X', os.arch: 'x86_64', os.version: '12.6.2', java.version: '11.0.17'
Driver info: org.openqa.selenium.chrome.ChromeDriver
Capabilities {acceptInsecureCerts: false, browserName: chrome, browserVersion: 109.0.5414.119, chrome: {chromedriverVersion: 109.0.5414.74 (e7c5703604da..., userDataDir: /var/folders/gy/c09sdzsx70q...}, goog:chromeOptions: {debuggerAddress: localhost:62054}, javascriptEnabled: true, networkConnectionEnabled: false, pageLoadStrategy: normal, platform: MAC, platformName: MAC, proxy: Proxy(), setWindowRect: true, strictFileInteractability: false, timeouts: {implicit: 0, pageLoad: 300000, script: 30000}, unhandledPromptBehavior: dismiss and notify, webauthn:extension:credBlob: true, webauthn:extension:largeBlob: true, webauthn:virtualAuthenticators: true}
Session ID: 0dc4b2f107b8ec27b18963d7a48920ad
*** Element info: {Using=css selector, value=a[href='/login']}
18:35:55.820  INFO  manager.MyListener - This link to screen with problem --> src/test/resources/screenshots/screen-2154.png
18:35:55.822  INFO  tests.TestBase - Start test--->removeAllContacts
18:35:55.822  INFO  manager.MyListener - 'Start find ' element -->By.xpath: //button[text()='Sign Out']
18:36:00.873  INFO  manager.MyListener - 'The element with locator -->By.xpath: //button[text()='Sign Out'] <-- was found
18:36:00.873  INFO  manager.MyListener - 'Start find ' element -->By.cssSelector: a[href='/login']
18:36:00.879  INFO  manager.MyListener - 'The element with locator -->By.cssSelector: a[href='/login'] <-- was found
18:36:00.899  INFO  manager.MyListener - 'Start find ' element -->By.xpath: (//input[@placeholder='Email'])[1]
18:36:00.907  INFO  manager.MyListener - 'The element with locator -->By.xpath: (//input[@placeholder='Email'])[1] <-- was found
18:36:01.090  INFO  manager.MyListener - 'Start find ' element -->By.xpath: (//input[@placeholder='Password'])[1]
18:36:01.097  INFO  manager.MyListener - 'The element with locator -->By.xpath: (//input[@placeholder='Password'])[1] <-- was found
18:36:01.244  INFO  manager.MyListener - 'Start find ' element -->By.cssSelector: button[name='login']
18:36:01.251  INFO  manager.MyListener - 'The element with locator -->By.cssSelector: button[name='login'] <-- was found
18:36:01.280  INFO  manager.MyListener - 'Start find ' element -->By.cssSelector: .contact-item_card__2SOIM
18:36:01.484  INFO  manager.MyListener - 'The element with locator -->By.cssSelector: .contact-item_card__2SOIM <-- was found
18:36:01.485  INFO  manager.MyListener - 'Start find ' element -->By.cssSelector: .contact-item_card__2SOIM
18:36:01.493  INFO  manager.MyListener - 'The element with locator -->By.cssSelector: .contact-item_card__2SOIM <-- was found
18:36:01.493  INFO  manager.MyListener - 'Start find ' element -->By.cssSelector: .contact-item_card__2SOIM
18:36:01.503  INFO  manager.MyListener - 'The element with locator -->By.cssSelector: .contact-item_card__2SOIM <-- was found
18:36:01.541  INFO  manager.MyListener - 'Start find ' element -->By.xpath: //button[text()='Remove']
18:36:01.551  INFO  manager.MyListener - 'The element with locator -->By.xpath: //button[text()='Remove'] <-- was found
18:36:02.583  INFO  manager.MyListener - 'Start find ' element -->By.cssSelector: .contact-item_card__2SOIM
18:36:02.593  INFO  manager.MyListener - 'The element with locator -->By.cssSelector: .contact-item_card__2SOIM <-- was found
18:36:02.593  INFO  manager.MyListener - 'Start find ' element -->By.cssSelector: .contact-item_card__2SOIM
18:36:02.600  INFO  manager.MyListener - 'The element with locator -->By.cssSelector: .contact-item_card__2SOIM <-- was found
18:36:02.622  INFO  manager.MyListener - 'Start find ' element -->By.xpath: //button[text()='Remove']
18:36:02.629  INFO  manager.MyListener - 'The element with locator -->By.xpath: //button[text()='Remove'] <-- was found
18:36:03.659  INFO  manager.MyListener - 'Start find ' element -->By.cssSelector: .contact-item_card__2SOIM
18:36:03.667  INFO  manager.MyListener - 'The element with locator -->By.cssSelector: .contact-item_card__2SOIM <-- was found
18:36:03.668  INFO  manager.MyListener - 'Start find ' element -->By.cssSelector: .contact-item_card__2SOIM
18:36:03.674  INFO  manager.MyListener - 'The element with locator -->By.cssSelector: .contact-item_card__2SOIM <-- was found
18:36:03.695  INFO  manager.MyListener - 'Start find ' element -->By.xpath: //button[text()='Remove']
18:36:03.703  INFO  manager.MyListener - 'The element with locator -->By.xpath: //button[text()='Remove'] <-- was found
18:36:04.731  INFO  manager.MyListener - 'Start find ' element -->By.cssSelector: .contact-item_card__2SOIM
18:36:04.740  INFO  manager.MyListener - 'The element with locator -->By.cssSelector: .contact-item_card__2SOIM <-- was found
18:36:04.740  INFO  manager.MyListener - 'Start find ' element -->By.cssSelector: .contact-item_card__2SOIM
18:36:04.747  INFO  manager.MyListener - 'The element with locator -->By.cssSelector: .contact-item_card__2SOIM <-- was found
18:36:04.767  INFO  manager.MyListener - 'Start find ' element -->By.xpath: //button[text()='Remove']
18:36:04.776  INFO  manager.MyListener - 'The element with locator -->By.xpath: //button[text()='Remove'] <-- was found
18:36:05.808  INFO  manager.MyListener - 'Start find ' element -->By.cssSelector: .contact-item_card__2SOIM
18:36:05.816  INFO  manager.MyListener - 'The element with locator -->By.cssSelector: .contact-item_card__2SOIM <-- was found
18:36:05.816  INFO  manager.MyListener - 'Start find ' element -->By.cssSelector: .contact-item_card__2SOIM
18:36:05.823  INFO  manager.MyListener - 'The element with locator -->By.cssSelector: .contact-item_card__2SOIM <-- was found
18:36:05.843  INFO  manager.MyListener - 'Start find ' element -->By.xpath: //button[text()='Remove']
18:36:05.850  INFO  manager.MyListener - 'The element with locator -->By.xpath: //button[text()='Remove'] <-- was found
18:36:06.878  INFO  manager.MyListener - 'Start find ' element -->By.cssSelector: .contact-item_card__2SOIM
18:36:06.888  INFO  manager.MyListener - 'The element with locator -->By.cssSelector: .contact-item_card__2SOIM <-- was found
18:36:06.889  INFO  manager.MyListener - 'Start find ' element -->By.cssSelector: .contact-item_card__2SOIM
18:36:06.896  INFO  manager.MyListener - 'The element with locator -->By.cssSelector: .contact-item_card__2SOIM <-- was found
18:36:06.917  INFO  manager.MyListener - 'Start find ' element -->By.xpath: //button[text()='Remove']
18:36:06.925  INFO  manager.MyListener - 'The element with locator -->By.xpath: //button[text()='Remove'] <-- was found
18:36:07.954  INFO  manager.MyListener - 'Start find ' element -->By.cssSelector: .contact-item_card__2SOIM
18:36:07.962  INFO  manager.MyListener - 'The element with locator -->By.cssSelector: .contact-item_card__2SOIM <-- was found
18:36:07.962  INFO  manager.MyListener - 'Start find ' element -->By.cssSelector: .contact-item_card__2SOIM
18:36:07.969  INFO  manager.MyListener - 'The element with locator -->By.cssSelector: .contact-item_card__2SOIM <-- was found
18:36:07.988  INFO  manager.MyListener - 'Start find ' element -->By.xpath: //button[text()='Remove']
18:36:07.996  INFO  manager.MyListener - 'The element with locator -->By.xpath: //button[text()='Remove'] <-- was found
18:36:09.028  INFO  manager.MyListener - 'Start find ' element -->By.cssSelector: .contact-item_card__2SOIM
18:36:09.038  INFO  manager.MyListener - 'The element with locator -->By.cssSelector: .contact-item_card__2SOIM <-- was found
18:36:09.038  INFO  manager.MyListener - 'Start find ' element -->By.cssSelector: .contact-item_card__2SOIM
18:36:09.044  INFO  manager.MyListener - 'The element with locator -->By.cssSelector: .contact-item_card__2SOIM <-- was found
18:36:09.064  INFO  manager.MyListener - 'Start find ' element -->By.xpath: //button[text()='Remove']
18:36:09.071  INFO  manager.MyListener - 'The element with locator -->By.xpath: //button[text()='Remove'] <-- was found
18:36:10.097  INFO  manager.MyListener - 'Start find ' element -->By.cssSelector: .contact-item_card__2SOIM
18:36:10.108  INFO  manager.MyListener - 'The element with locator -->By.cssSelector: .contact-item_card__2SOIM <-- was found
18:36:10.108  INFO  manager.MyListener - 'Start find ' element -->By.cssSelector: .contact-item_card__2SOIM
18:36:10.116  INFO  manager.MyListener - 'The element with locator -->By.cssSelector: .contact-item_card__2SOIM <-- was found
18:36:10.138  INFO  manager.MyListener - 'Start find ' element -->By.xpath: //button[text()='Remove']
18:36:10.144  INFO  manager.MyListener - 'The element with locator -->By.xpath: //button[text()='Remove'] <-- was found
18:36:11.170  INFO  manager.MyListener - 'Start find ' element -->By.cssSelector: .contact-item_card__2SOIM
18:36:11.178  INFO  manager.MyListener - 'The element with locator -->By.cssSelector: .contact-item_card__2SOIM <-- was found
18:36:11.178  INFO  manager.MyListener - 'Start find ' element -->By.cssSelector: .contact-item_card__2SOIM
18:36:11.185  INFO  manager.MyListener - 'The element with locator -->By.cssSelector: .contact-item_card__2SOIM <-- was found
18:36:11.207  INFO  manager.MyListener - 'Start find ' element -->By.xpath: //button[text()='Remove']
18:36:11.214  INFO  manager.MyListener - 'The element with locator -->By.xpath: //button[text()='Remove'] <-- was found
18:36:12.241  INFO  manager.MyListener - 'Start find ' element -->By.cssSelector: .contact-item_card__2SOIM
18:36:12.250  INFO  manager.MyListener - 'The element with locator -->By.cssSelector: .contact-item_card__2SOIM <-- was found
18:36:12.251  INFO  manager.MyListener - 'Start find ' element -->By.cssSelector: .contact-item_card__2SOIM
18:36:12.257  INFO  manager.MyListener - 'The element with locator -->By.cssSelector: .contact-item_card__2SOIM <-- was found
18:36:12.277  INFO  manager.MyListener - 'Start find ' element -->By.xpath: //button[text()='Remove']
18:36:12.283  INFO  manager.MyListener - 'The element with locator -->By.xpath: //button[text()='Remove'] <-- was found
18:36:13.314  INFO  manager.MyListener - 'Start find ' element -->By.cssSelector: .contact-item_card__2SOIM
18:36:13.322  INFO  manager.MyListener - 'The element with locator -->By.cssSelector: .contact-item_card__2SOIM <-- was found
18:36:13.322  INFO  manager.MyListener - 'Start find ' element -->By.cssSelector: .contact-item_card__2SOIM
18:36:13.329  INFO  manager.MyListener - 'The element with locator -->By.cssSelector: .contact-item_card__2SOIM <-- was found
18:36:13.349  INFO  manager.MyListener - 'Start find ' element -->By.xpath: //button[text()='Remove']
18:36:13.357  INFO  manager.MyListener - 'The element with locator -->By.xpath: //button[text()='Remove'] <-- was found
18:36:14.383  INFO  manager.MyListener - 'Start find ' element -->By.cssSelector: .contact-item_card__2SOIM
18:36:14.391  INFO  manager.MyListener - 'The element with locator -->By.cssSelector: .contact-item_card__2SOIM <-- was found
18:36:14.391  INFO  manager.MyListener - 'Start find ' element -->By.cssSelector: .contact-item_card__2SOIM
18:36:14.398  INFO  manager.MyListener - 'The element with locator -->By.cssSelector: .contact-item_card__2SOIM <-- was found
18:36:14.422  INFO  manager.MyListener - 'Start find ' element -->By.xpath: //button[text()='Remove']
18:36:14.429  INFO  manager.MyListener - 'The element with locator -->By.xpath: //button[text()='Remove'] <-- was found
18:36:15.458  INFO  manager.MyListener - 'Start find ' element -->By.cssSelector: .contact-item_card__2SOIM
18:36:15.468  INFO  manager.MyListener - 'The element with locator -->By.cssSelector: .contact-item_card__2SOIM <-- was found
18:36:15.468  INFO  manager.MyListener - 'Start find ' element -->By.cssSelector: .contact-item_card__2SOIM
18:36:15.475  INFO  manager.MyListener - 'The element with locator -->By.cssSelector: .contact-item_card__2SOIM <-- was found
18:36:15.495  INFO  manager.MyListener - 'Start find ' element -->By.xpath: //button[text()='Remove']
18:36:15.502  INFO  manager.MyListener - 'The element with locator -->By.xpath: //button[text()='Remove'] <-- was found
18:36:16.530  INFO  manager.MyListener - 'Start find ' element -->By.cssSelector: .contact-item_card__2SOIM
18:36:16.539  INFO  manager.MyListener - 'The element with locator -->By.cssSelector: .contact-item_card__2SOIM <-- was found
18:36:16.539  INFO  manager.MyListener - 'Start find ' element -->By.cssSelector: .contact-item_card__2SOIM
18:36:16.546  INFO  manager.MyListener - 'The element with locator -->By.cssSelector: .contact-item_card__2SOIM <-- was found
18:36:16.572  INFO  manager.MyListener - 'Start find ' element -->By.xpath: //button[text()='Remove']
18:36:16.578  INFO  manager.MyListener - 'The element with locator -->By.xpath: //button[text()='Remove'] <-- was found
18:36:17.609  INFO  manager.MyListener - 'Start find ' element -->By.cssSelector: .contact-item_card__2SOIM
18:36:17.619  INFO  manager.MyListener - 'The element with locator -->By.cssSelector: .contact-item_card__2SOIM <-- was found
18:36:17.619  INFO  manager.MyListener - 'Start find ' element -->By.cssSelector: .contact-item_card__2SOIM
18:36:17.626  INFO  manager.MyListener - 'The element with locator -->By.cssSelector: .contact-item_card__2SOIM <-- was found
18:36:17.645  INFO  manager.MyListener - 'Start find ' element -->By.xpath: //button[text()='Remove']
18:36:17.653  INFO  manager.MyListener - 'The element with locator -->By.xpath: //button[text()='Remove'] <-- was found
18:36:18.681  INFO  manager.MyListener - 'Start find ' element -->By.cssSelector: .contact-item_card__2SOIM
18:36:18.690  INFO  manager.MyListener - 'The element with locator -->By.cssSelector: .contact-item_card__2SOIM <-- was found
18:36:18.690  INFO  manager.MyListener - 'Start find ' element -->By.cssSelector: .contact-item_card__2SOIM
18:36:18.697  INFO  manager.MyListener - 'The element with locator -->By.cssSelector: .contact-item_card__2SOIM <-- was found
18:36:18.717  INFO  manager.MyListener - 'Start find ' element -->By.xpath: //button[text()='Remove']
18:36:18.725  INFO  manager.MyListener - 'The element with locator -->By.xpath: //button[text()='Remove'] <-- was found
18:36:19.764  INFO  manager.MyListener - 'Start find ' element -->By.cssSelector: .contact-item_card__2SOIM
18:36:19.773  INFO  manager.MyListener - 'The element with locator -->By.cssSelector: .contact-item_card__2SOIM <-- was found
18:36:19.773  INFO  manager.MyListener - 'Start find ' element -->By.cssSelector: .contact-item_card__2SOIM
18:36:19.781  INFO  manager.MyListener - 'The element with locator -->By.cssSelector: .contact-item_card__2SOIM <-- was found
18:36:19.801  INFO  manager.MyListener - 'Start find ' element -->By.xpath: //button[text()='Remove']
18:36:19.809  INFO  manager.MyListener - 'The element with locator -->By.xpath: //button[text()='Remove'] <-- was found
18:36:20.836  INFO  manager.MyListener - 'Start find ' element -->By.cssSelector: .contact-item_card__2SOIM
18:36:25.857  INFO  manager.MyListener - 'The element with locator -->By.cssSelector: .contact-item_card__2SOIM <-- was found
18:36:25.858  INFO  tests.TestBase - Start test--->removeOneContact
18:36:25.858  INFO  manager.MyListener - 'Start find ' element -->By.xpath: //button[text()='Sign Out']
18:36:25.865  INFO  manager.MyListener - 'The element with locator -->By.xpath: //button[text()='Sign Out'] <-- was found
18:36:25.865  INFO  manager.MyListener - 'Start find ' element -->By.cssSelector: .contact-item_card__2SOIM
18:36:30.893  INFO  manager.MyListener - 'The element with locator -->By.cssSelector: .contact-item_card__2SOIM <-- was found
18:36:30.894  INFO  manager.MyListener - 'Start find ' element -->By.cssSelector: .contact-item_card__2SOIM
18:36:35.931  INFO  manager.MyListener - 'The element with locator -->By.cssSelector: .contact-item_card__2SOIM <-- was found
18:36:35.932  INFO  manager.MyListener - 'Start find ' element -->By.cssSelector: a[href='/add']
18:36:35.942  INFO  manager.MyListener - 'The element with locator -->By.cssSelector: a[href='/add'] <-- was found
18:36:35.984  INFO  manager.MyListener - 'Start find ' element -->By.xpath: //input[@placeholder='Name']
18:36:35.997  INFO  manager.MyListener - 'The element with locator -->By.xpath: //input[@placeholder='Name'] <-- was found
18:36:36.093  INFO  manager.MyListener - 'Start find ' element -->By.xpath: //input[@placeholder='Last Name']
18:36:36.104  INFO  manager.MyListener - 'The element with locator -->By.xpath: //input[@placeholder='Last Name'] <-- was found
18:36:36.177  INFO  manager.MyListener - 'Start find ' element -->By.xpath: //input[@placeholder='Phone']
18:36:36.188  INFO  manager.MyListener - 'The element with locator -->By.xpath: //input[@placeholder='Phone'] <-- was found
18:36:36.267  INFO  manager.MyListener - 'Start find ' element -->By.xpath: //input[@placeholder='email']
18:36:36.278  INFO  manager.MyListener - 'The element with locator -->By.xpath: //input[@placeholder='email'] <-- was found
18:36:36.361  INFO  manager.MyListener - 'Start find ' element -->By.xpath: //input[@placeholder='Address']
18:36:36.372  INFO  manager.MyListener - 'The element with locator -->By.xpath: //input[@placeholder='Address'] <-- was found
18:36:36.446  INFO  manager.MyListener - 'Start find ' element -->By.xpath: //input[@placeholder='description']
18:36:36.456  INFO  manager.MyListener - 'The element with locator -->By.xpath: //input[@placeholder='description'] <-- was found
18:36:36.537  INFO  manager.MyListener - 'Start find ' element -->By.xpath: //b[text()='Save']
18:36:36.548  INFO  manager.MyListener - 'The element with locator -->By.xpath: //b[text()='Save'] <-- was found
18:36:36.605  INFO  manager.MyListener - 'Start find ' element -->By.cssSelector: .contact-item_card__2SOIM
18:36:36.718  INFO  manager.MyListener - 'The element with locator -->By.cssSelector: .contact-item_card__2SOIM <-- was found
18:36:36.728  INFO  manager.MyListener - 'Start find ' element -->By.cssSelector: a[href='/add']
18:36:36.735  INFO  manager.MyListener - 'The element with locator -->By.cssSelector: a[href='/add'] <-- was found
18:36:36.757  INFO  manager.MyListener - 'Start find ' element -->By.xpath: //input[@placeholder='Name']
18:36:36.764  INFO  manager.MyListener - 'The element with locator -->By.xpath: //input[@placeholder='Name'] <-- was found
18:36:36.868  INFO  manager.MyListener - 'Start find ' element -->By.xpath: //input[@placeholder='Last Name']
18:36:36.875  INFO  manager.MyListener - 'The element with locator -->By.xpath: //input[@placeholder='Last Name'] <-- was found
18:36:36.953  INFO  manager.MyListener - 'Start find ' element -->By.xpath: //input[@placeholder='Phone']
18:36:36.960  INFO  manager.MyListener - 'The element with locator -->By.xpath: //input[@placeholder='Phone'] <-- was found
18:36:37.039  INFO  manager.MyListener - 'Start find ' element -->By.xpath: //input[@placeholder='email']
18:36:37.046  INFO  manager.MyListener - 'The element with locator -->By.xpath: //input[@placeholder='email'] <-- was found
18:36:37.130  INFO  manager.MyListener - 'Start find ' element -->By.xpath: //input[@placeholder='Address']
18:36:37.138  INFO  manager.MyListener - 'The element with locator -->By.xpath: //input[@placeholder='Address'] <-- was found
18:36:37.213  INFO  manager.MyListener - 'Start find ' element -->By.xpath: //input[@placeholder='description']
18:36:37.220  INFO  manager.MyListener - 'The element with locator -->By.xpath: //input[@placeholder='description'] <-- was found
18:36:37.301  INFO  manager.MyListener - 'Start find ' element -->By.xpath: //b[text()='Save']
18:36:37.309  INFO  manager.MyListener - 'The element with locator -->By.xpath: //b[text()='Save'] <-- was found
18:36:37.363  INFO  manager.MyListener - 'Start find ' element -->By.cssSelector: .contact-item_card__2SOIM
18:36:37.478  INFO  manager.MyListener - 'The element with locator -->By.cssSelector: .contact-item_card__2SOIM <-- was found
18:36:37.478  INFO  manager.MyListener - 'Start find ' element -->By.cssSelector: a[href='/add']
18:36:37.484  INFO  manager.MyListener - 'The element with locator -->By.cssSelector: a[href='/add'] <-- was found
18:36:37.506  INFO  manager.MyListener - 'Start find ' element -->By.xpath: //input[@placeholder='Name']
18:36:37.513  INFO  manager.MyListener - 'The element with locator -->By.xpath: //input[@placeholder='Name'] <-- was found
18:36:37.610  INFO  manager.MyListener - 'Start find ' element -->By.xpath: //input[@placeholder='Last Name']
18:36:37.616  INFO  manager.MyListener - 'The element with locator -->By.xpath: //input[@placeholder='Last Name'] <-- was found
18:36:37.699  INFO  manager.MyListener - 'Start find ' element -->By.xpath: //input[@placeholder='Phone']
18:36:37.706  INFO  manager.MyListener - 'The element with locator -->By.xpath: //input[@placeholder='Phone'] <-- was found
18:36:37.783  INFO  manager.MyListener - 'Start find ' element -->By.xpath: //input[@placeholder='email']
18:36:37.790  INFO  manager.MyListener - 'The element with locator -->By.xpath: //input[@placeholder='email'] <-- was found
18:36:37.878  INFO  manager.MyListener - 'Start find ' element -->By.xpath: //input[@placeholder='Address']
18:36:37.885  INFO  manager.MyListener - 'The element with locator -->By.xpath: //input[@placeholder='Address'] <-- was found
18:36:37.963  INFO  manager.MyListener - 'Start find ' element -->By.xpath: //input[@placeholder='description']
18:36:37.971  INFO  manager.MyListener - 'The element with locator -->By.xpath: //input[@placeholder='description'] <-- was found
18:36:38.053  INFO  manager.MyListener - 'Start find ' element -->By.xpath: //b[text()='Save']
18:36:38.060  INFO  manager.MyListener - 'The element with locator -->By.xpath: //b[text()='Save'] <-- was found
18:36:38.089  INFO  manager.MyListener - 'Start find ' element -->By.cssSelector: .contact-item_card__2SOIM
18:36:38.258  INFO  manager.MyListener - 'The element with locator -->By.cssSelector: .contact-item_card__2SOIM <-- was found
18:36:38.258  INFO  manager.MyListener - 'Start find ' element -->By.cssSelector: a[href='/add']
18:36:38.265  INFO  manager.MyListener - 'The element with locator -->By.cssSelector: a[href='/add'] <-- was found
18:36:38.287  INFO  manager.MyListener - 'Start find ' element -->By.xpath: //input[@placeholder='Name']
18:36:38.294  INFO  manager.MyListener - 'The element with locator -->By.xpath: //input[@placeholder='Name'] <-- was found
18:36:38.390  INFO  manager.MyListener - 'Start find ' element -->By.xpath: //input[@placeholder='Last Name']
18:36:38.396  INFO  manager.MyListener - 'The element with locator -->By.xpath: //input[@placeholder='Last Name'] <-- was found
18:36:38.477  INFO  manager.MyListener - 'Start find ' element -->By.xpath: //input[@placeholder='Phone']
18:36:38.483  INFO  manager.MyListener - 'The element with locator -->By.xpath: //input[@placeholder='Phone'] <-- was found
18:36:38.570  INFO  manager.MyListener - 'Start find ' element -->By.xpath: //input[@placeholder='email']
18:36:38.577  INFO  manager.MyListener - 'The element with locator -->By.xpath: //input[@placeholder='email'] <-- was found
18:36:38.661  INFO  manager.MyListener - 'Start find ' element -->By.xpath: //input[@placeholder='Address']
18:36:38.668  INFO  manager.MyListener - 'The element with locator -->By.xpath: //input[@placeholder='Address'] <-- was found
18:36:38.742  INFO  manager.MyListener - 'Start find ' element -->By.xpath: //input[@placeholder='description']
18:36:38.748  INFO  manager.MyListener - 'The element with locator -->By.xpath: //input[@placeholder='description'] <-- was found
18:36:38.830  INFO  manager.MyListener - 'Start find ' element -->By.xpath: //b[text()='Save']
18:36:38.837  INFO  manager.MyListener - 'The element with locator -->By.xpath: //b[text()='Save'] <-- was found
18:36:38.864  INFO  manager.MyListener - 'Start find ' element -->By.cssSelector: .contact-item_card__2SOIM
18:36:39.005  INFO  manager.MyListener - 'The element with locator -->By.cssSelector: .contact-item_card__2SOIM <-- was found
18:36:39.005  INFO  manager.MyListener - 'Start find ' element -->By.cssSelector: .contact-item_card__2SOIM
18:36:39.012  INFO  manager.MyListener - 'The element with locator -->By.cssSelector: .contact-item_card__2SOIM <-- was found
18:36:39.012  INFO  manager.MyListener - 'Start find ' element -->By.cssSelector: .contact-item_card__2SOIM
18:36:39.019  INFO  manager.MyListener - 'The element with locator -->By.cssSelector: .contact-item_card__2SOIM <-- was found
18:36:39.019  INFO  manager.MyListener - 'Start find ' element -->By.cssSelector: .contact-item_card__2SOIM
18:36:39.026  INFO  manager.MyListener - 'The element with locator -->By.cssSelector: .contact-item_card__2SOIM <-- was found
18:36:39.055  INFO  manager.MyListener - 'Start find ' element -->By.xpath: //button[text()='Remove']
18:36:39.063  INFO  manager.MyListener - 'The element with locator -->By.xpath: //button[text()='Remove'] <-- was found
18:36:40.093  INFO  manager.MyListener - 'Start find ' element -->By.cssSelector: .contact-item_card__2SOIM
18:36:40.102  INFO  manager.MyListener - 'The element with locator -->By.cssSelector: .contact-item_card__2SOIM <-- was found
