15:51:39.467  INFO  manager.ApplicationManager - Tests start with ChromeDriver
15:51:40.115  INFO  manager.ApplicationManager - The link is --> https://telranedu.web.app/home
15:51:40.143  INFO  manager.MyListener - 'Start find ' element -->By.xpath: //button[text()='Sign Out']
15:51:45.199  INFO  manager.MyListener - 'The element with locator -->By.xpath: //button[text()='Sign Out'] <-- was found
15:51:45.206  INFO  tests.TestBase - Test start with email: miomi@gmail.com and password: Mmiomi12345$
15:51:45.206  INFO  manager.MyListener - 'Start find ' element -->By.cssSelector: a[href='/login']
15:51:45.218  INFO  manager.MyListener - 'The element with locator -->By.cssSelector: a[href='/login'] <-- was found
15:51:45.273  INFO  manager.MyListener - 'Start find ' element -->By.xpath: (//input[@placeholder='Email'])[1]
15:51:45.286  INFO  manager.MyListener - 'The element with locator -->By.xpath: (//input[@placeholder='Email'])[1] <-- was found
15:51:45.465  INFO  manager.MyListener - 'Start find ' element -->By.xpath: (//input[@placeholder='Password'])[1]
15:51:45.477  INFO  manager.MyListener - 'The element with locator -->By.xpath: (//input[@placeholder='Password'])[1] <-- was found
15:51:45.560  INFO  manager.MyListener - 'Start find ' element -->By.cssSelector: button[name='login']
15:51:45.573  INFO  manager.MyListener - 'The element with locator -->By.cssSelector: button[name='login'] <-- was found
15:51:45.631  INFO  manager.MyListener - 'Start find ' element -->By.xpath: //button[text()='Sign Out']
15:51:46.150  INFO  manager.MyListener - 'The element with locator -->By.xpath: //button[text()='Sign Out'] <-- was found
15:51:46.155  INFO  manager.MyListener - 'Start find ' element -->By.xpath: //button[text()='Sign Out']
15:51:46.185  INFO  manager.MyListener - We have a 'throwable' -->unexpected alert open: {Alert text : Wrong email or password}
  (Session info: chrome=109.0.5414.119): Wrong email or password
Build info: version: '3.141.59', revision: 'e82be7d358', time: '2018-11-14T08:17:03'
System info: host: 'MBP-Irina', ip: '2600:4040:5f1e:f100:6468:b93b:ea88:60b2%en0', os.name: 'Mac OS X', os.arch: 'x86_64', os.version: '12.6.2', java.version: '11.0.17'
Driver info: org.openqa.selenium.chrome.ChromeDriver
Capabilities {acceptInsecureCerts: false, browserName: chrome, browserVersion: 109.0.5414.119, chrome: {chromedriverVersion: 109.0.5414.74 (e7c5703604da..., userDataDir: /var/folders/gy/c09sdzsx70q...}, goog:chromeOptions: {debuggerAddress: localhost:56730}, javascriptEnabled: true, networkConnectionEnabled: false, pageLoadStrategy: normal, platform: MAC, platformName: MAC, proxy: Proxy(), setWindowRect: true, strictFileInteractability: false, timeouts: {implicit: 0, pageLoad: 300000, script: 30000}, unhandledPromptBehavior: dismiss and notify, webauthn:extension:credBlob: true, webauthn:extension:largeBlob: true, webauthn:virtualAuthenticators: true}
Session ID: 5c06863abd0a0c91fd0b0f83ff94057f
*** Element info: {Using=xpath, value=//button[text()='Sign Out']}
15:51:46.186  INFO  manager.MyListener - We have a 'throwable' -->org.openqa.selenium.UnhandledAlertException: unexpected alert open: {Alert text : Wrong email or password}
  (Session info: chrome=109.0.5414.119): Wrong email or password
Build info: version: '3.141.59', revision: 'e82be7d358', time: '2018-11-14T08:17:03'
System info: host: 'MBP-Irina', ip: '2600:4040:5f1e:f100:6468:b93b:ea88:60b2%en0', os.name: 'Mac OS X', os.arch: 'x86_64', os.version: '12.6.2', java.version: '11.0.17'
Driver info: org.openqa.selenium.chrome.ChromeDriver
Capabilities {acceptInsecureCerts: false, browserName: chrome, browserVersion: 109.0.5414.119, chrome: {chromedriverVersion: 109.0.5414.74 (e7c5703604da..., userDataDir: /var/folders/gy/c09sdzsx70q...}, goog:chromeOptions: {debuggerAddress: localhost:56730}, javascriptEnabled: true, networkConnectionEnabled: false, pageLoadStrategy: normal, platform: MAC, platformName: MAC, proxy: Proxy(), setWindowRect: true, strictFileInteractability: false, timeouts: {implicit: 0, pageLoad: 300000, script: 30000}, unhandledPromptBehavior: dismiss and notify, webauthn:extension:credBlob: true, webauthn:extension:largeBlob: true, webauthn:virtualAuthenticators: true}
Session ID: 5c06863abd0a0c91fd0b0f83ff94057f
*** Element info: {Using=xpath, value=//button[text()='Sign Out']}
15:51:47.353  INFO  manager.MyListener - This link to screen with problem --> src/test/resources/screenshots/screen-3106.png
