19:04:02.435  INFO  manager.ApplicationManager - Tests start with FireFoxDriver
19:04:03.567  INFO  manager.ApplicationManager - The link is --> https://telranedu.web.app/home
19:04:03.632  INFO  tests.TestBase - Start test--->addNewContactSuccess
19:04:03.634  INFO  manager.MyListener - 'Start find ' element -->By.xpath: //button[text()='Sign Out']
19:04:08.661  INFO  manager.MyListener - 'The element with locator -->By.xpath: //button[text()='Sign Out'] <-- was found
19:04:08.661  INFO  manager.MyListener - 'Start find ' element -->By.cssSelector: a[href='/login']
19:04:08.669  INFO  manager.MyListener - 'The element with locator -->By.cssSelector: a[href='/login'] <-- was found
19:04:08.919  INFO  manager.MyListener - 'Start find ' element -->By.xpath: (//input[@placeholder='Email'])[1]
19:04:08.925  INFO  manager.MyListener - 'The element with locator -->By.xpath: (//input[@placeholder='Email'])[1] <-- was found
19:04:09.192  INFO  manager.MyListener - 'Start find ' element -->By.xpath: (//input[@placeholder='Password'])[1]
19:04:09.199  INFO  manager.MyListener - 'The element with locator -->By.xpath: (//input[@placeholder='Password'])[1] <-- was found
19:04:09.449  INFO  manager.MyListener - 'Start find ' element -->By.cssSelector: button[name='login']
19:04:09.455  INFO  manager.MyListener - 'The element with locator -->By.cssSelector: button[name='login'] <-- was found
19:04:09.688  INFO  manager.MyListener - 'Start find ' element -->By.cssSelector: a[href='/add']
19:04:09.819  INFO  manager.MyListener - 'The element with locator -->By.cssSelector: a[href='/add'] <-- was found
19:04:10.056  INFO  manager.MyListener - 'Start find ' element -->By.xpath: //input[@placeholder='Name']
19:04:10.061  INFO  manager.MyListener - 'The element with locator -->By.xpath: //input[@placeholder='Name'] <-- was found
19:04:10.304  INFO  manager.MyListener - 'Start find ' element -->By.xpath: //input[@placeholder='Last Name']
19:04:10.311  INFO  manager.MyListener - 'The element with locator -->By.xpath: //input[@placeholder='Last Name'] <-- was found
19:04:10.561  INFO  manager.MyListener - 'Start find ' element -->By.xpath: //input[@placeholder='Phone']
19:04:10.571  INFO  manager.MyListener - 'The element with locator -->By.xpath: //input[@placeholder='Phone'] <-- was found
19:04:10.821  INFO  manager.MyListener - 'Start find ' element -->By.xpath: //input[@placeholder='email']
19:04:10.828  INFO  manager.MyListener - 'The element with locator -->By.xpath: //input[@placeholder='email'] <-- was found
19:04:11.066  INFO  manager.MyListener - 'Start find ' element -->By.xpath: //input[@placeholder='Address']
19:04:11.075  INFO  manager.MyListener - 'The element with locator -->By.xpath: //input[@placeholder='Address'] <-- was found
19:04:11.308  INFO  manager.MyListener - 'Start find ' element -->By.xpath: //input[@placeholder='description']
19:04:11.313  INFO  manager.MyListener - 'The element with locator -->By.xpath: //input[@placeholder='description'] <-- was found
19:04:11.554  INFO  manager.MyListener - 'Start find ' element -->By.xpath: //b[text()='Save']
19:04:11.559  INFO  manager.MyListener - 'The element with locator -->By.xpath: //b[text()='Save'] <-- was found
19:04:11.771  INFO  manager.MyListener - 'Start find ' element -->By.cssSelector: h2
19:04:11.777  INFO  manager.MyListener - 'The element with locator -->By.cssSelector: h2 <-- was found
19:04:11.814  INFO  manager.MyListener - 'Start find ' element -->By.cssSelector: h3
19:04:11.820  INFO  manager.MyListener - 'The element with locator -->By.cssSelector: h3 <-- was found
19:04:11.852  INFO  tests.TestBase - Start test--->loginNegativeTestWrongPassword
19:04:11.852  INFO  manager.MyListener - 'Start find ' element -->By.xpath: //button[text()='Sign Out']
19:04:11.858  INFO  manager.MyListener - 'The element with locator -->By.xpath: //button[text()='Sign Out'] <-- was found
19:04:11.858  INFO  manager.MyListener - 'Start find ' element -->By.xpath: //button[text()='Sign Out']
19:04:11.863  INFO  manager.MyListener - 'The element with locator -->By.xpath: //button[text()='Sign Out'] <-- was found
19:04:12.081  INFO  manager.MyListener - 'Start find ' element -->By.cssSelector: a[href='/login']
19:04:12.085  INFO  manager.MyListener - 'The element with locator -->By.cssSelector: a[href='/login'] <-- was found
19:04:12.298  INFO  manager.MyListener - 'Start find ' element -->By.xpath: (//input[@placeholder='Email'])[1]
19:04:12.303  INFO  manager.MyListener - 'The element with locator -->By.xpath: (//input[@placeholder='Email'])[1] <-- was found
19:04:12.544  INFO  manager.MyListener - 'Start find ' element -->By.xpath: (//input[@placeholder='Password'])[1]
19:04:12.549  INFO  manager.MyListener - 'The element with locator -->By.xpath: (//input[@placeholder='Password'])[1] <-- was found
19:04:12.781  INFO  manager.MyListener - 'Start find ' element -->By.cssSelector: button[name='login']
19:04:12.786  INFO  manager.MyListener - 'The element with locator -->By.cssSelector: button[name='login'] <-- was found
19:04:12.998  INFO  manager.MyListener - 'Start find ' element -->By.xpath: //button[text()='Sign Out']
19:04:13.083  INFO  manager.MyListener - We have a 'throwable' -->Failed to interpret value as array
Build info: version: '3.141.59', revision: 'e82be7d358', time: '2018-11-14T08:17:03'
System info: host: 'MBP-Irina', ip: '2600:4040:5f1e:f100:e1a6:9ccc:371b:1f9b%en0', os.name: 'Mac OS X', os.arch: 'x86_64', os.version: '12.6.2', java.version: '11.0.17'
Driver info: org.openqa.selenium.firefox.FirefoxDriver
Capabilities {acceptInsecureCerts: true, browserName: firefox, browserVersion: 79.0, javascriptEnabled: true, moz:accessibilityChecks: false, moz:buildID: 20200720193547, moz:geckodriverVersion: 0.32.0, moz:headless: false, moz:processID: 58377, moz:profile: /var/folders/gy/c09sdzsx70q..., moz:shutdownTimeout: 60000, moz:useNonSpecCompliantPointerOrigin: false, moz:webdriverClick: true, pageLoadStrategy: normal, platform: MAC, platformName: MAC, platformVersion: 21.6.0, rotatable: false, setWindowRect: true, strictFileInteractability: false, timeouts: {implicit: 0, pageLoad: 300000, script: 30000}, unhandledPromptBehavior: dismiss and notify}
Session ID: e3f902a3-e97c-6443-8bf5-814992117398
*** Element info: {Using=xpath, value=//button[text()='Sign Out']}
19:04:13.084  INFO  manager.MyListener - We have a 'throwable' -->org.openqa.selenium.WebDriverException: Failed to interpret value as array
Build info: version: '3.141.59', revision: 'e82be7d358', time: '2018-11-14T08:17:03'
System info: host: 'MBP-Irina', ip: '2600:4040:5f1e:f100:e1a6:9ccc:371b:1f9b%en0', os.name: 'Mac OS X', os.arch: 'x86_64', os.version: '12.6.2', java.version: '11.0.17'
Driver info: org.openqa.selenium.firefox.FirefoxDriver
Capabilities {acceptInsecureCerts: true, browserName: firefox, browserVersion: 79.0, javascriptEnabled: true, moz:accessibilityChecks: false, moz:buildID: 20200720193547, moz:geckodriverVersion: 0.32.0, moz:headless: false, moz:processID: 58377, moz:profile: /var/folders/gy/c09sdzsx70q..., moz:shutdownTimeout: 60000, moz:useNonSpecCompliantPointerOrigin: false, moz:webdriverClick: true, pageLoadStrategy: normal, platform: MAC, platformName: MAC, platformVersion: 21.6.0, rotatable: false, setWindowRect: true, strictFileInteractability: false, timeouts: {implicit: 0, pageLoad: 300000, script: 30000}, unhandledPromptBehavior: dismiss and notify}
Session ID: e3f902a3-e97c-6443-8bf5-814992117398
*** Element info: {Using=xpath, value=//button[text()='Sign Out']}
19:04:13.118  INFO  tests.TestBase - Start test--->registrationSuccess
19:04:13.118  INFO  manager.MyListener - 'Start find ' element -->By.xpath: //button[text()='Sign Out']
19:04:18.126  INFO  manager.MyListener - 'The element with locator -->By.xpath: //button[text()='Sign Out'] <-- was found
19:04:18.126  INFO  manager.MyListener - 'Start find ' element -->By.cssSelector: a[href='/login']
19:04:18.132  INFO  manager.MyListener - 'The element with locator -->By.cssSelector: a[href='/login'] <-- was found
19:04:18.348  INFO  manager.MyListener - 'Start find ' element -->By.xpath: (//input[@placeholder='Email'])[1]
19:04:18.354  INFO  manager.MyListener - 'The element with locator -->By.xpath: (//input[@placeholder='Email'])[1] <-- was found
19:04:18.630  INFO  manager.MyListener - 'Start find ' element -->By.xpath: (//input[@placeholder='Password'])[1]
19:04:18.636  INFO  manager.MyListener - 'The element with locator -->By.xpath: (//input[@placeholder='Password'])[1] <-- was found
19:04:18.886  INFO  tests.TestBase - miomi258@gmail.com
19:04:18.886  INFO  manager.MyListener - 'Start find ' element -->By.cssSelector: button[name='registration']
19:04:18.891  INFO  manager.MyListener - 'The element with locator -->By.cssSelector: button[name='registration'] <-- was found
19:04:19.108  INFO  manager.MyListener - 'Start find ' element -->By.xpath: //button[text()='Sign Out']
19:04:19.128  INFO  manager.MyListener - 'The element with locator -->By.xpath: //button[text()='Sign Out'] <-- was found
19:04:19.129  INFO  tests.TestBase - Start test--->removeOneContact
19:04:19.130  INFO  manager.MyListener - 'Start find ' element -->By.xpath: //button[text()='Sign Out']
19:04:19.136  INFO  manager.MyListener - 'The element with locator -->By.xpath: //button[text()='Sign Out'] <-- was found
19:04:19.136  INFO  manager.MyListener - 'Start find ' element -->By.cssSelector: .contact-item_card__2SOIM
19:04:24.151  INFO  manager.MyListener - 'The element with locator -->By.cssSelector: .contact-item_card__2SOIM <-- was found
19:04:24.152  INFO  manager.MyListener - 'Start find ' element -->By.cssSelector: .contact-item_card__2SOIM
19:04:29.163  INFO  manager.MyListener - 'The element with locator -->By.cssSelector: .contact-item_card__2SOIM <-- was found
19:04:29.164  INFO  manager.MyListener - 'Start find ' element -->By.cssSelector: a[href='/add']
19:04:29.170  INFO  manager.MyListener - 'The element with locator -->By.cssSelector: a[href='/add'] <-- was found
19:04:29.387  INFO  manager.MyListener - 'Start find ' element -->By.xpath: //input[@placeholder='Name']
19:04:29.393  INFO  manager.MyListener - 'The element with locator -->By.xpath: //input[@placeholder='Name'] <-- was found
19:04:29.630  INFO  manager.MyListener - 'Start find ' element -->By.xpath: //input[@placeholder='Last Name']
19:04:29.636  INFO  manager.MyListener - 'The element with locator -->By.xpath: //input[@placeholder='Last Name'] <-- was found
19:04:29.875  INFO  manager.MyListener - 'Start find ' element -->By.xpath: //input[@placeholder='Phone']
19:04:29.882  INFO  manager.MyListener - 'The element with locator -->By.xpath: //input[@placeholder='Phone'] <-- was found
19:04:30.125  INFO  manager.MyListener - 'Start find ' element -->By.xpath: //input[@placeholder='email']
19:04:30.130  INFO  manager.MyListener - 'The element with locator -->By.xpath: //input[@placeholder='email'] <-- was found
19:04:30.371  INFO  manager.MyListener - 'Start find ' element -->By.xpath: //input[@placeholder='Address']
19:04:30.376  INFO  manager.MyListener - 'The element with locator -->By.xpath: //input[@placeholder='Address'] <-- was found
19:04:30.607  INFO  manager.MyListener - 'Start find ' element -->By.xpath: //input[@placeholder='description']
19:04:30.612  INFO  manager.MyListener - 'The element with locator -->By.xpath: //input[@placeholder='description'] <-- was found
19:04:30.859  INFO  manager.MyListener - 'Start find ' element -->By.xpath: //b[text()='Save']
19:04:30.864  INFO  manager.MyListener - 'The element with locator -->By.xpath: //b[text()='Save'] <-- was found
19:04:31.076  INFO  manager.MyListener - 'Start find ' element -->By.cssSelector: .contact-item_card__2SOIM
19:04:31.082  INFO  manager.MyListener - 'The element with locator -->By.cssSelector: .contact-item_card__2SOIM <-- was found
19:04:31.082  INFO  manager.MyListener - 'Start find ' element -->By.cssSelector: a[href='/add']
19:04:31.093  INFO  manager.MyListener - 'The element with locator -->By.cssSelector: a[href='/add'] <-- was found
19:04:31.304  INFO  manager.MyListener - 'Start find ' element -->By.xpath: //input[@placeholder='Name']
19:04:31.310  INFO  manager.MyListener - 'The element with locator -->By.xpath: //input[@placeholder='Name'] <-- was found
19:04:31.545  INFO  manager.MyListener - 'Start find ' element -->By.xpath: //input[@placeholder='Last Name']
19:04:31.552  INFO  manager.MyListener - 'The element with locator -->By.xpath: //input[@placeholder='Last Name'] <-- was found
19:04:31.786  INFO  manager.MyListener - 'Start find ' element -->By.xpath: //input[@placeholder='Phone']
19:04:31.792  INFO  manager.MyListener - 'The element with locator -->By.xpath: //input[@placeholder='Phone'] <-- was found
19:04:32.032  INFO  manager.MyListener - 'Start find ' element -->By.xpath: //input[@placeholder='email']
19:04:32.037  INFO  manager.MyListener - 'The element with locator -->By.xpath: //input[@placeholder='email'] <-- was found
19:04:32.279  INFO  manager.MyListener - 'Start find ' element -->By.xpath: //input[@placeholder='Address']
19:04:32.284  INFO  manager.MyListener - 'The element with locator -->By.xpath: //input[@placeholder='Address'] <-- was found
19:04:32.516  INFO  manager.MyListener - 'Start find ' element -->By.xpath: //input[@placeholder='description']
19:04:32.521  INFO  manager.MyListener - 'The element with locator -->By.xpath: //input[@placeholder='description'] <-- was found
19:04:32.760  INFO  manager.MyListener - 'Start find ' element -->By.xpath: //b[text()='Save']
19:04:32.765  INFO  manager.MyListener - 'The element with locator -->By.xpath: //b[text()='Save'] <-- was found
19:04:32.974  INFO  manager.MyListener - 'Start find ' element -->By.cssSelector: .contact-item_card__2SOIM
19:04:32.980  INFO  manager.MyListener - 'The element with locator -->By.cssSelector: .contact-item_card__2SOIM <-- was found
19:04:32.980  INFO  manager.MyListener - 'Start find ' element -->By.cssSelector: a[href='/add']
19:04:32.985  INFO  manager.MyListener - 'The element with locator -->By.cssSelector: a[href='/add'] <-- was found
19:04:33.199  INFO  manager.MyListener - 'Start find ' element -->By.xpath: //input[@placeholder='Name']
19:04:33.203  INFO  manager.MyListener - 'The element with locator -->By.xpath: //input[@placeholder='Name'] <-- was found
19:04:33.433  INFO  manager.MyListener - 'Start find ' element -->By.xpath: //input[@placeholder='Last Name']
19:04:33.438  INFO  manager.MyListener - 'The element with locator -->By.xpath: //input[@placeholder='Last Name'] <-- was found
19:04:33.666  INFO  manager.MyListener - 'Start find ' element -->By.xpath: //input[@placeholder='Phone']
19:04:33.673  INFO  manager.MyListener - 'The element with locator -->By.xpath: //input[@placeholder='Phone'] <-- was found
19:04:33.915  INFO  manager.MyListener - 'Start find ' element -->By.xpath: //input[@placeholder='email']
19:04:33.919  INFO  manager.MyListener - 'The element with locator -->By.xpath: //input[@placeholder='email'] <-- was found
19:04:34.160  INFO  manager.MyListener - 'Start find ' element -->By.xpath: //input[@placeholder='Address']
19:04:34.165  INFO  manager.MyListener - 'The element with locator -->By.xpath: //input[@placeholder='Address'] <-- was found
19:04:34.394  INFO  manager.MyListener - 'Start find ' element -->By.xpath: //input[@placeholder='description']
19:04:34.400  INFO  manager.MyListener - 'The element with locator -->By.xpath: //input[@placeholder='description'] <-- was found
19:04:34.636  INFO  manager.MyListener - 'Start find ' element -->By.xpath: //b[text()='Save']
19:04:34.640  INFO  manager.MyListener - 'The element with locator -->By.xpath: //b[text()='Save'] <-- was found
19:04:34.854  INFO  manager.MyListener - 'Start find ' element -->By.cssSelector: .contact-item_card__2SOIM
19:04:34.860  INFO  manager.MyListener - 'The element with locator -->By.cssSelector: .contact-item_card__2SOIM <-- was found
19:04:34.861  INFO  manager.MyListener - 'Start find ' element -->By.cssSelector: a[href='/add']
19:04:34.865  INFO  manager.MyListener - 'The element with locator -->By.cssSelector: a[href='/add'] <-- was found
19:04:35.080  INFO  manager.MyListener - 'Start find ' element -->By.xpath: //input[@placeholder='Name']
19:04:35.085  INFO  manager.MyListener - 'The element with locator -->By.xpath: //input[@placeholder='Name'] <-- was found
19:04:35.316  INFO  manager.MyListener - 'Start find ' element -->By.xpath: //input[@placeholder='Last Name']
19:04:35.322  INFO  manager.MyListener - 'The element with locator -->By.xpath: //input[@placeholder='Last Name'] <-- was found
19:04:35.560  INFO  manager.MyListener - 'Start find ' element -->By.xpath: //input[@placeholder='Phone']
19:04:35.565  INFO  manager.MyListener - 'The element with locator -->By.xpath: //input[@placeholder='Phone'] <-- was found
19:04:35.799  INFO  manager.MyListener - 'Start find ' element -->By.xpath: //input[@placeholder='email']
19:04:35.803  INFO  manager.MyListener - 'The element with locator -->By.xpath: //input[@placeholder='email'] <-- was found
19:04:36.039  INFO  manager.MyListener - 'Start find ' element -->By.xpath: //input[@placeholder='Address']
19:04:36.044  INFO  manager.MyListener - 'The element with locator -->By.xpath: //input[@placeholder='Address'] <-- was found
19:04:36.277  INFO  manager.MyListener - 'Start find ' element -->By.xpath: //input[@placeholder='description']
19:04:36.287  INFO  manager.MyListener - 'The element with locator -->By.xpath: //input[@placeholder='description'] <-- was found
19:04:36.527  INFO  manager.MyListener - 'Start find ' element -->By.xpath: //b[text()='Save']
19:04:36.532  INFO  manager.MyListener - 'The element with locator -->By.xpath: //b[text()='Save'] <-- was found
19:04:36.743  INFO  manager.MyListener - 'Start find ' element -->By.cssSelector: .contact-item_card__2SOIM
19:04:36.749  INFO  manager.MyListener - 'The element with locator -->By.cssSelector: .contact-item_card__2SOIM <-- was found
19:04:36.750  INFO  manager.MyListener - 'Start find ' element -->By.cssSelector: .contact-item_card__2SOIM
19:04:36.755  INFO  manager.MyListener - 'The element with locator -->By.cssSelector: .contact-item_card__2SOIM <-- was found
19:04:36.755  INFO  manager.MyListener - 'Start find ' element -->By.cssSelector: .contact-item_card__2SOIM
19:04:36.760  INFO  manager.MyListener - 'The element with locator -->By.cssSelector: .contact-item_card__2SOIM <-- was found
19:04:36.760  INFO  manager.MyListener - 'Start find ' element -->By.cssSelector: .contact-item_card__2SOIM
19:04:36.765  INFO  manager.MyListener - 'The element with locator -->By.cssSelector: .contact-item_card__2SOIM <-- was found
19:04:36.981  INFO  manager.MyListener - 'Start find ' element -->By.xpath: //button[text()='Remove']
19:04:36.986  INFO  manager.MyListener - 'The element with locator -->By.xpath: //button[text()='Remove'] <-- was found
19:04:38.198  INFO  manager.MyListener - 'Start find ' element -->By.cssSelector: .contact-item_card__2SOIM
19:04:38.206  INFO  manager.MyListener - 'The element with locator -->By.cssSelector: .contact-item_card__2SOIM <-- was found
