17:51:07.006  INFO  manager.ApplicationManager - Tests start with ChromeDriver
17:51:07.712  INFO  manager.ApplicationManager - The link is --> https://telranedu.web.app/home
17:51:07.743  INFO  tests.TestBase - Start test--->loginModelDataProvider
17:51:07.745  INFO  manager.MyListener - 'Start find ' element -->By.xpath: //button[text()='Sign Out']
17:51:12.779  INFO  manager.MyListener - 'The element with locator -->By.xpath: //button[text()='Sign Out'] <-- was found
17:51:12.786  INFO  manager.MyListener - 'Start find ' element -->By.cssSelector: a[href='/login']
17:51:12.799  INFO  manager.MyListener - 'The element with locator -->By.cssSelector: a[href='/login'] <-- was found
17:51:12.855  INFO  manager.MyListener - 'Start find ' element -->By.xpath: (//input[@placeholder='Email'])[1]
17:51:12.867  INFO  manager.MyListener - 'The element with locator -->By.xpath: (//input[@placeholder='Email'])[1] <-- was found
17:51:13.054  INFO  manager.MyListener - 'Start find ' element -->By.xpath: (//input[@placeholder='Password'])[1]
17:51:13.066  INFO  manager.MyListener - 'The element with locator -->By.xpath: (//input[@placeholder='Password'])[1] <-- was found
17:51:13.151  INFO  manager.MyListener - 'Start find ' element -->By.cssSelector: button[name='login']
17:51:13.162  INFO  manager.MyListener - 'The element with locator -->By.cssSelector: button[name='login'] <-- was found
17:51:13.224  INFO  manager.MyListener - 'Start find ' element -->By.xpath: //button[text()='Sign Out']
17:51:13.835  INFO  manager.MyListener - 'The element with locator -->By.xpath: //button[text()='Sign Out'] <-- was found
17:51:13.839  INFO  tests.TestBase - Start test--->loginModelDataProvider
17:51:13.840  INFO  manager.MyListener - 'Start find ' element -->By.xpath: //button[text()='Sign Out']
17:51:13.848  INFO  manager.MyListener - 'The element with locator -->By.xpath: //button[text()='Sign Out'] <-- was found
17:51:13.848  INFO  manager.MyListener - 'Start find ' element -->By.xpath: //button[text()='Sign Out']
17:51:13.860  INFO  manager.MyListener - 'The element with locator -->By.xpath: //button[text()='Sign Out'] <-- was found
17:51:13.892  INFO  manager.MyListener - 'Start find ' element -->By.cssSelector: a[href='/login']
17:51:13.907  INFO  manager.MyListener - 'The element with locator -->By.cssSelector: a[href='/login'] <-- was found
17:51:13.942  INFO  manager.MyListener - 'Start find ' element -->By.xpath: (//input[@placeholder='Email'])[1]
17:51:13.952  INFO  manager.MyListener - 'The element with locator -->By.xpath: (//input[@placeholder='Email'])[1] <-- was found
17:51:14.139  INFO  manager.MyListener - 'Start find ' element -->By.xpath: (//input[@placeholder='Password'])[1]
17:51:14.148  INFO  manager.MyListener - 'The element with locator -->By.xpath: (//input[@placeholder='Password'])[1] <-- was found
17:51:14.248  INFO  manager.MyListener - 'Start find ' element -->By.cssSelector: button[name='login']
17:51:14.259  INFO  manager.MyListener - 'The element with locator -->By.cssSelector: button[name='login'] <-- was found
17:51:14.326  INFO  manager.MyListener - 'Start find ' element -->By.xpath: //button[text()='Sign Out']
17:51:14.443  INFO  manager.MyListener - 'The element with locator -->By.xpath: //button[text()='Sign Out'] <-- was found
17:51:14.445  INFO  tests.TestBase - Start test--->loginModelDataProvider
17:51:14.445  INFO  manager.MyListener - 'Start find ' element -->By.xpath: //button[text()='Sign Out']
17:51:14.454  INFO  manager.MyListener - 'The element with locator -->By.xpath: //button[text()='Sign Out'] <-- was found
17:51:14.454  INFO  manager.MyListener - 'Start find ' element -->By.xpath: //button[text()='Sign Out']
17:51:14.463  INFO  manager.MyListener - 'The element with locator -->By.xpath: //button[text()='Sign Out'] <-- was found
17:51:14.503  INFO  manager.MyListener - 'Start find ' element -->By.cssSelector: a[href='/login']
17:51:14.517  INFO  manager.MyListener - 'The element with locator -->By.cssSelector: a[href='/login'] <-- was found
17:51:14.550  INFO  manager.MyListener - 'Start find ' element -->By.xpath: (//input[@placeholder='Email'])[1]
17:51:14.558  INFO  manager.MyListener - 'The element with locator -->By.xpath: (//input[@placeholder='Email'])[1] <-- was found
17:51:14.725  INFO  manager.MyListener - 'Start find ' element -->By.xpath: (//input[@placeholder='Password'])[1]
17:51:14.751  INFO  manager.MyListener - 'The element with locator -->By.xpath: (//input[@placeholder='Password'])[1] <-- was found
17:51:14.858  INFO  manager.MyListener - 'Start find ' element -->By.cssSelector: button[name='login']
17:51:14.868  INFO  manager.MyListener - 'The element with locator -->By.cssSelector: button[name='login'] <-- was found
17:51:14.901  INFO  manager.MyListener - 'Start find ' element -->By.xpath: //button[text()='Sign Out']
17:51:15.097  INFO  manager.MyListener - 'The element with locator -->By.xpath: //button[text()='Sign Out'] <-- was found
17:51:15.098  INFO  tests.TestBase - Start test--->loginModelDataProvider
17:51:15.099  INFO  manager.MyListener - 'Start find ' element -->By.xpath: //button[text()='Sign Out']
17:51:15.108  INFO  manager.MyListener - 'The element with locator -->By.xpath: //button[text()='Sign Out'] <-- was found
17:51:15.109  INFO  manager.MyListener - 'Start find ' element -->By.xpath: //button[text()='Sign Out']
17:51:15.118  INFO  manager.MyListener - 'The element with locator -->By.xpath: //button[text()='Sign Out'] <-- was found
17:51:15.159  INFO  manager.MyListener - 'Start find ' element -->By.cssSelector: a[href='/login']
17:51:15.169  INFO  manager.MyListener - 'The element with locator -->By.cssSelector: a[href='/login'] <-- was found
17:51:15.207  INFO  manager.MyListener - 'Start find ' element -->By.xpath: (//input[@placeholder='Email'])[1]
17:51:15.219  INFO  manager.MyListener - 'The element with locator -->By.xpath: (//input[@placeholder='Email'])[1] <-- was found
17:51:15.363  INFO  manager.MyListener - 'Start find ' element -->By.xpath: (//input[@placeholder='Password'])[1]
17:51:15.378  INFO  manager.MyListener - 'The element with locator -->By.xpath: (//input[@placeholder='Password'])[1] <-- was found
17:51:15.497  INFO  manager.MyListener - 'Start find ' element -->By.cssSelector: button[name='login']
17:51:15.509  INFO  manager.MyListener - 'The element with locator -->By.cssSelector: button[name='login'] <-- was found
17:51:15.592  INFO  manager.MyListener - 'Start find ' element -->By.xpath: //button[text()='Sign Out']
17:51:15.724  INFO  manager.MyListener - 'The element with locator -->By.xpath: //button[text()='Sign Out'] <-- was found
17:51:15.745  INFO  tests.TestBase - Start test--->loginModelDataProviderCSV
17:51:15.762  INFO  manager.MyListener - 'Start find ' element -->By.xpath: //button[text()='Sign Out']
17:51:15.795  INFO  manager.MyListener - 'The element with locator -->By.xpath: //button[text()='Sign Out'] <-- was found
17:51:15.813  INFO  manager.MyListener - 'Start find ' element -->By.xpath: //button[text()='Sign Out']
17:51:15.823  INFO  manager.MyListener - 'The element with locator -->By.xpath: //button[text()='Sign Out'] <-- was found
17:51:15.874  INFO  manager.MyListener - 'Start find ' element -->By.cssSelector: a[href='/login']
17:51:15.886  INFO  manager.MyListener - 'The element with locator -->By.cssSelector: a[href='/login'] <-- was found
17:51:15.920  INFO  manager.MyListener - 'Start find ' element -->By.xpath: (//input[@placeholder='Email'])[1]
17:51:15.930  INFO  manager.MyListener - 'The element with locator -->By.xpath: (//input[@placeholder='Email'])[1] <-- was found
17:51:16.073  INFO  manager.MyListener - 'Start find ' element -->By.xpath: (//input[@placeholder='Password'])[1]
17:51:16.093  INFO  manager.MyListener - 'The element with locator -->By.xpath: (//input[@placeholder='Password'])[1] <-- was found
17:51:16.199  INFO  manager.MyListener - 'Start find ' element -->By.cssSelector: button[name='login']
17:51:16.207  INFO  manager.MyListener - 'The element with locator -->By.cssSelector: button[name='login'] <-- was found
17:51:16.268  INFO  manager.MyListener - 'Start find ' element -->By.xpath: //button[text()='Sign Out']
17:51:16.400  INFO  manager.MyListener - 'The element with locator -->By.xpath: //button[text()='Sign Out'] <-- was found
17:51:16.401  INFO  tests.TestBase - Start test--->loginModelDataProviderCSV
17:51:16.402  INFO  manager.MyListener - 'Start find ' element -->By.xpath: //button[text()='Sign Out']
17:51:16.410  INFO  manager.MyListener - 'The element with locator -->By.xpath: //button[text()='Sign Out'] <-- was found
17:51:16.411  INFO  manager.MyListener - 'Start find ' element -->By.xpath: //button[text()='Sign Out']
17:51:16.419  INFO  manager.MyListener - 'The element with locator -->By.xpath: //button[text()='Sign Out'] <-- was found
17:51:16.453  INFO  manager.MyListener - 'Start find ' element -->By.cssSelector: a[href='/login']
17:51:16.466  INFO  manager.MyListener - 'The element with locator -->By.cssSelector: a[href='/login'] <-- was found
17:51:16.499  INFO  manager.MyListener - 'Start find ' element -->By.xpath: (//input[@placeholder='Email'])[1]
17:51:16.508  INFO  manager.MyListener - 'The element with locator -->By.xpath: (//input[@placeholder='Email'])[1] <-- was found
17:51:16.631  INFO  manager.MyListener - 'Start find ' element -->By.xpath: (//input[@placeholder='Password'])[1]
17:51:16.646  INFO  manager.MyListener - 'The element with locator -->By.xpath: (//input[@placeholder='Password'])[1] <-- was found
17:51:16.756  INFO  manager.MyListener - 'Start find ' element -->By.cssSelector: button[name='login']
17:51:16.785  INFO  manager.MyListener - 'The element with locator -->By.cssSelector: button[name='login'] <-- was found
17:51:16.816  INFO  manager.MyListener - 'Start find ' element -->By.xpath: //button[text()='Sign Out']
17:51:16.962  INFO  manager.MyListener - 'The element with locator -->By.xpath: //button[text()='Sign Out'] <-- was found
17:51:16.963  INFO  tests.TestBase - Start test--->loginModelDataProviderCSV
17:51:16.964  INFO  manager.MyListener - 'Start find ' element -->By.xpath: //button[text()='Sign Out']
17:51:16.971  INFO  manager.MyListener - 'The element with locator -->By.xpath: //button[text()='Sign Out'] <-- was found
17:51:16.971  INFO  manager.MyListener - 'Start find ' element -->By.xpath: //button[text()='Sign Out']
17:51:16.978  INFO  manager.MyListener - 'The element with locator -->By.xpath: //button[text()='Sign Out'] <-- was found
17:51:17.016  INFO  manager.MyListener - 'Start find ' element -->By.cssSelector: a[href='/login']
17:51:17.027  INFO  manager.MyListener - 'The element with locator -->By.cssSelector: a[href='/login'] <-- was found
17:51:17.057  INFO  manager.MyListener - 'Start find ' element -->By.xpath: (//input[@placeholder='Email'])[1]
17:51:17.067  INFO  manager.MyListener - 'The element with locator -->By.xpath: (//input[@placeholder='Email'])[1] <-- was found
17:51:17.184  INFO  manager.MyListener - 'Start find ' element -->By.xpath: (//input[@placeholder='Password'])[1]
17:51:17.193  INFO  manager.MyListener - 'The element with locator -->By.xpath: (//input[@placeholder='Password'])[1] <-- was found
17:51:17.287  INFO  manager.MyListener - 'Start find ' element -->By.cssSelector: button[name='login']
17:51:17.299  INFO  manager.MyListener - 'The element with locator -->By.cssSelector: button[name='login'] <-- was found
17:51:17.335  INFO  manager.MyListener - 'Start find ' element -->By.xpath: //button[text()='Sign Out']
17:51:17.504  INFO  manager.MyListener - 'The element with locator -->By.xpath: //button[text()='Sign Out'] <-- was found
17:51:17.505  INFO  tests.TestBase - Start test--->loginModelDataProviderCSV
17:51:17.506  INFO  manager.MyListener - 'Start find ' element -->By.xpath: //button[text()='Sign Out']
17:51:17.514  INFO  manager.MyListener - 'The element with locator -->By.xpath: //button[text()='Sign Out'] <-- was found
17:51:17.514  INFO  manager.MyListener - 'Start find ' element -->By.xpath: //button[text()='Sign Out']
17:51:17.521  INFO  manager.MyListener - 'The element with locator -->By.xpath: //button[text()='Sign Out'] <-- was found
17:51:17.555  INFO  manager.MyListener - 'Start find ' element -->By.cssSelector: a[href='/login']
17:51:17.571  INFO  manager.MyListener - 'The element with locator -->By.cssSelector: a[href='/login'] <-- was found
17:51:17.601  INFO  manager.MyListener - 'Start find ' element -->By.xpath: (//input[@placeholder='Email'])[1]
17:51:17.609  INFO  manager.MyListener - 'The element with locator -->By.xpath: (//input[@placeholder='Email'])[1] <-- was found
17:51:17.724  INFO  manager.MyListener - 'Start find ' element -->By.xpath: (//input[@placeholder='Password'])[1]
17:51:17.732  INFO  manager.MyListener - 'The element with locator -->By.xpath: (//input[@placeholder='Password'])[1] <-- was found
17:51:17.821  INFO  manager.MyListener - 'Start find ' element -->By.cssSelector: button[name='login']
17:51:17.829  INFO  manager.MyListener - 'The element with locator -->By.cssSelector: button[name='login'] <-- was found
17:51:17.858  INFO  manager.MyListener - 'Start find ' element -->By.xpath: //button[text()='Sign Out']
17:51:18.055  INFO  manager.MyListener - 'The element with locator -->By.xpath: //button[text()='Sign Out'] <-- was found
17:51:18.057  INFO  tests.TestBase - Start test--->loginNegativeTestWrongPassword
17:51:18.057  INFO  manager.MyListener - 'Start find ' element -->By.xpath: //button[text()='Sign Out']
17:51:18.064  INFO  manager.MyListener - 'The element with locator -->By.xpath: //button[text()='Sign Out'] <-- was found
17:51:18.065  INFO  manager.MyListener - 'Start find ' element -->By.xpath: //button[text()='Sign Out']
17:51:18.071  INFO  manager.MyListener - 'The element with locator -->By.xpath: //button[text()='Sign Out'] <-- was found
17:51:18.104  INFO  manager.MyListener - 'Start find ' element -->By.cssSelector: a[href='/login']
17:51:18.112  INFO  manager.MyListener - 'The element with locator -->By.cssSelector: a[href='/login'] <-- was found
17:51:18.141  INFO  manager.MyListener - 'Start find ' element -->By.xpath: (//input[@placeholder='Email'])[1]
17:51:18.150  INFO  manager.MyListener - 'The element with locator -->By.xpath: (//input[@placeholder='Email'])[1] <-- was found
17:51:18.264  INFO  manager.MyListener - 'Start find ' element -->By.xpath: (//input[@placeholder='Password'])[1]
17:51:18.279  INFO  manager.MyListener - 'The element with locator -->By.xpath: (//input[@placeholder='Password'])[1] <-- was found
17:51:18.367  INFO  manager.MyListener - 'Start find ' element -->By.cssSelector: button[name='login']
17:51:18.376  INFO  manager.MyListener - 'The element with locator -->By.cssSelector: button[name='login'] <-- was found
17:51:18.407  INFO  manager.MyListener - 'Start find ' element -->By.xpath: //button[text()='Sign Out']
17:51:18.893  INFO  manager.MyListener - 'The element with locator -->By.xpath: //button[text()='Sign Out'] <-- was found
17:51:19.014  INFO  tests.TestBase - Start test--->loginSuccess
17:51:19.014  INFO  manager.MyListener - 'Start find ' element -->By.xpath: //button[text()='Sign Out']
17:51:24.054  INFO  manager.MyListener - 'The element with locator -->By.xpath: //button[text()='Sign Out'] <-- was found
17:51:24.059  INFO  tests.TestBase - Test start with email: miomi@gmail.com and password: Mmiomi12345$
17:51:24.059  INFO  manager.MyListener - 'Start find ' element -->By.cssSelector: a[href='/login']
17:51:24.066  INFO  manager.MyListener - 'The element with locator -->By.cssSelector: a[href='/login'] <-- was found
17:51:24.086  INFO  manager.MyListener - 'Start find ' element -->By.xpath: (//input[@placeholder='Email'])[1]
17:51:24.111  INFO  manager.MyListener - 'The element with locator -->By.xpath: (//input[@placeholder='Email'])[1] <-- was found
17:51:24.295  INFO  manager.MyListener - 'Start find ' element -->By.xpath: (//input[@placeholder='Password'])[1]
17:51:24.302  INFO  manager.MyListener - 'The element with locator -->By.xpath: (//input[@placeholder='Password'])[1] <-- was found
17:51:24.472  INFO  manager.MyListener - 'Start find ' element -->By.cssSelector: button[name='login']
17:51:24.480  INFO  manager.MyListener - 'The element with locator -->By.cssSelector: button[name='login'] <-- was found
17:51:24.516  INFO  tests.TestBase - Test passed
17:51:24.517  INFO  tests.TestBase - Start test--->loginSuccess
17:51:24.517  INFO  manager.MyListener - 'Start find ' element -->By.xpath: //button[text()='Sign Out']
17:51:24.910  INFO  manager.MyListener - 'The element with locator -->By.xpath: //button[text()='Sign Out'] <-- was found
17:51:24.911  INFO  tests.TestBase - Test start with email: noa@gmail.com and password: Nnoa12345$
17:51:24.911  INFO  manager.MyListener - 'Start find ' element -->By.cssSelector: a[href='/login']
17:51:24.950  INFO  manager.MyListener - We have a 'throwable' -->unexpected alert open: {Alert text : Wrong email or password}
  (Session info: chrome=109.0.5414.119): Wrong email or password
Build info: version: '3.141.59', revision: 'e82be7d358', time: '2018-11-14T08:17:03'
System info: host: 'MBP-Irina', ip: '2600:4040:5f1e:f100:e1a6:9ccc:371b:1f9b%en0', os.name: 'Mac OS X', os.arch: 'x86_64', os.version: '12.6.2', java.version: '11.0.17'
Driver info: org.openqa.selenium.chrome.ChromeDriver
Capabilities {acceptInsecureCerts: false, browserName: chrome, browserVersion: 109.0.5414.119, chrome: {chromedriverVersion: 109.0.5414.74 (e7c5703604da..., userDataDir: /var/folders/gy/c09sdzsx70q...}, goog:chromeOptions: {debuggerAddress: localhost:53618}, javascriptEnabled: true, networkConnectionEnabled: false, pageLoadStrategy: normal, platform: MAC, platformName: MAC, proxy: Proxy(), setWindowRect: true, strictFileInteractability: false, timeouts: {implicit: 0, pageLoad: 300000, script: 30000}, unhandledPromptBehavior: dismiss and notify, webauthn:extension:credBlob: true, webauthn:extension:largeBlob: true, webauthn:virtualAuthenticators: true}
Session ID: 3056938b731d2434e658642183b3095a
*** Element info: {Using=css selector, value=a[href='/login']}
17:51:24.951  INFO  manager.MyListener - We have a 'throwable' -->org.openqa.selenium.UnhandledAlertException: unexpected alert open: {Alert text : Wrong email or password}
  (Session info: chrome=109.0.5414.119): Wrong email or password
Build info: version: '3.141.59', revision: 'e82be7d358', time: '2018-11-14T08:17:03'
System info: host: 'MBP-Irina', ip: '2600:4040:5f1e:f100:e1a6:9ccc:371b:1f9b%en0', os.name: 'Mac OS X', os.arch: 'x86_64', os.version: '12.6.2', java.version: '11.0.17'
Driver info: org.openqa.selenium.chrome.ChromeDriver
Capabilities {acceptInsecureCerts: false, browserName: chrome, browserVersion: 109.0.5414.119, chrome: {chromedriverVersion: 109.0.5414.74 (e7c5703604da..., userDataDir: /var/folders/gy/c09sdzsx70q...}, goog:chromeOptions: {debuggerAddress: localhost:53618}, javascriptEnabled: true, networkConnectionEnabled: false, pageLoadStrategy: normal, platform: MAC, platformName: MAC, proxy: Proxy(), setWindowRect: true, strictFileInteractability: false, timeouts: {implicit: 0, pageLoad: 300000, script: 30000}, unhandledPromptBehavior: dismiss and notify, webauthn:extension:credBlob: true, webauthn:extension:largeBlob: true, webauthn:virtualAuthenticators: true}
Session ID: 3056938b731d2434e658642183b3095a
*** Element info: {Using=css selector, value=a[href='/login']}
17:51:26.167  INFO  manager.MyListener - This link to screen with problem --> src/test/resources/screenshots/screen-3084.png
17:51:26.168  INFO  tests.TestBase - Start test--->loginSuccess
17:51:26.168  INFO  manager.MyListener - 'Start find ' element -->By.xpath: //button[text()='Sign Out']
17:51:31.191  INFO  manager.MyListener - 'The element with locator -->By.xpath: //button[text()='Sign Out'] <-- was found
17:51:31.191  INFO  tests.TestBase - Test start with email: zoa@gmail.com and password: Zoa12345$
17:51:31.192  INFO  manager.MyListener - 'Start find ' element -->By.cssSelector: a[href='/login']
17:51:31.198  INFO  manager.MyListener - 'The element with locator -->By.cssSelector: a[href='/login'] <-- was found
17:51:31.220  INFO  manager.MyListener - 'Start find ' element -->By.xpath: (//input[@placeholder='Email'])[1]
17:51:31.228  INFO  manager.MyListener - 'The element with locator -->By.xpath: (//input[@placeholder='Email'])[1] <-- was found
17:51:31.389  INFO  manager.MyListener - 'Start find ' element -->By.xpath: (//input[@placeholder='Password'])[1]
17:51:31.396  INFO  manager.MyListener - 'The element with locator -->By.xpath: (//input[@placeholder='Password'])[1] <-- was found
17:51:31.536  INFO  manager.MyListener - 'Start find ' element -->By.cssSelector: button[name='login']
17:51:31.544  INFO  manager.MyListener - 'The element with locator -->By.cssSelector: button[name='login'] <-- was found
17:51:31.574  INFO  tests.TestBase - Test passed
17:51:31.575  INFO  tests.TestBase - Start test--->loginSuccess
17:51:31.575  INFO  manager.MyListener - 'Start find ' element -->By.xpath: //button[text()='Sign Out']
17:51:31.770  INFO  manager.MyListener - 'The element with locator -->By.xpath: //button[text()='Sign Out'] <-- was found
17:51:31.770  INFO  manager.MyListener - 'Start find ' element -->By.xpath: //button[text()='Sign Out']
17:51:31.777  INFO  manager.MyListener - 'The element with locator -->By.xpath: //button[text()='Sign Out'] <-- was found
17:51:31.820  INFO  tests.TestBase - Test start with email: wick34@gmail.com and password: Wick12345$
17:51:31.820  INFO  manager.MyListener - 'Start find ' element -->By.cssSelector: a[href='/login']
17:51:31.827  INFO  manager.MyListener - 'The element with locator -->By.cssSelector: a[href='/login'] <-- was found
17:51:31.857  INFO  manager.MyListener - 'Start find ' element -->By.xpath: (//input[@placeholder='Email'])[1]
17:51:31.864  INFO  manager.MyListener - 'The element with locator -->By.xpath: (//input[@placeholder='Email'])[1] <-- was found
17:51:31.977  INFO  manager.MyListener - 'Start find ' element -->By.xpath: (//input[@placeholder='Password'])[1]
17:51:31.987  INFO  manager.MyListener - 'The element with locator -->By.xpath: (//input[@placeholder='Password'])[1] <-- was found
17:51:32.073  INFO  manager.MyListener - 'Start find ' element -->By.cssSelector: button[name='login']
17:51:32.082  INFO  manager.MyListener - 'The element with locator -->By.cssSelector: button[name='login'] <-- was found
17:51:32.140  INFO  tests.TestBase - Test passed
17:51:32.144  INFO  tests.TestBase - Start test--->registrationSuccess
17:51:32.145  INFO  manager.MyListener - 'Start find ' element -->By.xpath: //button[text()='Sign Out']
17:51:32.629  INFO  manager.MyListener - 'The element with locator -->By.xpath: //button[text()='Sign Out'] <-- was found
17:51:32.630  INFO  manager.MyListener - 'Start find ' element -->By.cssSelector: a[href='/login']
17:51:32.634  INFO  manager.MyListener - We have a 'throwable' -->unexpected alert open: {Alert text : Wrong email or password}
  (Session info: chrome=109.0.5414.119): Wrong email or password
Build info: version: '3.141.59', revision: 'e82be7d358', time: '2018-11-14T08:17:03'
System info: host: 'MBP-Irina', ip: '2600:4040:5f1e:f100:e1a6:9ccc:371b:1f9b%en0', os.name: 'Mac OS X', os.arch: 'x86_64', os.version: '12.6.2', java.version: '11.0.17'
Driver info: org.openqa.selenium.chrome.ChromeDriver
Capabilities {acceptInsecureCerts: false, browserName: chrome, browserVersion: 109.0.5414.119, chrome: {chromedriverVersion: 109.0.5414.74 (e7c5703604da..., userDataDir: /var/folders/gy/c09sdzsx70q...}, goog:chromeOptions: {debuggerAddress: localhost:53618}, javascriptEnabled: true, networkConnectionEnabled: false, pageLoadStrategy: normal, platform: MAC, platformName: MAC, proxy: Proxy(), setWindowRect: true, strictFileInteractability: false, timeouts: {implicit: 0, pageLoad: 300000, script: 30000}, unhandledPromptBehavior: dismiss and notify, webauthn:extension:credBlob: true, webauthn:extension:largeBlob: true, webauthn:virtualAuthenticators: true}
Session ID: 3056938b731d2434e658642183b3095a
*** Element info: {Using=css selector, value=a[href='/login']}
17:51:32.634  INFO  manager.MyListener - We have a 'throwable' -->org.openqa.selenium.UnhandledAlertException: unexpected alert open: {Alert text : Wrong email or password}
  (Session info: chrome=109.0.5414.119): Wrong email or password
Build info: version: '3.141.59', revision: 'e82be7d358', time: '2018-11-14T08:17:03'
System info: host: 'MBP-Irina', ip: '2600:4040:5f1e:f100:e1a6:9ccc:371b:1f9b%en0', os.name: 'Mac OS X', os.arch: 'x86_64', os.version: '12.6.2', java.version: '11.0.17'
Driver info: org.openqa.selenium.chrome.ChromeDriver
Capabilities {acceptInsecureCerts: false, browserName: chrome, browserVersion: 109.0.5414.119, chrome: {chromedriverVersion: 109.0.5414.74 (e7c5703604da..., userDataDir: /var/folders/gy/c09sdzsx70q...}, goog:chromeOptions: {debuggerAddress: localhost:53618}, javascriptEnabled: true, networkConnectionEnabled: false, pageLoadStrategy: normal, platform: MAC, platformName: MAC, proxy: Proxy(), setWindowRect: true, strictFileInteractability: false, timeouts: {implicit: 0, pageLoad: 300000, script: 30000}, unhandledPromptBehavior: dismiss and notify, webauthn:extension:credBlob: true, webauthn:extension:largeBlob: true, webauthn:virtualAuthenticators: true}
Session ID: 3056938b731d2434e658642183b3095a
*** Element info: {Using=css selector, value=a[href='/login']}
17:51:33.733  INFO  manager.MyListener - This link to screen with problem --> src/test/resources/screenshots/screen-3092.png
