16:52:19.198  INFO  manager.ApplicationManager - Tests start with ChromeDriver
16:52:19.846  INFO  manager.ApplicationManager - The link is --> https://telranedu.web.app/home
16:52:19.871  INFO  manager.MyListener - 'Start find ' element -->By.xpath: //button[text()='Sign Out']
16:52:24.917  INFO  manager.MyListener - 'The element with locator -->By.xpath: //button[text()='Sign Out'] <-- was found
16:52:24.924  INFO  manager.MyListener - 'Start find ' element -->By.cssSelector: a[href='/login']
16:52:24.937  INFO  manager.MyListener - 'The element with locator -->By.cssSelector: a[href='/login'] <-- was found
16:52:24.990  INFO  manager.MyListener - 'Start find ' element -->By.xpath: (//input[@placeholder='Email'])[1]
16:52:25.003  INFO  manager.MyListener - 'The element with locator -->By.xpath: (//input[@placeholder='Email'])[1] <-- was found
16:52:25.188  INFO  manager.MyListener - 'Start find ' element -->By.xpath: (//input[@placeholder='Password'])[1]
16:52:25.200  INFO  manager.MyListener - 'The element with locator -->By.xpath: (//input[@placeholder='Password'])[1] <-- was found
16:52:25.285  INFO  manager.MyListener - 'Start find ' element -->By.cssSelector: button[name='login']
16:52:25.297  INFO  manager.MyListener - 'The element with locator -->By.cssSelector: button[name='login'] <-- was found
16:52:26.332  INFO  manager.MyListener - 'Start find ' element -->By.xpath: //button[text()='Sign Out']
16:52:26.343  INFO  manager.MyListener - 'The element with locator -->By.xpath: //button[text()='Sign Out'] <-- was found
16:52:26.346  INFO  manager.MyListener - 'Start find ' element -->By.xpath: //button[text()='Sign Out']
16:52:26.354  INFO  manager.MyListener - 'The element with locator -->By.xpath: //button[text()='Sign Out'] <-- was found
16:52:26.354  INFO  manager.MyListener - 'Start find ' element -->By.xpath: //button[text()='Sign Out']
16:52:26.366  INFO  manager.MyListener - 'The element with locator -->By.xpath: //button[text()='Sign Out'] <-- was found
16:52:26.397  INFO  manager.MyListener - 'Start find ' element -->By.cssSelector: a[href='/login']
16:52:26.408  INFO  manager.MyListener - 'The element with locator -->By.cssSelector: a[href='/login'] <-- was found
16:52:26.438  INFO  manager.MyListener - 'Start find ' element -->By.xpath: (//input[@placeholder='Email'])[1]
16:52:26.447  INFO  manager.MyListener - 'The element with locator -->By.xpath: (//input[@placeholder='Email'])[1] <-- was found
16:52:26.623  INFO  manager.MyListener - 'Start find ' element -->By.xpath: (//input[@placeholder='Password'])[1]
16:52:26.635  INFO  manager.MyListener - 'The element with locator -->By.xpath: (//input[@placeholder='Password'])[1] <-- was found
16:52:26.730  INFO  manager.MyListener - 'Start find ' element -->By.cssSelector: button[name='login']
16:52:26.739  INFO  manager.MyListener - 'The element with locator -->By.cssSelector: button[name='login'] <-- was found
16:52:27.773  INFO  manager.MyListener - 'Start find ' element -->By.xpath: //button[text()='Sign Out']
16:52:27.798  INFO  manager.MyListener - We have a 'throwable' -->unexpected alert open: {Alert text : Wrong email or password}
  (Session info: chrome=109.0.5414.119): Wrong email or password
Build info: version: '3.141.59', revision: 'e82be7d358', time: '2018-11-14T08:17:03'
System info: host: 'MBP-Irina', ip: '2600:4040:5f1e:f100:6468:b93b:ea88:60b2%en0', os.name: 'Mac OS X', os.arch: 'x86_64', os.version: '12.6.2', java.version: '11.0.17'
Driver info: org.openqa.selenium.chrome.ChromeDriver
Capabilities {acceptInsecureCerts: false, browserName: chrome, browserVersion: 109.0.5414.119, chrome: {chromedriverVersion: 109.0.5414.74 (e7c5703604da..., userDataDir: /var/folders/gy/c09sdzsx70q...}, goog:chromeOptions: {debuggerAddress: localhost:62397}, javascriptEnabled: true, networkConnectionEnabled: false, pageLoadStrategy: normal, platform: MAC, platformName: MAC, proxy: Proxy(), setWindowRect: true, strictFileInteractability: false, timeouts: {implicit: 0, pageLoad: 300000, script: 30000}, unhandledPromptBehavior: dismiss and notify, webauthn:extension:credBlob: true, webauthn:extension:largeBlob: true, webauthn:virtualAuthenticators: true}
Session ID: 0f7489bca5ff33842007ca3d24058135
*** Element info: {Using=xpath, value=//button[text()='Sign Out']}
16:52:27.799  INFO  manager.MyListener - We have a 'throwable' -->org.openqa.selenium.UnhandledAlertException: unexpected alert open: {Alert text : Wrong email or password}
  (Session info: chrome=109.0.5414.119): Wrong email or password
Build info: version: '3.141.59', revision: 'e82be7d358', time: '2018-11-14T08:17:03'
System info: host: 'MBP-Irina', ip: '2600:4040:5f1e:f100:6468:b93b:ea88:60b2%en0', os.name: 'Mac OS X', os.arch: 'x86_64', os.version: '12.6.2', java.version: '11.0.17'
Driver info: org.openqa.selenium.chrome.ChromeDriver
Capabilities {acceptInsecureCerts: false, browserName: chrome, browserVersion: 109.0.5414.119, chrome: {chromedriverVersion: 109.0.5414.74 (e7c5703604da..., userDataDir: /var/folders/gy/c09sdzsx70q...}, goog:chromeOptions: {debuggerAddress: localhost:62397}, javascriptEnabled: true, networkConnectionEnabled: false, pageLoadStrategy: normal, platform: MAC, platformName: MAC, proxy: Proxy(), setWindowRect: true, strictFileInteractability: false, timeouts: {implicit: 0, pageLoad: 300000, script: 30000}, unhandledPromptBehavior: dismiss and notify, webauthn:extension:credBlob: true, webauthn:extension:largeBlob: true, webauthn:virtualAuthenticators: true}
Session ID: 0f7489bca5ff33842007ca3d24058135
*** Element info: {Using=xpath, value=//button[text()='Sign Out']}
16:52:28.978  INFO  manager.MyListener - This link to screen with problem --> src/test/resources/screenshots/screen-3147.png
16:52:28.980  INFO  manager.MyListener - 'Start find ' element -->By.xpath: //button[text()='Sign Out']
16:52:34.036  INFO  manager.MyListener - 'The element with locator -->By.xpath: //button[text()='Sign Out'] <-- was found
16:52:34.037  INFO  manager.MyListener - 'Start find ' element -->By.cssSelector: a[href='/login']
16:52:34.045  INFO  manager.MyListener - 'The element with locator -->By.cssSelector: a[href='/login'] <-- was found
16:52:34.065  INFO  manager.MyListener - 'Start find ' element -->By.xpath: (//input[@placeholder='Email'])[1]
16:52:34.106  INFO  manager.MyListener - 'The element with locator -->By.xpath: (//input[@placeholder='Email'])[1] <-- was found
16:52:34.287  INFO  manager.MyListener - 'Start find ' element -->By.xpath: (//input[@placeholder='Password'])[1]
16:52:34.295  INFO  manager.MyListener - 'The element with locator -->By.xpath: (//input[@placeholder='Password'])[1] <-- was found
16:52:34.443  INFO  manager.MyListener - 'Start find ' element -->By.cssSelector: button[name='login']
16:52:34.450  INFO  manager.MyListener - 'The element with locator -->By.cssSelector: button[name='login'] <-- was found
16:52:35.482  INFO  manager.MyListener - 'Start find ' element -->By.xpath: //button[text()='Sign Out']
16:52:35.488  INFO  manager.MyListener - We have a 'throwable' -->unexpected alert open: {Alert text : Wrong email or password}
  (Session info: chrome=109.0.5414.119): Wrong email or password
Build info: version: '3.141.59', revision: 'e82be7d358', time: '2018-11-14T08:17:03'
System info: host: 'MBP-Irina', ip: '2600:4040:5f1e:f100:6468:b93b:ea88:60b2%en0', os.name: 'Mac OS X', os.arch: 'x86_64', os.version: '12.6.2', java.version: '11.0.17'
Driver info: org.openqa.selenium.chrome.ChromeDriver
Capabilities {acceptInsecureCerts: false, browserName: chrome, browserVersion: 109.0.5414.119, chrome: {chromedriverVersion: 109.0.5414.74 (e7c5703604da..., userDataDir: /var/folders/gy/c09sdzsx70q...}, goog:chromeOptions: {debuggerAddress: localhost:62397}, javascriptEnabled: true, networkConnectionEnabled: false, pageLoadStrategy: normal, platform: MAC, platformName: MAC, proxy: Proxy(), setWindowRect: true, strictFileInteractability: false, timeouts: {implicit: 0, pageLoad: 300000, script: 30000}, unhandledPromptBehavior: dismiss and notify, webauthn:extension:credBlob: true, webauthn:extension:largeBlob: true, webauthn:virtualAuthenticators: true}
Session ID: 0f7489bca5ff33842007ca3d24058135
*** Element info: {Using=xpath, value=//button[text()='Sign Out']}
16:52:35.490  INFO  manager.MyListener - We have a 'throwable' -->org.openqa.selenium.UnhandledAlertException: unexpected alert open: {Alert text : Wrong email or password}
  (Session info: chrome=109.0.5414.119): Wrong email or password
Build info: version: '3.141.59', revision: 'e82be7d358', time: '2018-11-14T08:17:03'
System info: host: 'MBP-Irina', ip: '2600:4040:5f1e:f100:6468:b93b:ea88:60b2%en0', os.name: 'Mac OS X', os.arch: 'x86_64', os.version: '12.6.2', java.version: '11.0.17'
Driver info: org.openqa.selenium.chrome.ChromeDriver
Capabilities {acceptInsecureCerts: false, browserName: chrome, browserVersion: 109.0.5414.119, chrome: {chromedriverVersion: 109.0.5414.74 (e7c5703604da..., userDataDir: /var/folders/gy/c09sdzsx70q...}, goog:chromeOptions: {debuggerAddress: localhost:62397}, javascriptEnabled: true, networkConnectionEnabled: false, pageLoadStrategy: normal, platform: MAC, platformName: MAC, proxy: Proxy(), setWindowRect: true, strictFileInteractability: false, timeouts: {implicit: 0, pageLoad: 300000, script: 30000}, unhandledPromptBehavior: dismiss and notify, webauthn:extension:credBlob: true, webauthn:extension:largeBlob: true, webauthn:virtualAuthenticators: true}
Session ID: 0f7489bca5ff33842007ca3d24058135
*** Element info: {Using=xpath, value=//button[text()='Sign Out']}
16:52:36.603  INFO  manager.MyListener - This link to screen with problem --> src/test/resources/screenshots/screen-3155.png
16:52:36.605  INFO  manager.MyListener - 'Start find ' element -->By.xpath: //button[text()='Sign Out']
16:52:41.647  INFO  manager.MyListener - 'The element with locator -->By.xpath: //button[text()='Sign Out'] <-- was found
16:52:41.648  INFO  manager.MyListener - 'Start find ' element -->By.cssSelector: a[href='/login']
16:52:41.655  INFO  manager.MyListener - 'The element with locator -->By.cssSelector: a[href='/login'] <-- was found
16:52:41.679  INFO  manager.MyListener - 'Start find ' element -->By.xpath: (//input[@placeholder='Email'])[1]
16:52:41.688  INFO  manager.MyListener - 'The element with locator -->By.xpath: (//input[@placeholder='Email'])[1] <-- was found
16:52:41.872  INFO  manager.MyListener - 'Start find ' element -->By.xpath: (//input[@placeholder='Password'])[1]
16:52:41.880  INFO  manager.MyListener - 'The element with locator -->By.xpath: (//input[@placeholder='Password'])[1] <-- was found
16:52:42.037  INFO  manager.MyListener - 'Start find ' element -->By.cssSelector: button[name='login']
16:52:42.045  INFO  manager.MyListener - 'The element with locator -->By.cssSelector: button[name='login'] <-- was found
16:52:43.105  INFO  manager.MyListener - 'Start find ' element -->By.xpath: //button[text()='Sign Out']
16:52:43.111  INFO  manager.MyListener - We have a 'throwable' -->unexpected alert open: {Alert text : Wrong email or password}
  (Session info: chrome=109.0.5414.119): Wrong email or password
Build info: version: '3.141.59', revision: 'e82be7d358', time: '2018-11-14T08:17:03'
System info: host: 'MBP-Irina', ip: '2600:4040:5f1e:f100:6468:b93b:ea88:60b2%en0', os.name: 'Mac OS X', os.arch: 'x86_64', os.version: '12.6.2', java.version: '11.0.17'
Driver info: org.openqa.selenium.chrome.ChromeDriver
Capabilities {acceptInsecureCerts: false, browserName: chrome, browserVersion: 109.0.5414.119, chrome: {chromedriverVersion: 109.0.5414.74 (e7c5703604da..., userDataDir: /var/folders/gy/c09sdzsx70q...}, goog:chromeOptions: {debuggerAddress: localhost:62397}, javascriptEnabled: true, networkConnectionEnabled: false, pageLoadStrategy: normal, platform: MAC, platformName: MAC, proxy: Proxy(), setWindowRect: true, strictFileInteractability: false, timeouts: {implicit: 0, pageLoad: 300000, script: 30000}, unhandledPromptBehavior: dismiss and notify, webauthn:extension:credBlob: true, webauthn:extension:largeBlob: true, webauthn:virtualAuthenticators: true}
Session ID: 0f7489bca5ff33842007ca3d24058135
*** Element info: {Using=xpath, value=//button[text()='Sign Out']}
16:52:43.112  INFO  manager.MyListener - We have a 'throwable' -->org.openqa.selenium.UnhandledAlertException: unexpected alert open: {Alert text : Wrong email or password}
  (Session info: chrome=109.0.5414.119): Wrong email or password
Build info: version: '3.141.59', revision: 'e82be7d358', time: '2018-11-14T08:17:03'
System info: host: 'MBP-Irina', ip: '2600:4040:5f1e:f100:6468:b93b:ea88:60b2%en0', os.name: 'Mac OS X', os.arch: 'x86_64', os.version: '12.6.2', java.version: '11.0.17'
Driver info: org.openqa.selenium.chrome.ChromeDriver
Capabilities {acceptInsecureCerts: false, browserName: chrome, browserVersion: 109.0.5414.119, chrome: {chromedriverVersion: 109.0.5414.74 (e7c5703604da..., userDataDir: /var/folders/gy/c09sdzsx70q...}, goog:chromeOptions: {debuggerAddress: localhost:62397}, javascriptEnabled: true, networkConnectionEnabled: false, pageLoadStrategy: normal, platform: MAC, platformName: MAC, proxy: Proxy(), setWindowRect: true, strictFileInteractability: false, timeouts: {implicit: 0, pageLoad: 300000, script: 30000}, unhandledPromptBehavior: dismiss and notify, webauthn:extension:credBlob: true, webauthn:extension:largeBlob: true, webauthn:virtualAuthenticators: true}
Session ID: 0f7489bca5ff33842007ca3d24058135
*** Element info: {Using=xpath, value=//button[text()='Sign Out']}
16:52:44.217  INFO  manager.MyListener - This link to screen with problem --> src/test/resources/screenshots/screen-3163.png
