18:10:28.377  INFO  manager.ApplicationManager - Tests start with ChromeDriver
18:10:29.034  INFO  manager.ApplicationManager - The link is --> https://telranedu.web.app/home
18:10:29.064  INFO  tests.TestBase - Start test--->loginModelDataProvider
18:10:29.066  INFO  manager.MyListener - 'Start find ' element -->By.xpath: //button[text()='Sign Out']
18:10:34.084  INFO  manager.MyListener - 'The element with locator -->By.xpath: //button[text()='Sign Out'] <-- was found
18:10:34.091  INFO  manager.MyListener - 'Start find ' element -->By.cssSelector: a[href='/login']
18:10:34.104  INFO  manager.MyListener - 'The element with locator -->By.cssSelector: a[href='/login'] <-- was found
18:10:34.160  INFO  manager.MyListener - 'Start find ' element -->By.xpath: (//input[@placeholder='Email'])[1]
18:10:34.173  INFO  manager.MyListener - 'The element with locator -->By.xpath: (//input[@placeholder='Email'])[1] <-- was found
18:10:34.366  INFO  manager.MyListener - 'Start find ' element -->By.xpath: (//input[@placeholder='Password'])[1]
18:10:34.378  INFO  manager.MyListener - 'The element with locator -->By.xpath: (//input[@placeholder='Password'])[1] <-- was found
18:10:34.468  INFO  manager.MyListener - 'Start find ' element -->By.cssSelector: button[name='login']
18:10:34.481  INFO  manager.MyListener - 'The element with locator -->By.cssSelector: button[name='login'] <-- was found
18:10:34.544  INFO  manager.MyListener - 'Start find ' element -->By.xpath: //button[text()='Sign Out']
18:10:34.824  INFO  manager.MyListener - 'The element with locator -->By.xpath: //button[text()='Sign Out'] <-- was found
18:10:34.830  INFO  tests.TestBase - Start test--->loginModelDataProvider
18:10:34.830  INFO  manager.MyListener - 'Start find ' element -->By.xpath: //button[text()='Sign Out']
18:10:34.839  INFO  manager.MyListener - 'The element with locator -->By.xpath: //button[text()='Sign Out'] <-- was found
18:10:34.839  INFO  manager.MyListener - 'Start find ' element -->By.xpath: //button[text()='Sign Out']
18:10:34.851  INFO  manager.MyListener - 'The element with locator -->By.xpath: //button[text()='Sign Out'] <-- was found
18:10:34.888  INFO  manager.MyListener - 'Start find ' element -->By.cssSelector: a[href='/login']
18:10:34.905  INFO  manager.MyListener - 'The element with locator -->By.cssSelector: a[href='/login'] <-- was found
18:10:34.936  INFO  manager.MyListener - 'Start find ' element -->By.xpath: (//input[@placeholder='Email'])[1]
18:10:34.946  INFO  manager.MyListener - 'The element with locator -->By.xpath: (//input[@placeholder='Email'])[1] <-- was found
18:10:35.080  INFO  manager.MyListener - 'Start find ' element -->By.xpath: (//input[@placeholder='Password'])[1]
18:10:35.160  INFO  manager.MyListener - 'The element with locator -->By.xpath: (//input[@placeholder='Password'])[1] <-- was found
18:10:35.252  INFO  manager.MyListener - 'Start find ' element -->By.cssSelector: button[name='login']
18:10:35.262  INFO  manager.MyListener - 'The element with locator -->By.cssSelector: button[name='login'] <-- was found
18:10:35.321  INFO  manager.MyListener - 'Start find ' element -->By.xpath: //button[text()='Sign Out']
18:10:35.437  INFO  manager.MyListener - 'The element with locator -->By.xpath: //button[text()='Sign Out'] <-- was found
18:10:35.438  INFO  tests.TestBase - Start test--->loginModelDataProvider
18:10:35.439  INFO  manager.MyListener - 'Start find ' element -->By.xpath: //button[text()='Sign Out']
18:10:35.447  INFO  manager.MyListener - 'The element with locator -->By.xpath: //button[text()='Sign Out'] <-- was found
18:10:35.447  INFO  manager.MyListener - 'Start find ' element -->By.xpath: //button[text()='Sign Out']
18:10:35.456  INFO  manager.MyListener - 'The element with locator -->By.xpath: //button[text()='Sign Out'] <-- was found
18:10:35.494  INFO  manager.MyListener - 'Start find ' element -->By.cssSelector: a[href='/login']
18:10:35.507  INFO  manager.MyListener - 'The element with locator -->By.cssSelector: a[href='/login'] <-- was found
18:10:35.540  INFO  manager.MyListener - 'Start find ' element -->By.xpath: (//input[@placeholder='Email'])[1]
18:10:35.548  INFO  manager.MyListener - 'The element with locator -->By.xpath: (//input[@placeholder='Email'])[1] <-- was found
18:10:35.682  INFO  manager.MyListener - 'Start find ' element -->By.xpath: (//input[@placeholder='Password'])[1]
18:10:35.690  INFO  manager.MyListener - 'The element with locator -->By.xpath: (//input[@placeholder='Password'])[1] <-- was found
18:10:35.784  INFO  manager.MyListener - 'Start find ' element -->By.cssSelector: button[name='login']
18:10:35.793  INFO  manager.MyListener - 'The element with locator -->By.cssSelector: button[name='login'] <-- was found
18:10:35.854  INFO  manager.MyListener - 'Start find ' element -->By.xpath: //button[text()='Sign Out']
18:10:35.969  INFO  manager.MyListener - 'The element with locator -->By.xpath: //button[text()='Sign Out'] <-- was found
18:10:35.970  INFO  tests.TestBase - Start test--->loginModelDataProvider
18:10:35.971  INFO  manager.MyListener - 'Start find ' element -->By.xpath: //button[text()='Sign Out']
18:10:35.978  INFO  manager.MyListener - 'The element with locator -->By.xpath: //button[text()='Sign Out'] <-- was found
18:10:35.979  INFO  manager.MyListener - 'Start find ' element -->By.xpath: //button[text()='Sign Out']
18:10:35.986  INFO  manager.MyListener - 'The element with locator -->By.xpath: //button[text()='Sign Out'] <-- was found
18:10:36.019  INFO  manager.MyListener - 'Start find ' element -->By.cssSelector: a[href='/login']
18:10:36.033  INFO  manager.MyListener - 'The element with locator -->By.cssSelector: a[href='/login'] <-- was found
18:10:36.064  INFO  manager.MyListener - 'Start find ' element -->By.xpath: (//input[@placeholder='Email'])[1]
18:10:36.074  INFO  manager.MyListener - 'The element with locator -->By.xpath: (//input[@placeholder='Email'])[1] <-- was found
18:10:36.212  INFO  manager.MyListener - 'Start find ' element -->By.xpath: (//input[@placeholder='Password'])[1]
18:10:36.228  INFO  manager.MyListener - 'The element with locator -->By.xpath: (//input[@placeholder='Password'])[1] <-- was found
18:10:36.324  INFO  manager.MyListener - 'Start find ' element -->By.cssSelector: button[name='login']
18:10:36.332  INFO  manager.MyListener - 'The element with locator -->By.cssSelector: button[name='login'] <-- was found
18:10:36.363  INFO  manager.MyListener - 'Start find ' element -->By.xpath: //button[text()='Sign Out']
18:10:36.507  INFO  manager.MyListener - 'The element with locator -->By.xpath: //button[text()='Sign Out'] <-- was found
18:10:36.510  INFO  tests.TestBase - Start test--->loginModelDataProviderCSV
18:10:36.510  INFO  manager.MyListener - 'Start find ' element -->By.xpath: //button[text()='Sign Out']
18:10:36.517  INFO  manager.MyListener - 'The element with locator -->By.xpath: //button[text()='Sign Out'] <-- was found
18:10:36.518  INFO  manager.MyListener - 'Start find ' element -->By.xpath: //button[text()='Sign Out']
18:10:36.525  INFO  manager.MyListener - 'The element with locator -->By.xpath: //button[text()='Sign Out'] <-- was found
18:10:36.567  INFO  manager.MyListener - 'Start find ' element -->By.cssSelector: a[href='/login']
18:10:36.575  INFO  manager.MyListener - 'The element with locator -->By.cssSelector: a[href='/login'] <-- was found
18:10:36.608  INFO  manager.MyListener - 'Start find ' element -->By.xpath: (//input[@placeholder='Email'])[1]
18:10:36.617  INFO  manager.MyListener - 'The element with locator -->By.xpath: (//input[@placeholder='Email'])[1] <-- was found
18:10:36.749  INFO  manager.MyListener - 'Start find ' element -->By.xpath: (//input[@placeholder='Password'])[1]
18:10:36.758  INFO  manager.MyListener - 'The element with locator -->By.xpath: (//input[@placeholder='Password'])[1] <-- was found
18:10:36.859  INFO  manager.MyListener - 'Start find ' element -->By.cssSelector: button[name='login']
18:10:36.870  INFO  manager.MyListener - 'The element with locator -->By.cssSelector: button[name='login'] <-- was found
18:10:36.929  INFO  manager.MyListener - 'Start find ' element -->By.xpath: //button[text()='Sign Out']
18:10:37.098  INFO  manager.MyListener - 'The element with locator -->By.xpath: //button[text()='Sign Out'] <-- was found
18:10:37.099  INFO  tests.TestBase - Start test--->loginModelDataProviderCSV
18:10:37.100  INFO  manager.MyListener - 'Start find ' element -->By.xpath: //button[text()='Sign Out']
18:10:37.107  INFO  manager.MyListener - 'The element with locator -->By.xpath: //button[text()='Sign Out'] <-- was found
18:10:37.108  INFO  manager.MyListener - 'Start find ' element -->By.xpath: //button[text()='Sign Out']
18:10:37.115  INFO  manager.MyListener - 'The element with locator -->By.xpath: //button[text()='Sign Out'] <-- was found
18:10:37.147  INFO  manager.MyListener - 'Start find ' element -->By.cssSelector: a[href='/login']
18:10:37.162  INFO  manager.MyListener - 'The element with locator -->By.cssSelector: a[href='/login'] <-- was found
18:10:37.207  INFO  manager.MyListener - 'Start find ' element -->By.xpath: (//input[@placeholder='Email'])[1]
18:10:37.234  INFO  manager.MyListener - 'The element with locator -->By.xpath: (//input[@placeholder='Email'])[1] <-- was found
18:10:37.375  INFO  manager.MyListener - 'Start find ' element -->By.xpath: (//input[@placeholder='Password'])[1]
18:10:37.387  INFO  manager.MyListener - 'The element with locator -->By.xpath: (//input[@placeholder='Password'])[1] <-- was found
18:10:37.486  INFO  manager.MyListener - 'Start find ' element -->By.cssSelector: button[name='login']
18:10:37.494  INFO  manager.MyListener - 'The element with locator -->By.cssSelector: button[name='login'] <-- was found
18:10:37.554  INFO  manager.MyListener - 'Start find ' element -->By.xpath: //button[text()='Sign Out']
18:10:37.671  INFO  manager.MyListener - 'The element with locator -->By.xpath: //button[text()='Sign Out'] <-- was found
18:10:37.672  INFO  tests.TestBase - Start test--->loginModelDataProviderCSV
18:10:37.673  INFO  manager.MyListener - 'Start find ' element -->By.xpath: //button[text()='Sign Out']
18:10:37.681  INFO  manager.MyListener - 'The element with locator -->By.xpath: //button[text()='Sign Out'] <-- was found
18:10:37.682  INFO  manager.MyListener - 'Start find ' element -->By.xpath: //button[text()='Sign Out']
18:10:37.690  INFO  manager.MyListener - 'The element with locator -->By.xpath: //button[text()='Sign Out'] <-- was found
18:10:37.728  INFO  manager.MyListener - 'Start find ' element -->By.cssSelector: a[href='/login']
18:10:37.736  INFO  manager.MyListener - 'The element with locator -->By.cssSelector: a[href='/login'] <-- was found
18:10:37.770  INFO  manager.MyListener - 'Start find ' element -->By.xpath: (//input[@placeholder='Email'])[1]
18:10:37.783  INFO  manager.MyListener - 'The element with locator -->By.xpath: (//input[@placeholder='Email'])[1] <-- was found
18:10:37.903  INFO  manager.MyListener - 'Start find ' element -->By.xpath: (//input[@placeholder='Password'])[1]
18:10:37.919  INFO  manager.MyListener - 'The element with locator -->By.xpath: (//input[@placeholder='Password'])[1] <-- was found
18:10:38.015  INFO  manager.MyListener - 'Start find ' element -->By.cssSelector: button[name='login']
18:10:38.024  INFO  manager.MyListener - 'The element with locator -->By.cssSelector: button[name='login'] <-- was found
18:10:38.055  INFO  manager.MyListener - 'Start find ' element -->By.xpath: //button[text()='Sign Out']
18:10:38.204  INFO  manager.MyListener - 'The element with locator -->By.xpath: //button[text()='Sign Out'] <-- was found
18:10:38.205  INFO  tests.TestBase - Start test--->loginModelDataProviderCSV
18:10:38.206  INFO  manager.MyListener - 'Start find ' element -->By.xpath: //button[text()='Sign Out']
18:10:38.213  INFO  manager.MyListener - 'The element with locator -->By.xpath: //button[text()='Sign Out'] <-- was found
18:10:38.213  INFO  manager.MyListener - 'Start find ' element -->By.xpath: //button[text()='Sign Out']
18:10:38.221  INFO  manager.MyListener - 'The element with locator -->By.xpath: //button[text()='Sign Out'] <-- was found
18:10:38.254  INFO  manager.MyListener - 'Start find ' element -->By.cssSelector: a[href='/login']
18:10:38.264  INFO  manager.MyListener - 'The element with locator -->By.cssSelector: a[href='/login'] <-- was found
18:10:38.314  INFO  manager.MyListener - 'Start find ' element -->By.xpath: (//input[@placeholder='Email'])[1]
18:10:38.322  INFO  manager.MyListener - 'The element with locator -->By.xpath: (//input[@placeholder='Email'])[1] <-- was found
18:10:38.449  INFO  manager.MyListener - 'Start find ' element -->By.xpath: (//input[@placeholder='Password'])[1]
18:10:38.470  INFO  manager.MyListener - 'The element with locator -->By.xpath: (//input[@placeholder='Password'])[1] <-- was found
18:10:38.569  INFO  manager.MyListener - 'Start find ' element -->By.cssSelector: button[name='login']
18:10:38.585  INFO  manager.MyListener - 'The element with locator -->By.cssSelector: button[name='login'] <-- was found
18:10:38.631  INFO  manager.MyListener - 'Start find ' element -->By.xpath: //button[text()='Sign Out']
18:10:38.800  INFO  manager.MyListener - 'The element with locator -->By.xpath: //button[text()='Sign Out'] <-- was found
18:10:38.818  INFO  tests.TestBase - Start test--->loginNegativeTestWrongPassword
18:10:38.819  INFO  manager.MyListener - 'Start find ' element -->By.xpath: //button[text()='Sign Out']
18:10:38.827  INFO  manager.MyListener - 'The element with locator -->By.xpath: //button[text()='Sign Out'] <-- was found
18:10:38.839  INFO  manager.MyListener - 'Start find ' element -->By.xpath: //button[text()='Sign Out']
18:10:38.847  INFO  manager.MyListener - 'The element with locator -->By.xpath: //button[text()='Sign Out'] <-- was found
18:10:38.917  INFO  manager.MyListener - 'Start find ' element -->By.cssSelector: a[href='/login']
18:10:38.946  INFO  manager.MyListener - 'The element with locator -->By.cssSelector: a[href='/login'] <-- was found
18:10:38.991  INFO  manager.MyListener - 'Start find ' element -->By.xpath: (//input[@placeholder='Email'])[1]
18:10:39.009  INFO  manager.MyListener - 'The element with locator -->By.xpath: (//input[@placeholder='Email'])[1] <-- was found
18:10:39.168  INFO  manager.MyListener - 'Start find ' element -->By.xpath: (//input[@placeholder='Password'])[1]
18:10:39.177  INFO  manager.MyListener - 'The element with locator -->By.xpath: (//input[@placeholder='Password'])[1] <-- was found
18:10:39.266  INFO  manager.MyListener - 'Start find ' element -->By.cssSelector: button[name='login']
18:10:39.278  INFO  manager.MyListener - 'The element with locator -->By.cssSelector: button[name='login'] <-- was found
18:10:39.315  INFO  manager.MyListener - 'Start find ' element -->By.xpath: //button[text()='Sign Out']
18:10:39.615  INFO  manager.MyListener - 'The element with locator -->By.xpath: //button[text()='Sign Out'] <-- was found
18:10:39.641  INFO  tests.TestBase - Start test--->loginSuccess
18:10:39.642  INFO  manager.MyListener - 'Start find ' element -->By.xpath: //button[text()='Sign Out']
18:10:44.716  INFO  manager.MyListener - 'The element with locator -->By.xpath: //button[text()='Sign Out'] <-- was found
18:10:44.723  INFO  tests.TestBase - Test start with email: miomi@gmail.com and password: Mmiomi12345$
18:10:44.723  INFO  manager.MyListener - 'Start find ' element -->By.cssSelector: a[href='/login']
18:10:44.730  INFO  manager.MyListener - 'The element with locator -->By.cssSelector: a[href='/login'] <-- was found
18:10:44.750  INFO  manager.MyListener - 'Start find ' element -->By.xpath: (//input[@placeholder='Email'])[1]
18:10:44.776  INFO  manager.MyListener - 'The element with locator -->By.xpath: (//input[@placeholder='Email'])[1] <-- was found
18:10:44.980  INFO  manager.MyListener - 'Start find ' element -->By.xpath: (//input[@placeholder='Password'])[1]
18:10:44.988  INFO  manager.MyListener - 'The element with locator -->By.xpath: (//input[@placeholder='Password'])[1] <-- was found
18:10:45.196  INFO  manager.MyListener - 'Start find ' element -->By.cssSelector: button[name='login']
18:10:45.221  INFO  manager.MyListener - 'The element with locator -->By.cssSelector: button[name='login'] <-- was found
18:10:45.266  INFO  tests.TestBase - Test passed
18:10:45.278  INFO  tests.TestBase - Start test--->loginSuccess
18:10:45.299  INFO  manager.MyListener - 'Start find ' element -->By.xpath: //button[text()='Sign Out']
18:10:45.622  INFO  manager.MyListener - 'The element with locator -->By.xpath: //button[text()='Sign Out'] <-- was found
18:10:45.623  INFO  tests.TestBase - Test start with email: noa@gmail.com and password: Nnoa12345$
18:10:45.623  INFO  manager.MyListener - 'Start find ' element -->By.cssSelector: a[href='/login']
18:10:45.658  INFO  manager.MyListener - We have a 'throwable' -->unexpected alert open: {Alert text : Wrong email or password}
  (Session info: chrome=109.0.5414.119): Wrong email or password
Build info: version: '3.141.59', revision: 'e82be7d358', time: '2018-11-14T08:17:03'
System info: host: 'MBP-Irina', ip: '2600:4040:5f1e:f100:e1a6:9ccc:371b:1f9b%en0', os.name: 'Mac OS X', os.arch: 'x86_64', os.version: '12.6.2', java.version: '11.0.17'
Driver info: org.openqa.selenium.chrome.ChromeDriver
Capabilities {acceptInsecureCerts: false, browserName: chrome, browserVersion: 109.0.5414.119, chrome: {chromedriverVersion: 109.0.5414.74 (e7c5703604da..., userDataDir: /var/folders/gy/c09sdzsx70q...}, goog:chromeOptions: {debuggerAddress: localhost:54004}, javascriptEnabled: true, networkConnectionEnabled: false, pageLoadStrategy: normal, platform: MAC, platformName: MAC, proxy: Proxy(), setWindowRect: true, strictFileInteractability: false, timeouts: {implicit: 0, pageLoad: 300000, script: 30000}, unhandledPromptBehavior: dismiss and notify, webauthn:extension:credBlob: true, webauthn:extension:largeBlob: true, webauthn:virtualAuthenticators: true}
Session ID: fdeca4bd6472dafaea04765357098962
*** Element info: {Using=css selector, value=a[href='/login']}
18:10:45.659  INFO  manager.MyListener - We have a 'throwable' -->org.openqa.selenium.UnhandledAlertException: unexpected alert open: {Alert text : Wrong email or password}
  (Session info: chrome=109.0.5414.119): Wrong email or password
Build info: version: '3.141.59', revision: 'e82be7d358', time: '2018-11-14T08:17:03'
System info: host: 'MBP-Irina', ip: '2600:4040:5f1e:f100:e1a6:9ccc:371b:1f9b%en0', os.name: 'Mac OS X', os.arch: 'x86_64', os.version: '12.6.2', java.version: '11.0.17'
Driver info: org.openqa.selenium.chrome.ChromeDriver
Capabilities {acceptInsecureCerts: false, browserName: chrome, browserVersion: 109.0.5414.119, chrome: {chromedriverVersion: 109.0.5414.74 (e7c5703604da..., userDataDir: /var/folders/gy/c09sdzsx70q...}, goog:chromeOptions: {debuggerAddress: localhost:54004}, javascriptEnabled: true, networkConnectionEnabled: false, pageLoadStrategy: normal, platform: MAC, platformName: MAC, proxy: Proxy(), setWindowRect: true, strictFileInteractability: false, timeouts: {implicit: 0, pageLoad: 300000, script: 30000}, unhandledPromptBehavior: dismiss and notify, webauthn:extension:credBlob: true, webauthn:extension:largeBlob: true, webauthn:virtualAuthenticators: true}
Session ID: fdeca4bd6472dafaea04765357098962
*** Element info: {Using=css selector, value=a[href='/login']}
18:10:47.071  INFO  manager.MyListener - This link to screen with problem --> src/test/resources/screenshots/screen-645.png
18:10:47.072  INFO  tests.TestBase - Start test--->loginSuccess
18:10:47.072  INFO  manager.MyListener - 'Start find ' element -->By.xpath: //button[text()='Sign Out']
18:10:52.082  INFO  manager.MyListener - 'The element with locator -->By.xpath: //button[text()='Sign Out'] <-- was found
18:10:52.082  INFO  tests.TestBase - Test start with email: zoa@gmail.com and password: Zoa12345$
18:10:52.082  INFO  manager.MyListener - 'Start find ' element -->By.cssSelector: a[href='/login']
18:10:52.089  INFO  manager.MyListener - 'The element with locator -->By.cssSelector: a[href='/login'] <-- was found
18:10:52.109  INFO  manager.MyListener - 'Start find ' element -->By.xpath: (//input[@placeholder='Email'])[1]
18:10:52.116  INFO  manager.MyListener - 'The element with locator -->By.xpath: (//input[@placeholder='Email'])[1] <-- was found
18:10:52.308  INFO  manager.MyListener - 'Start find ' element -->By.xpath: (//input[@placeholder='Password'])[1]
18:10:52.315  INFO  manager.MyListener - 'The element with locator -->By.xpath: (//input[@placeholder='Password'])[1] <-- was found
18:10:52.467  INFO  manager.MyListener - 'Start find ' element -->By.cssSelector: button[name='login']
18:10:52.475  INFO  manager.MyListener - 'The element with locator -->By.cssSelector: button[name='login'] <-- was found
18:10:52.537  INFO  tests.TestBase - Test passed
18:10:52.537  INFO  tests.TestBase - Start test--->loginSuccess
18:10:52.538  INFO  manager.MyListener - 'Start find ' element -->By.xpath: //button[text()='Sign Out']
18:10:52.654  INFO  manager.MyListener - 'The element with locator -->By.xpath: //button[text()='Sign Out'] <-- was found
18:10:52.654  INFO  manager.MyListener - 'Start find ' element -->By.xpath: //button[text()='Sign Out']
18:10:52.661  INFO  manager.MyListener - 'The element with locator -->By.xpath: //button[text()='Sign Out'] <-- was found
18:10:52.700  INFO  tests.TestBase - Test start with email: wick34@gmail.com and password: Wick12345$
18:10:52.701  INFO  manager.MyListener - 'Start find ' element -->By.cssSelector: a[href='/login']
18:10:52.714  INFO  manager.MyListener - 'The element with locator -->By.cssSelector: a[href='/login'] <-- was found
18:10:52.753  INFO  manager.MyListener - 'Start find ' element -->By.xpath: (//input[@placeholder='Email'])[1]
18:10:52.763  INFO  manager.MyListener - 'The element with locator -->By.xpath: (//input[@placeholder='Email'])[1] <-- was found
18:10:52.898  INFO  manager.MyListener - 'Start find ' element -->By.xpath: (//input[@placeholder='Password'])[1]
18:10:52.910  INFO  manager.MyListener - 'The element with locator -->By.xpath: (//input[@placeholder='Password'])[1] <-- was found
18:10:52.999  INFO  manager.MyListener - 'Start find ' element -->By.cssSelector: button[name='login']
18:10:53.007  INFO  manager.MyListener - 'The element with locator -->By.cssSelector: button[name='login'] <-- was found
18:10:53.066  INFO  tests.TestBase - Test passed
18:10:53.070  INFO  tests.TestBase - Start test--->registrationSuccess
18:10:53.070  INFO  manager.MyListener - 'Start find ' element -->By.xpath: //button[text()='Sign Out']
18:10:53.355  INFO  manager.MyListener - 'The element with locator -->By.xpath: //button[text()='Sign Out'] <-- was found
18:10:53.356  INFO  manager.MyListener - 'Start find ' element -->By.cssSelector: a[href='/login']
18:10:53.372  INFO  manager.MyListener - We have a 'throwable' -->unexpected alert open: {Alert text : Wrong email or password}
  (Session info: chrome=109.0.5414.119): Wrong email or password
Build info: version: '3.141.59', revision: 'e82be7d358', time: '2018-11-14T08:17:03'
System info: host: 'MBP-Irina', ip: '2600:4040:5f1e:f100:e1a6:9ccc:371b:1f9b%en0', os.name: 'Mac OS X', os.arch: 'x86_64', os.version: '12.6.2', java.version: '11.0.17'
Driver info: org.openqa.selenium.chrome.ChromeDriver
Capabilities {acceptInsecureCerts: false, browserName: chrome, browserVersion: 109.0.5414.119, chrome: {chromedriverVersion: 109.0.5414.74 (e7c5703604da..., userDataDir: /var/folders/gy/c09sdzsx70q...}, goog:chromeOptions: {debuggerAddress: localhost:54004}, javascriptEnabled: true, networkConnectionEnabled: false, pageLoadStrategy: normal, platform: MAC, platformName: MAC, proxy: Proxy(), setWindowRect: true, strictFileInteractability: false, timeouts: {implicit: 0, pageLoad: 300000, script: 30000}, unhandledPromptBehavior: dismiss and notify, webauthn:extension:credBlob: true, webauthn:extension:largeBlob: true, webauthn:virtualAuthenticators: true}
Session ID: fdeca4bd6472dafaea04765357098962
*** Element info: {Using=css selector, value=a[href='/login']}
18:10:53.373  INFO  manager.MyListener - We have a 'throwable' -->org.openqa.selenium.UnhandledAlertException: unexpected alert open: {Alert text : Wrong email or password}
  (Session info: chrome=109.0.5414.119): Wrong email or password
Build info: version: '3.141.59', revision: 'e82be7d358', time: '2018-11-14T08:17:03'
System info: host: 'MBP-Irina', ip: '2600:4040:5f1e:f100:e1a6:9ccc:371b:1f9b%en0', os.name: 'Mac OS X', os.arch: 'x86_64', os.version: '12.6.2', java.version: '11.0.17'
Driver info: org.openqa.selenium.chrome.ChromeDriver
Capabilities {acceptInsecureCerts: false, browserName: chrome, browserVersion: 109.0.5414.119, chrome: {chromedriverVersion: 109.0.5414.74 (e7c5703604da..., userDataDir: /var/folders/gy/c09sdzsx70q...}, goog:chromeOptions: {debuggerAddress: localhost:54004}, javascriptEnabled: true, networkConnectionEnabled: false, pageLoadStrategy: normal, platform: MAC, platformName: MAC, proxy: Proxy(), setWindowRect: true, strictFileInteractability: false, timeouts: {implicit: 0, pageLoad: 300000, script: 30000}, unhandledPromptBehavior: dismiss and notify, webauthn:extension:credBlob: true, webauthn:extension:largeBlob: true, webauthn:virtualAuthenticators: true}
Session ID: fdeca4bd6472dafaea04765357098962
*** Element info: {Using=css selector, value=a[href='/login']}
18:10:54.550  INFO  manager.MyListener - This link to screen with problem --> src/test/resources/screenshots/screen-653.png
