17:02:27.252  INFO  manager.ApplicationManager - Tests start with ChromeDriver
17:02:27.904  INFO  manager.ApplicationManager - The link is --> https://telranedu.web.app/home
17:02:27.934  INFO  manager.MyListener - 'Start find ' element -->By.xpath: //button[text()='Sign Out']
17:02:32.992  INFO  manager.MyListener - 'The element with locator -->By.xpath: //button[text()='Sign Out'] <-- was found
17:02:32.999  INFO  manager.MyListener - 'Start find ' element -->By.cssSelector: a[href='/login']
17:02:33.012  INFO  manager.MyListener - 'The element with locator -->By.cssSelector: a[href='/login'] <-- was found
17:02:33.066  INFO  manager.MyListener - 'Start find ' element -->By.xpath: (//input[@placeholder='Email'])[1]
17:02:33.078  INFO  manager.MyListener - 'The element with locator -->By.xpath: (//input[@placeholder='Email'])[1] <-- was found
17:02:33.266  INFO  manager.MyListener - 'Start find ' element -->By.xpath: (//input[@placeholder='Password'])[1]
17:02:33.277  INFO  manager.MyListener - 'The element with locator -->By.xpath: (//input[@placeholder='Password'])[1] <-- was found
17:02:33.359  INFO  manager.MyListener - 'Start find ' element -->By.cssSelector: button[name='login']
17:02:33.371  INFO  manager.MyListener - 'The element with locator -->By.cssSelector: button[name='login'] <-- was found
17:02:34.411  INFO  manager.MyListener - 'Start find ' element -->By.xpath: //button[text()='Sign Out']
17:02:34.421  INFO  manager.MyListener - 'The element with locator -->By.xpath: //button[text()='Sign Out'] <-- was found
17:02:34.425  INFO  manager.MyListener - 'Start find ' element -->By.xpath: //button[text()='Sign Out']
17:02:34.433  INFO  manager.MyListener - 'The element with locator -->By.xpath: //button[text()='Sign Out'] <-- was found
17:02:34.434  INFO  manager.MyListener - 'Start find ' element -->By.xpath: //button[text()='Sign Out']
17:02:34.445  INFO  manager.MyListener - 'The element with locator -->By.xpath: //button[text()='Sign Out'] <-- was found
17:02:34.477  INFO  manager.MyListener - 'Start find ' element -->By.cssSelector: a[href='/login']
17:02:34.507  INFO  manager.MyListener - 'The element with locator -->By.cssSelector: a[href='/login'] <-- was found
17:02:34.538  INFO  manager.MyListener - 'Start find ' element -->By.xpath: (//input[@placeholder='Email'])[1]
17:02:34.546  INFO  manager.MyListener - 'The element with locator -->By.xpath: (//input[@placeholder='Email'])[1] <-- was found
17:02:34.720  INFO  manager.MyListener - 'Start find ' element -->By.xpath: (//input[@placeholder='Password'])[1]
17:02:34.733  INFO  manager.MyListener - 'The element with locator -->By.xpath: (//input[@placeholder='Password'])[1] <-- was found
17:02:34.826  INFO  manager.MyListener - 'Start find ' element -->By.cssSelector: button[name='login']
17:02:34.836  INFO  manager.MyListener - 'The element with locator -->By.cssSelector: button[name='login'] <-- was found
17:02:35.868  INFO  manager.MyListener - 'Start find ' element -->By.xpath: //button[text()='Sign Out']
17:02:35.878  INFO  manager.MyListener - 'The element with locator -->By.xpath: //button[text()='Sign Out'] <-- was found
17:02:35.879  INFO  manager.MyListener - 'Start find ' element -->By.xpath: //button[text()='Sign Out']
17:02:35.887  INFO  manager.MyListener - 'The element with locator -->By.xpath: //button[text()='Sign Out'] <-- was found
17:02:35.887  INFO  manager.MyListener - 'Start find ' element -->By.xpath: //button[text()='Sign Out']
17:02:35.894  INFO  manager.MyListener - 'The element with locator -->By.xpath: //button[text()='Sign Out'] <-- was found
17:02:35.943  INFO  manager.MyListener - 'Start find ' element -->By.cssSelector: a[href='/login']
17:02:35.968  INFO  manager.MyListener - 'The element with locator -->By.cssSelector: a[href='/login'] <-- was found
17:02:35.997  INFO  manager.MyListener - 'Start find ' element -->By.xpath: (//input[@placeholder='Email'])[1]
17:02:36.004  INFO  manager.MyListener - 'The element with locator -->By.xpath: (//input[@placeholder='Email'])[1] <-- was found
17:02:36.126  INFO  manager.MyListener - 'Start find ' element -->By.xpath: (//input[@placeholder='Password'])[1]
17:02:36.144  INFO  manager.MyListener - 'The element with locator -->By.xpath: (//input[@placeholder='Password'])[1] <-- was found
17:02:36.244  INFO  manager.MyListener - 'Start find ' element -->By.cssSelector: button[name='login']
17:02:36.252  INFO  manager.MyListener - 'The element with locator -->By.cssSelector: button[name='login'] <-- was found
17:02:37.313  INFO  manager.MyListener - 'Start find ' element -->By.xpath: //button[text()='Sign Out']
17:02:37.322  INFO  manager.MyListener - 'The element with locator -->By.xpath: //button[text()='Sign Out'] <-- was found
17:02:37.323  INFO  manager.MyListener - 'Start find ' element -->By.xpath: //button[text()='Sign Out']
17:02:37.331  INFO  manager.MyListener - 'The element with locator -->By.xpath: //button[text()='Sign Out'] <-- was found
17:02:37.331  INFO  manager.MyListener - 'Start find ' element -->By.xpath: //button[text()='Sign Out']
17:02:37.339  INFO  manager.MyListener - 'The element with locator -->By.xpath: //button[text()='Sign Out'] <-- was found
17:02:37.371  INFO  manager.MyListener - 'Start find ' element -->By.cssSelector: a[href='/login']
17:02:37.397  INFO  manager.MyListener - 'The element with locator -->By.cssSelector: a[href='/login'] <-- was found
17:02:37.427  INFO  manager.MyListener - 'Start find ' element -->By.xpath: (//input[@placeholder='Email'])[1]
17:02:37.435  INFO  manager.MyListener - 'The element with locator -->By.xpath: (//input[@placeholder='Email'])[1] <-- was found
17:02:37.575  INFO  manager.MyListener - 'Start find ' element -->By.xpath: (//input[@placeholder='Password'])[1]
17:02:37.583  INFO  manager.MyListener - 'The element with locator -->By.xpath: (//input[@placeholder='Password'])[1] <-- was found
17:02:37.678  INFO  manager.MyListener - 'Start find ' element -->By.cssSelector: button[name='login']
17:02:37.687  INFO  manager.MyListener - 'The element with locator -->By.cssSelector: button[name='login'] <-- was found
17:02:38.745  INFO  manager.MyListener - 'Start find ' element -->By.xpath: //button[text()='Sign Out']
17:02:38.755  INFO  manager.MyListener - 'The element with locator -->By.xpath: //button[text()='Sign Out'] <-- was found
